2025-08-24 00:39:08,908 [ERROR] LogOutputStream:75 - [STDERR_REDIRECT] 
2025-08-24 11:28:17,077 [INFO] Activator:176 - 


2025-08-24 11:28:17,081 [INFO] Activator:177 - !SESSION log4j initialized
2025-08-24 11:28:33,888 [INFO] LogOutputStream:77 - [STDOUT_REDIRECT] 
2025-08-24 11:28:37,528 [INFO] ApplicationProperties:184 - Using Application install path: /home/uttkarsh_8/st/stm32cubeide_1.19.0_2/plugins/com.st.stm32cube.common.mx_6.15.0.202507011659
2025-08-24 11:28:37,583 [INFO] DbMcusXml:78 - Set database path to: /home/uttkarsh_8/st/stm32cubeide_1.19.0_2/plugins/com.st.stm32cube.common.mx_6.15.0.202507011659//db//mcu/
2025-08-24 11:28:37,584 [INFO] ApiDb:274 - Set plugin database path to: /home/uttkarsh_8/st/stm32cubeide_1.19.0_2/plugins/com.st.stm32cube.common.mx_6.15.0.202507011659//db//plugins/boardmanager/
2025-08-24 11:28:37,585 [WARN] ApiDb:259 - Overriding images path with different value:  => /home/uttkarsh_8/st/stm32cubeide_1.19.0_2/plugins/com.st.stm32cube.common.mx_6.15.0.202507011659//db//plugins/mcufinder/images/
2025-08-24 11:28:37,603 [INFO] ApiDb:250 - Set database path to: /home/uttkarsh_8/.stmcufinder/plugins/mcufinder//mcu/
2025-08-24 11:28:37,606 [INFO] DbMcusAds:125 - Set database path to: /home/uttkarsh_8/.stmcufinder/plugins/mcufinder//mcu/
2025-08-24 11:28:37,612 [INFO] CrossReferenceDbSqlite:203 - Set database path to: /home/uttkarsh_8/.stmcufinder/plugins/mcufinder//mcu/cs/
2025-08-24 11:28:38,067 [INFO] RulesReader:64 - Compatibility file has been processed (317 Rules)
2025-08-24 11:28:38,298 [INFO] DbMcusXml:78 - Set database path to: /home/uttkarsh_8/st/stm32cubeide_1.19.0_2/plugins/com.st.stm32cube.common.mx_6.15.0.202507011659//db//mcu/
2025-08-24 11:28:38,298 [INFO] ApiDb:274 - Set plugin database path to: /home/uttkarsh_8/st/stm32cubeide_1.19.0_2/plugins/com.st.stm32cube.common.mx_6.15.0.202507011659//db//plugins/boardmanager/
2025-08-24 11:28:38,299 [INFO] ApiDb:261 - Set plugin images path to: /home/uttkarsh_8/st/stm32cubeide_1.19.0_2/plugins/com.st.stm32cube.common.mx_6.15.0.202507011659//db//plugins/mcufinder/images/
2025-08-24 11:28:38,300 [WARN] DbFile:41 - Overriding database path with different value: /home/uttkarsh_8/.stmcufinder/plugins/mcufinder/ => /home/uttkarsh_8/.stmcufinder/plugins/mcufinder
2025-08-24 11:28:38,300 [INFO] ApiDb:250 - Set database path to: /home/uttkarsh_8/.stmcufinder/plugins/mcufinder//mcu/
2025-08-24 11:28:38,300 [WARN] DbFile:41 - Overriding database path with different value: /home/uttkarsh_8/.stmcufinder/plugins/mcufinder/ => /home/uttkarsh_8/.stmcufinder/plugins/mcufinder
2025-08-24 11:28:38,301 [INFO] DbMcusAds:125 - Set database path to: /home/uttkarsh_8/.stmcufinder/plugins/mcufinder//mcu/
2025-08-24 11:28:38,301 [WARN] DbFile:41 - Overriding database path with different value: /home/uttkarsh_8/.stmcufinder/plugins/mcufinder/ => /home/uttkarsh_8/.stmcufinder/plugins/mcufinder
2025-08-24 11:28:38,301 [WARN] DbFile:41 - Overriding database path with different value: /home/uttkarsh_8/.stmcufinder/plugins/mcufinder/ => /home/uttkarsh_8/.stmcufinder/plugins/mcufinder
2025-08-24 11:28:38,301 [INFO] CrossReferenceDbSqlite:203 - Set database path to: /home/uttkarsh_8/.stmcufinder/plugins/mcufinder//mcu/cs/
2025-08-24 11:28:38,523 [INFO] MainPanel:274 - HeapMemory: 230686720
2025-08-24 11:28:38,913 [INFO] DbMcusXml:78 - Set database path to: /home/uttkarsh_8/st/stm32cubeide_1.19.0_2/plugins/com.st.stm32cube.common.mx_6.15.0.202507011659//db//mcu/
2025-08-24 11:28:38,914 [INFO] ApiDb:274 - Set plugin database path to: /home/uttkarsh_8/st/stm32cubeide_1.19.0_2/plugins/com.st.stm32cube.common.mx_6.15.0.202507011659//db//plugins/boardmanager/
2025-08-24 11:28:38,914 [INFO] ApiDb:261 - Set plugin images path to: /home/uttkarsh_8/st/stm32cubeide_1.19.0_2/plugins/com.st.stm32cube.common.mx_6.15.0.202507011659//db//plugins/mcufinder/images/
2025-08-24 11:28:38,915 [WARN] DbFile:41 - Overriding database path with different value: /home/uttkarsh_8/.stmcufinder/plugins/mcufinder/ => /home/uttkarsh_8/.stmcufinder/plugins/mcufinder
2025-08-24 11:28:38,915 [INFO] ApiDb:250 - Set database path to: /home/uttkarsh_8/.stmcufinder/plugins/mcufinder//mcu/
2025-08-24 11:28:38,916 [WARN] DbFile:41 - Overriding database path with different value: /home/uttkarsh_8/.stmcufinder/plugins/mcufinder/ => /home/uttkarsh_8/.stmcufinder/plugins/mcufinder
2025-08-24 11:28:38,916 [INFO] DbMcusAds:125 - Set database path to: /home/uttkarsh_8/.stmcufinder/plugins/mcufinder//mcu/
2025-08-24 11:28:38,916 [WARN] DbFile:41 - Overriding database path with different value: /home/uttkarsh_8/.stmcufinder/plugins/mcufinder/ => /home/uttkarsh_8/.stmcufinder/plugins/mcufinder
2025-08-24 11:28:38,916 [WARN] DbFile:41 - Overriding database path with different value: /home/uttkarsh_8/.stmcufinder/plugins/mcufinder/ => /home/uttkarsh_8/.stmcufinder/plugins/mcufinder
2025-08-24 11:28:38,917 [INFO] CrossReferenceDbSqlite:203 - Set database path to: /home/uttkarsh_8/.stmcufinder/plugins/mcufinder//mcu/cs/
2025-08-24 11:28:38,961 [INFO] ApplicationProperties:184 - Using Application install path: /home/uttkarsh_8/st/stm32cubeide_1.19.0_2/plugins/com.st.stm32cube.common.mx_6.15.0.202507011659
2025-08-24 11:28:38,966 [INFO] PluginManage:196 - Search for loadable plugins [exclusion list=, ]
2025-08-24 11:28:38,970 [INFO] PluginManage:310 - Check plugin analytics
2025-08-24 11:28:39,583 [INFO] AnalyticsPlugin:253 - Accepted Software Licenses: 
2025-08-24 11:28:39,583 [INFO] AnalyticsPlugin:255 - Accepted CMSIS Pack Licenses: 
2025-08-24 11:28:39,584 [INFO] AnalyticsPlugin:257 - Accepted Firmware Licenses: 
2025-08-24 11:28:39,591 [INFO] PluginManage:359 - Loaded plugin analytics (category:tool,tabindex:-1)
2025-08-24 11:28:39,592 [INFO] PluginManage:310 - Check plugin cadmodel
2025-08-24 11:28:39,605 [INFO] CADModel:105 - Init CAD model plugin
2025-08-24 11:28:39,606 [INFO] PluginManage:359 - Loaded plugin cadmodel (category:power,tabindex:5)
2025-08-24 11:28:39,607 [INFO] PluginManage:310 - Check plugin clock
2025-08-24 11:28:39,636 [INFO] PluginManage:359 - Loaded plugin clock (category:base,tabindex:2)
2025-08-24 11:28:39,637 [INFO] PluginManage:310 - Check plugin ddr
2025-08-24 11:28:39,643 [INFO] PluginManage:359 - Loaded plugin ddr (category:tool,tabindex:6)
2025-08-24 11:28:39,644 [INFO] PluginManage:310 - Check plugin filemanager
2025-08-24 11:28:40,125 [INFO] PluginManage:359 - Loaded plugin filemanager (category:base,tabindex:10)
2025-08-24 11:28:40,125 [INFO] PluginManage:310 - Check plugin ipmanager
2025-08-24 11:28:40,141 [INFO] PluginManage:359 - Loaded plugin ipmanager (category:base,tabindex:5)
2025-08-24 11:28:40,141 [INFO] PluginManage:310 - Check plugin lpbam
2025-08-24 11:28:40,169 [INFO] PluginManage:359 - Loaded plugin lpbam (category:base,tabindex:0)
2025-08-24 11:28:40,169 [INFO] PluginManage:310 - Check plugin memorymap
2025-08-24 11:28:40,202 [INFO] PluginManage:359 - Loaded plugin memorymap (category:base,tabindex:4)
2025-08-24 11:28:40,203 [INFO] PluginManage:310 - Check plugin pinoutandconfiguration
2025-08-24 11:28:40,230 [INFO] PluginManage:359 - Loaded plugin pinoutandconfiguration (category:base,tabindex:1)
2025-08-24 11:28:40,231 [INFO] PluginManage:310 - Check plugin pinoutconfig
2025-08-24 11:28:40,469 [WARN] SupportedApi:132 - Cannot load RTOS API schema: s4s-elt-must-match.1: The content of 'definitions' must match (annotation?, (simpleType | complexType)?, (unique | key | keyref)*)). A problem was found starting at: attribute.
2025-08-24 11:28:40,842 [INFO] PluginManage:359 - Loaded plugin pinoutconfig (category:base,tabindex:0)
2025-08-24 11:28:40,843 [INFO] PluginManage:310 - Check plugin power
2025-08-24 11:28:40,866 [INFO] PluginManage:359 - Loaded plugin power (category:power,tabindex:4)
2025-08-24 11:28:40,867 [INFO] PluginManage:310 - Check plugin projectmanager
2025-08-24 11:28:40,910 [INFO] PluginManage:359 - Loaded plugin projectmanager (category:projectmanager,tabindex:4)
2025-08-24 11:28:40,911 [INFO] PluginManage:310 - Check plugin rif
2025-08-24 11:28:40,935 [INFO] PluginManage:359 - Loaded plugin rif (category:base,tabindex:3)
2025-08-24 11:28:40,936 [INFO] PluginManage:310 - Check plugin thirdparty
2025-08-24 11:28:41,265 [INFO] PluginManage:359 - Loaded plugin thirdparty (category:base,tabindex:-1)
2025-08-24 11:28:41,266 [INFO] PluginManage:310 - Check plugin tools
2025-08-24 11:28:41,267 [WARN] IntegrityCheckThread:84 - waiting for thirdparty lock release [integrity check]
2025-08-24 11:28:41,268 [INFO] IntegrityCheckThread:86 - entering critical section [integrity check]
2025-08-24 11:28:41,271 [INFO] ThirdPartyUpdaterWithRetryManager:70 - Updater plugin not ready yet. [1/15]
2025-08-24 11:28:41,276 [INFO] PluginManage:359 - Loaded plugin tools (category:base,tabindex:7)
2025-08-24 11:28:41,277 [INFO] PluginManage:310 - Check plugin tutovideos
2025-08-24 11:28:41,803 [INFO] PluginManage:359 - Loaded plugin tutovideos (category:base,tabindex:-1)
2025-08-24 11:28:41,804 [INFO] PluginManage:310 - Check plugin updater
2025-08-24 11:28:41,875 [INFO] PluginManage:359 - Loaded plugin updater (category:base,tabindex:12)
2025-08-24 11:28:41,876 [INFO] PluginManage:310 - Check plugin userauth
2025-08-24 11:28:41,888 [INFO] UserAuth:118 - Init User Auth plugin
2025-08-24 11:28:41,891 [INFO] PluginManage:359 - Loaded plugin userauth (category:base,tabindex:14)
2025-08-24 11:28:41,892 [INFO] PluginManage:283 - PluginManage : Loaded plugins [18]
2025-08-24 11:28:42,273 [INFO] PinOutPanel:1589 - setPackage(No Configuration,No Configuration)
2025-08-24 11:28:42,426 [INFO] CADModel:165 - CPN selected for project level
2025-08-24 11:28:42,427 [INFO] CADModel:114 - Register for checkConnection events
2025-08-24 11:28:42,464 [INFO] IPUIPlugin:80 - create IPUIPlugin
2025-08-24 11:28:42,464 [INFO] PluginManager:220 - loadIPPluginJar : add adc
2025-08-24 11:28:42,470 [INFO] IPUIPlugin:80 - create IPUIPlugin
2025-08-24 11:28:42,471 [INFO] PluginManager:220 - loadIPPluginJar : add aes
2025-08-24 11:28:42,477 [INFO] IPUIPlugin:80 - create IPUIPlugin
2025-08-24 11:28:42,477 [INFO] PluginManager:220 - loadIPPluginJar : add can
2025-08-24 11:28:42,480 [INFO] IPUIPlugin:80 - create IPUIPlugin
2025-08-24 11:28:42,481 [INFO] PluginManager:220 - loadIPPluginJar : add comp
2025-08-24 11:28:42,485 [INFO] IPUIPlugin:80 - create IPUIPlugin
2025-08-24 11:28:42,486 [INFO] PluginManager:220 - loadIPPluginJar : add cryp
2025-08-24 11:28:42,494 [INFO] IPUIPlugin:80 - create IPUIPlugin
2025-08-24 11:28:42,495 [INFO] PluginManager:220 - loadIPPluginJar : add ddr_ctrl_phy
2025-08-24 11:28:42,500 [INFO] IPUIPlugin:80 - create IPUIPlugin
2025-08-24 11:28:42,501 [INFO] PluginManager:220 - loadIPPluginJar : add dfsdm
2025-08-24 11:28:42,517 [INFO] IPUIPlugin:80 - create IPUIPlugin
2025-08-24 11:28:42,518 [INFO] PluginManager:220 - loadIPPluginJar : add dma
2025-08-24 11:28:42,525 [INFO] IPUIPlugin:80 - create IPUIPlugin
2025-08-24 11:28:42,525 [INFO] PluginManager:220 - loadIPPluginJar : add dma3
2025-08-24 11:28:42,531 [INFO] IPUIPlugin:80 - create IPUIPlugin
2025-08-24 11:28:42,532 [INFO] PluginManager:220 - loadIPPluginJar : add extmemmanager
2025-08-24 11:28:42,535 [INFO] IPUIPlugin:80 - create IPUIPlugin
2025-08-24 11:28:42,535 [INFO] PluginManager:220 - loadIPPluginJar : add fatfs
2025-08-24 11:28:42,545 [INFO] IPUIPlugin:80 - create IPUIPlugin
2025-08-24 11:28:42,546 [INFO] PluginManager:220 - loadIPPluginJar : add fmc
2025-08-24 11:28:42,565 [INFO] IPUIPlugin:80 - create IPUIPlugin
2025-08-24 11:28:42,567 [INFO] PluginManager:220 - loadIPPluginJar : add freertos
2025-08-24 11:28:42,570 [INFO] IPUIPlugin:80 - create IPUIPlugin
2025-08-24 11:28:42,570 [INFO] PluginManager:220 - loadIPPluginJar : add genericplugin
2025-08-24 11:28:42,575 [INFO] IPUIPlugin:80 - create IPUIPlugin
2025-08-24 11:28:42,575 [INFO] PluginManager:220 - loadIPPluginJar : add gfxmmu
2025-08-24 11:28:42,591 [INFO] IPUIPlugin:80 - create IPUIPlugin
2025-08-24 11:28:42,592 [INFO] PluginManager:220 - loadIPPluginJar : add gic
2025-08-24 11:28:42,602 [INFO] IPUIPlugin:80 - create IPUIPlugin
2025-08-24 11:28:42,602 [INFO] PluginManager:220 - loadIPPluginJar : add gpio
2025-08-24 11:28:42,610 [INFO] IPUIPlugin:80 - create IPUIPlugin
2025-08-24 11:28:42,610 [INFO] PluginManager:220 - loadIPPluginJar : add gtzc
2025-08-24 11:28:42,615 [INFO] IPUIPlugin:80 - create IPUIPlugin
2025-08-24 11:28:42,615 [INFO] PluginManager:220 - loadIPPluginJar : add hash
2025-08-24 11:28:42,621 [INFO] IPUIPlugin:80 - create IPUIPlugin
2025-08-24 11:28:42,621 [INFO] PluginManager:220 - loadIPPluginJar : add i2c
2025-08-24 11:28:42,626 [INFO] IPUIPlugin:80 - create IPUIPlugin
2025-08-24 11:28:42,627 [INFO] PluginManager:220 - loadIPPluginJar : add i2s
2025-08-24 11:28:42,633 [INFO] IPUIPlugin:80 - create IPUIPlugin
2025-08-24 11:28:42,634 [INFO] PluginManager:220 - loadIPPluginJar : add i3c
2025-08-24 11:28:42,643 [INFO] IPUIPlugin:80 - create IPUIPlugin
2025-08-24 11:28:42,644 [INFO] PluginManager:220 - loadIPPluginJar : add ipddr
2025-08-24 11:28:42,663 [INFO] IPUIPlugin:80 - create IPUIPlugin
2025-08-24 11:28:42,663 [INFO] PluginManager:220 - loadIPPluginJar : add linkedlist
2025-08-24 11:28:42,668 [INFO] IPUIPlugin:80 - create IPUIPlugin
2025-08-24 11:28:42,669 [INFO] PluginManager:220 - loadIPPluginJar : add lorawan
2025-08-24 11:28:42,671 [INFO] IPUIPlugin:80 - create IPUIPlugin
2025-08-24 11:28:42,672 [INFO] PluginManager:220 - loadIPPluginJar : add ltdc
2025-08-24 11:28:42,685 [INFO] IPUIPlugin:80 - create IPUIPlugin
2025-08-24 11:28:42,686 [INFO] PluginManager:220 - loadIPPluginJar : add mdma
2025-08-24 11:28:42,694 [INFO] IPUIPlugin:80 - create IPUIPlugin
2025-08-24 11:28:42,695 [INFO] PluginManager:220 - loadIPPluginJar : add nvic
2025-08-24 11:28:42,702 [INFO] IPUIPlugin:80 - create IPUIPlugin
2025-08-24 11:28:42,702 [INFO] PluginManager:220 - loadIPPluginJar : add opamp
2025-08-24 11:28:42,710 [INFO] IPUIPlugin:80 - create IPUIPlugin
2025-08-24 11:28:42,711 [INFO] PluginManager:220 - loadIPPluginJar : add openamp
2025-08-24 11:28:42,718 [INFO] IPUIPlugin:80 - create IPUIPlugin
2025-08-24 11:28:42,718 [INFO] PluginManager:220 - loadIPPluginJar : add pdm2pcm
2025-08-24 11:28:42,736 [INFO] IPUIPlugin:80 - create IPUIPlugin
2025-08-24 11:28:42,743 [INFO] PluginManager:220 - loadIPPluginJar : add plateformsettings
2025-08-24 11:28:42,746 [INFO] IPUIPlugin:80 - create IPUIPlugin
2025-08-24 11:28:42,746 [INFO] PluginManager:220 - loadIPPluginJar : add quadspi
2025-08-24 11:28:42,750 [INFO] IPUIPlugin:80 - create IPUIPlugin
2025-08-24 11:28:42,752 [INFO] PluginManager:220 - loadIPPluginJar : add radio
2025-08-24 11:28:42,761 [INFO] IPUIPlugin:80 - create IPUIPlugin
2025-08-24 11:28:42,762 [INFO] PluginManager:220 - loadIPPluginJar : add resmgrutility
2025-08-24 11:28:42,769 [INFO] IPUIPlugin:80 - create IPUIPlugin
2025-08-24 11:28:42,769 [INFO] PluginManager:220 - loadIPPluginJar : add sai
2025-08-24 11:28:42,775 [INFO] IPUIPlugin:80 - create IPUIPlugin
2025-08-24 11:28:42,775 [INFO] PluginManager:220 - loadIPPluginJar : add spi
2025-08-24 11:28:42,791 [INFO] IPUIPlugin:80 - create IPUIPlugin
2025-08-24 11:28:42,791 [INFO] PluginManager:220 - loadIPPluginJar : add stm32_wpan
2025-08-24 11:28:42,795 [INFO] IPUIPlugin:80 - create IPUIPlugin
2025-08-24 11:28:42,795 [INFO] PluginManager:220 - loadIPPluginJar : add tim
2025-08-24 11:28:42,802 [INFO] IPUIPlugin:80 - create IPUIPlugin
2025-08-24 11:28:42,803 [INFO] PluginManager:220 - loadIPPluginJar : add touchsensing
2025-08-24 11:28:42,807 [INFO] IPUIPlugin:80 - create IPUIPlugin
2025-08-24 11:28:42,808 [INFO] PluginManager:220 - loadIPPluginJar : add tracer_emb
2025-08-24 11:28:42,811 [INFO] IPUIPlugin:80 - create IPUIPlugin
2025-08-24 11:28:42,812 [INFO] PluginManager:220 - loadIPPluginJar : add ts
2025-08-24 11:28:42,815 [INFO] IPUIPlugin:80 - create IPUIPlugin
2025-08-24 11:28:42,815 [INFO] PluginManager:220 - loadIPPluginJar : add tsc
2025-08-24 11:28:42,821 [INFO] IPUIPlugin:80 - create IPUIPlugin
2025-08-24 11:28:42,821 [INFO] PluginManager:220 - loadIPPluginJar : add ucpd
2025-08-24 11:28:42,827 [INFO] IPUIPlugin:80 - create IPUIPlugin
2025-08-24 11:28:42,828 [INFO] PluginManager:220 - loadIPPluginJar : add usart
2025-08-24 11:28:42,834 [INFO] IPUIPlugin:80 - create IPUIPlugin
2025-08-24 11:28:42,835 [INFO] PluginManager:220 - loadIPPluginJar : add usbx
2025-08-24 11:28:42,979 [FATAL] Updater:351 - Updater called before beeing initialized
2025-08-24 11:28:43,057 [INFO] RulesReader:64 - Compatibility file has been processed (317 Rules)
2025-08-24 11:28:43,100 [INFO] RulesReader:64 - Compatibility file has been processed (317 Rules)
2025-08-24 11:28:43,126 [INFO] CADModel:165 - CPN selected for project level
2025-08-24 11:28:43,126 [INFO] CADModel:114 - Register for checkConnection events
2025-08-24 11:28:43,126 [FATAL] Updater:351 - Updater called before beeing initialized
2025-08-24 11:28:43,127 [ERROR] CADModel:125 - Updater not yet initialized, retry later 
2025-08-24 11:28:43,511 [FATAL] Updater:351 - Updater called before beeing initialized
2025-08-24 11:28:43,514 [INFO] CADModel:165 - CPN selected for project level
2025-08-24 11:28:43,515 [INFO] CADModel:114 - Register for checkConnection events
2025-08-24 11:28:43,515 [FATAL] Updater:351 - Updater called before beeing initialized
2025-08-24 11:28:43,515 [ERROR] CADModel:125 - Updater not yet initialized, retry later 
2025-08-24 11:28:43,523 [FATAL] Updater:351 - Updater called before beeing initialized
2025-08-24 11:28:43,897 [FATAL] Updater:351 - Updater called before beeing initialized
2025-08-24 11:28:43,907 [INFO] DbMcusAds:53 - JSON generation date=Tue Jul 08 13:44:23 IST 2025 (1751962463582)
2025-08-24 11:28:43,907 [FATAL] Updater:351 - Updater called before beeing initialized
2025-08-24 11:28:44,008 [WARN] DetailPanel:346 - Failed to get advertising image, set to default
2025-08-24 11:28:44,196 [FATAL] Updater:351 - Updater called before beeing initialized
2025-08-24 11:28:44,199 [FATAL] Updater:351 - Updater called before beeing initialized
2025-08-24 11:28:44,199 [FATAL] Updater:351 - Updater called before beeing initialized
2025-08-24 11:28:44,199 [WARN] DetailPanel:346 - Failed to get advertising image, set to default
2025-08-24 11:28:44,201 [FATAL] Updater:351 - Updater called before beeing initialized
2025-08-24 11:28:44,251 [ERROR] Updater:1198 - MainUpdater not yet initialized. External WinMGr cannot be set.
2025-08-24 11:28:44,254 [INFO] Updater:1134 - Updater Version found : 6.15.0
2025-08-24 11:28:44,272 [INFO] ThirdPartyUpdaterWithRetryManager:70 - Updater plugin not ready yet. [2/15]
2025-08-24 11:28:44,287 [INFO] ApplicationProperties:184 - Using Application install path: /home/uttkarsh_8/st/stm32cubeide_1.19.0_2/plugins/com.st.stm32cube.common.mx_6.15.0.202507011659
2025-08-24 11:28:45,360 [INFO] MainUpdater:2872 - connection check result : 10
2025-08-24 11:28:45,361 [INFO] MainUpdater:3604 - Updater definition file requires update
2025-08-24 11:28:45,362 [INFO] MainUpdater:289 - Updater Check For Update Now.
2025-08-24 11:28:45,362 [INFO] MicroXplorer:498 - Change Database Version : DB.6.0.150
2025-08-24 11:28:45,370 [INFO] McuFinderGlobals:63 - Set McuFinder mode to 2 (CubeIDE integrated)
2025-08-24 11:28:45,371 [INFO] UserAuth:487 - Internet connection configuration mode: 1
2025-08-24 11:28:45,403 [INFO] JxBrowserEngine:152 - Initiate JxBrowser Engine with user profile folder
2025-08-24 11:28:46,140 [INFO] ServerAccessManage:452 - Complete download http(s) 200
2025-08-24 11:28:46,144 [INFO] ServerAccessManage:509 - Download File updaters.zip
2025-08-24 11:28:46,440 [INFO] FileExtend:248 - Unzip File : updaters.zip
2025-08-24 11:28:46,440 [INFO] FileExtend:263 - Standard Zip Deflate
2025-08-24 11:28:47,003 [INFO] ServerAccessManage:452 - Complete download http(s) 200
2025-08-24 11:28:47,012 [INFO] ServerAccessManage:509 - Download File PacksControlFlags.xml
2025-08-24 11:28:47,300 [WARN] MainUpdater:1193 - Updater busy. Cannot search thirdparties
2025-08-24 11:28:47,300 [INFO] ThirdPartyUpdaterWithRetryManager:96 - Updater plugin is busy. [1/15]
2025-08-24 11:28:47,386 [INFO] ServerAccessManage:452 - Complete download http(s) 200
2025-08-24 11:28:47,387 [INFO] ServerAccessManage:509 - Download File cubemx.pidx
2025-08-24 11:28:47,813 [INFO] LoadServerUpdatesThread:375 - End of LoadServerUpdate Thread
2025-08-24 11:28:48,011 [INFO] WebApp:169 - Instantiating new browser for Auth
2025-08-24 11:28:48,140 [INFO] CheckServerUpdateThread:120 - End of CheckServer Thread
2025-08-24 11:28:49,517 [INFO] WebApp:463 - Apply proxy settings
2025-08-24 11:28:49,518 [INFO] WebApp:548 - Chromium requires no authentication
2025-08-24 11:28:49,532 [INFO] WebApp:491 - Direct internet connection detected
2025-08-24 11:28:49,576 [INFO] WebApp:900 - Register for checkConnection events
2025-08-24 11:28:49,578 [INFO] WebApp:463 - Apply proxy settings
2025-08-24 11:28:49,578 [INFO] WebApp:548 - Chromium requires no authentication
2025-08-24 11:28:49,580 [INFO] WebApp:491 - Direct internet connection detected
2025-08-24 11:28:49,887 [INFO] WebApp:225 - Starting web application
2025-08-24 11:28:49,887 [INFO] WebApp:593 - Web application path used /home/uttkarsh_8/st/stm32cubeide_1.19.0_2/plugins/com.st.stm32cube.common.mx_6.15.0.202507011659/db/plugins/mcufinder/reactClient1/index.html
2025-08-24 11:28:50,084 [INFO] UserAuth:487 - Internet connection configuration mode: 1
2025-08-24 11:28:50,609 [WARN] PackLoader:240 - Cannot read IP mode file for STMicroelectronics.FP-SNS-MOTENVWB1.1.4.0
2025-08-24 11:28:50,624 [WARN] PackLoader:240 - Cannot read IP mode file for STMicroelectronics.FP-ATR-ASTRA1.2.0.2
2025-08-24 11:28:50,638 [WARN] PackLoader:240 - Cannot read IP mode file for STMicroelectronics.X-CUBE-SMBUS.2.1.0
2025-08-24 11:28:50,649 [WARN] PackLoader:240 - Cannot read IP mode file for STMicroelectronics.X-CUBE-ST60.1.0.0
2025-08-24 11:28:50,715 [WARN] PackLoader:240 - Cannot read IP mode file for STMicroelectronics.X-CUBE-AZRTOS-F7.1.1.0
2025-08-24 11:28:50,777 [WARN] PackLoader:240 - Cannot read IP mode file for Infineon.AIROC-Wi-Fi-Bluetooth-STM32.1.7.1
2025-08-24 11:28:50,940 [WARN] PackLoader:240 - Cannot read IP mode file for STMicroelectronics.X-CUBE-AZRTOS-H7.3.4.0
2025-08-24 11:28:50,985 [WARN] PackLoader:240 - Cannot read IP mode file for STMicroelectronics.X-CUBE-DISPLAY.3.0.0
2025-08-24 11:28:51,014 [WARN] PackLoader:240 - Cannot read IP mode file for STMicroelectronics.X-CUBE-NFC10.1.0.0
2025-08-24 11:28:51,032 [WARN] PackLoader:240 - Cannot read IP mode file for emotas.I-CUBE-CANOPEN.1.3.0
2025-08-24 11:28:51,051 [WARN] PackLoader:240 - Cannot read IP mode file for STMicroelectronics.FP-SNS-STBOX1.2.1.0
2025-08-24 11:28:51,065 [WARN] PackLoader:240 - Cannot read IP mode file for STMicroelectronics.FP-SNS-SMARTAG2.1.2.0
2025-08-24 11:28:51,077 [WARN] PackLoader:240 - Cannot read IP mode file for STMicroelectronics.FP-SNS-FLIGHT1.5.1.0
2025-08-24 11:28:51,077 [INFO] WebApp:191 - Connection restablished
2025-08-24 11:28:51,103 [INFO] LogOutputStream:77 - [STDOUT_REDIRECT] 1 : Invalid condition id : UX_CORESTACK_Condition cause : null
2025-08-24 11:28:51,104 [INFO] LogOutputStream:77 - [STDOUT_REDIRECT] 1 : Invalid condition id : UX_CORESTACK_Condition cause : null
2025-08-24 11:28:51,105 [INFO] LogOutputStream:77 - [STDOUT_REDIRECT] 1 : Invalid condition id : UX_CORESTACK_Condition cause : null
2025-08-24 11:28:51,106 [INFO] LogOutputStream:77 - [STDOUT_REDIRECT] 1 : Invalid condition id : UX_CORESTACK_Condition cause : null
2025-08-24 11:28:51,106 [INFO] LogOutputStream:77 - [STDOUT_REDIRECT] 1 : Invalid condition id : UX_CORESTACK_Condition cause : null
2025-08-24 11:28:51,117 [WARN] PackLoader:240 - Cannot read IP mode file for STMicroelectronics.X-CUBE-AZRTOS-WL.2.0.0
2025-08-24 11:28:51,133 [WARN] PackLoader:240 - Cannot read IP mode file for STMicroelectronics.FP-SNS-MOTENV1.5.0.0
2025-08-24 11:28:51,170 [WARN] PackLoader:240 - Cannot read IP mode file for STMicroelectronics.X-CUBE-BLE2.3.3.0
2025-08-24 11:28:51,198 [WARN] PackLoader:240 - Cannot read IP mode file for STMicroelectronics.X-CUBE-NFC9.1.0.0
2025-08-24 11:28:51,217 [WARN] PackLoader:240 - Cannot read IP mode file for wolfSSL.I-CUBE-wolfSSL.5.8.2
2025-08-24 11:28:51,230 [WARN] PackLoader:240 - Cannot read IP mode file for STMicroelectronics.X-CUBE-BLE1.7.1.0
2025-08-24 11:28:51,244 [WARN] PackLoader:240 - Cannot read IP mode file for wolfSSL.I-CUBE-wolfMQTT.1.19.2
2025-08-24 11:28:51,261 [WARN] PackLoader:240 - Cannot read IP mode file for STMicroelectronics.X-CUBE-EEPRMA1.5.2.0
2025-08-24 11:28:51,313 [WARN] PackLoader:240 - Cannot read IP mode file for STMicroelectronics.X-CUBE-AZRTOS-G0.1.1.0
2025-08-24 11:28:51,337 [WARN] PackLoader:240 - Cannot read IP mode file for STMicroelectronics.X-CUBE-SAFEA1.1.2.2
2025-08-24 11:28:51,376 [WARN] PackLoader:240 - Cannot read IP mode file for STMicroelectronics.X-CUBE-NFC4.3.0.0
2025-08-24 11:28:51,413 [WARN] PackLoader:240 - Cannot read IP mode file for EmbeddedOffice.I-CUBE-FS-RTOS.1.0.1
2025-08-24 11:28:51,430 [WARN] PackLoader:240 - Cannot read IP mode file for STMicroelectronics.X-CUBE-WB05N.2.0.0
2025-08-24 11:28:51,443 [WARN] PackLoader:240 - Cannot read IP mode file for wolfSSL.I-CUBE-wolfTPM.3.8.0
2025-08-24 11:28:51,461 [WARN] PackLoader:240 - Cannot read IP mode file for STMicroelectronics.X-CUBE-TCPP.4.2.0
2025-08-24 11:28:51,488 [WARN] PackLoader:240 - Cannot read IP mode file for RealThread.X-CUBE-RT-Thread_Nano.4.1.1
2025-08-24 11:28:51,498 [WARN] PackLoader:240 - Cannot read IP mode file for STMicroelectronics.FP-ATR-SIGFOX1.3.2.0
2025-08-24 11:28:51,515 [WARN] PackLoader:240 - Cannot read IP mode file for STMicroelectronics.X-CUBE-ST67W61.1.0.0
2025-08-24 11:28:51,523 [WARN] PackLoader:240 - Cannot read IP mode file for STMicroelectronics.X-CUBE-AI.10.2.0
2025-08-24 11:28:51,640 [WARN] PackLoader:240 - Cannot read IP mode file for SEGGER.I-CUBE-embOS.1.3.1
2025-08-24 11:28:51,793 [WARN] PackLoader:240 - Cannot read IP mode file for STMicroelectronics.X-CUBE-ALGOBUILD.1.4.0
2025-08-24 11:28:51,983 [WARN] PackLoader:240 - Cannot read IP mode file for STMicroelectronics.X-CUBE-MEMS1.11.3.0
2025-08-24 11:28:52,385 [WARN] PackLoader:240 - Cannot read IP mode file for STMicroelectronics.X-CUBE-PM33A1.1.0.0
2025-08-24 11:28:52,432 [WARN] PackLoader:240 - Cannot read IP mode file for STMicroelectronics.X-CUBE-AZRTOS-F4.1.1.0
2025-08-24 11:28:52,443 [WARN] PackLoader:240 - Cannot read IP mode file for Avnet-IotConnect.X-CUBE-IoTC-DA16k-PMOD.1.0.0
2025-08-24 11:28:52,451 [WARN] PackLoader:240 - Cannot read IP mode file for STMicroelectronics.X-CUBE-ISPU.2.1.0
2025-08-24 11:28:52,472 [WARN] PackLoader:240 - Cannot read IP mode file for STMicroelectronics.X-CUBE-NFC12.1.0.0
2025-08-24 11:28:52,522 [WARN] PackLoader:240 - Cannot read IP mode file for STMicroelectronics.X-CUBE-AZRTOS-L5.2.0.0
2025-08-24 11:28:52,546 [WARN] PackLoader:240 - Cannot read IP mode file for STMicroelectronics.X-CUBE-NFC6.3.1.0
2025-08-24 11:28:52,562 [WARN] PackLoader:240 - Cannot read IP mode file for STMicroelectronics.X-CUBE-FREERTOS.1.3.1
2025-08-24 11:28:52,572 [WARN] PackLoader:240 - Cannot read IP mode file for STMicroelectronics.FP-SNS-STAIOTCFT.1.0.0
2025-08-24 11:28:52,584 [WARN] PackLoader:240 - Cannot read IP mode file for STMicroelectronics.X-CUBE-DPower.1.3.0
2025-08-24 11:28:52,686 [WARN] ConditionMgr:438 - getConditionDescription Invalid condition id : LAN8742 Phy interface Condition cause : null
2025-08-24 11:28:52,691 [WARN] PackLoader:240 - Cannot read IP mode file for STMicroelectronics.X-CUBE-AZRTOS-L4.2.0.0
2025-08-24 11:28:52,697 [WARN] ConditionMgr:1044 - genDependencies : Invalid condition id : LAN8742 Phy interface Condition cause : null
2025-08-24 11:28:52,698 [WARN] ConditionMgr:1044 - genDependencies : Invalid condition id : LAN8742 Phy interface Condition cause : null
2025-08-24 11:28:52,703 [WARN] ConditionMgr:1044 - genDependencies : Invalid condition id : LAN8742 Phy interface Condition cause : null
2025-08-24 11:28:52,739 [WARN] PackLoader:240 - Cannot read IP mode file for STMicroelectronics.X-CUBE-SFXS2LP1.4.0.0
2025-08-24 11:28:52,941 [WARN] PackLoader:240 - Cannot read IP mode file for STMicroelectronics.X-CUBE-BLEMGR.4.1.0
2025-08-24 11:28:53,014 [WARN] ConditionMgr:438 - getConditionDescription Invalid condition id : UX DEVICE CLASS RTOS Condition cause : null
2025-08-24 11:28:53,015 [WARN] ConditionMgr:438 - getConditionDescription Invalid condition id : UX DEVICE CLASS RTOS Condition cause : null
2025-08-24 11:28:53,025 [WARN] PackLoader:240 - Cannot read IP mode file for STMicroelectronics.X-CUBE-AZRTOS-WB.2.0.0
2025-08-24 11:28:53,029 [WARN] ConditionMgr:1044 - genDependencies : Invalid condition id : UX DEVICE CLASS RTOS Condition cause : null
2025-08-24 11:28:53,030 [WARN] ConditionMgr:1044 - genDependencies : Invalid condition id : UX DEVICE CLASS RTOS Condition cause : null
2025-08-24 11:28:53,031 [WARN] ConditionMgr:1044 - genDependencies : Invalid condition id : UX DEVICE CLASS RTOS Condition cause : null
2025-08-24 11:28:53,032 [WARN] ConditionMgr:1044 - genDependencies : Invalid condition id : UX DEVICE CLASS RTOS Condition cause : null
2025-08-24 11:28:53,032 [WARN] ConditionMgr:1044 - genDependencies : Invalid condition id : UX DEVICE CLASS RTOS Condition cause : null
2025-08-24 11:28:53,067 [WARN] PackLoader:240 - Cannot read IP mode file for STMicroelectronics.X-CUBE-GNSS1.7.0.1
2025-08-24 11:28:53,149 [WARN] PackLoader:240 - Cannot read IP mode file for STMicroelectronics.X-CUBE-TOUCHGFX.4.25.0
2025-08-24 11:28:53,163 [WARN] ConditionMgr:438 - getConditionDescription Invalid condition id : Cortex-A Device cause : null
2025-08-24 11:28:53,216 [WARN] ConditionMgr:1044 - genDependencies : Invalid condition id : Cortex-A Device cause : null
2025-08-24 11:28:53,216 [WARN] ConditionMgr:1044 - genDependencies : Invalid condition id : Cortex-A Device cause : null
2025-08-24 11:28:53,218 [WARN] ConditionMgr:1044 - genDependencies : Invalid condition id : Cortex-A Device cause : null
2025-08-24 11:28:53,279 [WARN] PackLoader:240 - Cannot read IP mode file for STMicroelectronics.X-CUBE-SUBG2.5.0.0
2025-08-24 11:28:53,417 [WARN] PackLoader:240 - Cannot read IP mode file for STMicroelectronics.X-CUBE-AZRTOS-H7RS.1.1.0
2025-08-24 11:28:53,468 [WARN] PackLoader:240 - Cannot read IP mode file for Cesanta.I-CUBE-Mongoose.7.13.0
2025-08-24 11:28:53,585 [WARN] PackLoader:240 - Cannot read IP mode file for STMicroelectronics.X-CUBE-AZRTOS-G4.2.0.0
2025-08-24 11:28:53,598 [WARN] PackLoader:240 - Cannot read IP mode file for wolfSSL.I-CUBE-wolfSSH.1.4.20
2025-08-24 11:28:53,615 [WARN] PackLoader:240 - Cannot read IP mode file for STMicroelectronics.X-CUBE-NFC7.2.0.0
2025-08-24 11:28:53,688 [WARN] PackLoader:240 - Cannot read IP mode file for STMicroelectronics.X-CUBE-IPS.3.1.0
2025-08-24 11:28:53,728 [WARN] PackLoader:240 - Cannot read IP mode file for STMicroelectronics.X-CUBE-ALS.1.0.2
2025-08-24 11:28:53,743 [WARN] PackLoader:240 - Cannot read IP mode file for portGmbH.I-Cube-SoM-uGOAL.1.1.0
2025-08-24 11:28:53,787 [WARN] PackLoader:240 - Cannot read IP mode file for STMicroelectronics.X-CUBE-TOF1.3.4.3
2025-08-24 11:28:53,823 [INFO] ThirdParty:978 - Integrity check success = true
2025-08-24 11:28:53,824 [INFO] IntegrityCheckThread:100 - exiting critical section [integrity check]
2025-08-24 11:28:53,824 [INFO] IntegrityCheckThread:103 - End integrity checks thread
