2025-08-21 01:43:10,167 [INFO] Activator:176 - 


2025-08-21 01:43:10,173 [INFO] Activator:177 - !SESSION log4j initialized
2025-08-21 01:43:17,836 [INFO] LogOutputStream:77 - [STDOUT_REDIRECT] 
2025-08-21 01:43:19,285 [INFO] ApplicationProperties:184 - Using Application install path: /home/uttkarsh_8/st/stm32cubeide_1.19.0_2/plugins/com.st.stm32cube.common.mx_6.15.0.202507011659
2025-08-21 01:43:19,311 [INFO] DbMcusXml:78 - Set database path to: /home/uttkarsh_8/st/stm32cubeide_1.19.0_2/plugins/com.st.stm32cube.common.mx_6.15.0.202507011659//db//mcu/
2025-08-21 01:43:19,312 [INFO] ApiDb:274 - Set plugin database path to: /home/uttkarsh_8/st/stm32cubeide_1.19.0_2/plugins/com.st.stm32cube.common.mx_6.15.0.202507011659//db//plugins/boardmanager/
2025-08-21 01:43:19,312 [WARN] ApiDb:259 - Overriding images path with different value:  => /home/uttkarsh_8/st/stm32cubeide_1.19.0_2/plugins/com.st.stm32cube.common.mx_6.15.0.202507011659//db//plugins/mcufinder/images/
2025-08-21 01:43:19,320 [INFO] ApiDb:250 - Set database path to: /home/uttkarsh_8/.stmcufinder/plugins/mcufinder//mcu/
2025-08-21 01:43:19,321 [INFO] DbMcusAds:125 - Set database path to: /home/uttkarsh_8/.stmcufinder/plugins/mcufinder//mcu/
2025-08-21 01:43:19,324 [INFO] CrossReferenceDbSqlite:203 - Set database path to: /home/uttkarsh_8/.stmcufinder/plugins/mcufinder//mcu/cs/
2025-08-21 01:43:19,506 [INFO] RulesReader:64 - Compatibility file has been processed (317 Rules)
2025-08-21 01:43:19,594 [INFO] DbMcusXml:78 - Set database path to: /home/uttkarsh_8/st/stm32cubeide_1.19.0_2/plugins/com.st.stm32cube.common.mx_6.15.0.202507011659//db//mcu/
2025-08-21 01:43:19,595 [INFO] ApiDb:274 - Set plugin database path to: /home/uttkarsh_8/st/stm32cubeide_1.19.0_2/plugins/com.st.stm32cube.common.mx_6.15.0.202507011659//db//plugins/boardmanager/
2025-08-21 01:43:19,595 [INFO] ApiDb:261 - Set plugin images path to: /home/uttkarsh_8/st/stm32cubeide_1.19.0_2/plugins/com.st.stm32cube.common.mx_6.15.0.202507011659//db//plugins/mcufinder/images/
2025-08-21 01:43:19,595 [WARN] DbFile:41 - Overriding database path with different value: /home/uttkarsh_8/.stmcufinder/plugins/mcufinder/ => /home/uttkarsh_8/.stmcufinder/plugins/mcufinder
2025-08-21 01:43:19,596 [INFO] ApiDb:250 - Set database path to: /home/uttkarsh_8/.stmcufinder/plugins/mcufinder//mcu/
2025-08-21 01:43:19,596 [WARN] DbFile:41 - Overriding database path with different value: /home/uttkarsh_8/.stmcufinder/plugins/mcufinder/ => /home/uttkarsh_8/.stmcufinder/plugins/mcufinder
2025-08-21 01:43:19,596 [INFO] DbMcusAds:125 - Set database path to: /home/uttkarsh_8/.stmcufinder/plugins/mcufinder//mcu/
2025-08-21 01:43:19,596 [WARN] DbFile:41 - Overriding database path with different value: /home/uttkarsh_8/.stmcufinder/plugins/mcufinder/ => /home/uttkarsh_8/.stmcufinder/plugins/mcufinder
2025-08-21 01:43:19,596 [WARN] DbFile:41 - Overriding database path with different value: /home/uttkarsh_8/.stmcufinder/plugins/mcufinder/ => /home/uttkarsh_8/.stmcufinder/plugins/mcufinder
2025-08-21 01:43:19,596 [INFO] CrossReferenceDbSqlite:203 - Set database path to: /home/uttkarsh_8/.stmcufinder/plugins/mcufinder//mcu/cs/
2025-08-21 01:43:19,708 [INFO] MainPanel:274 - HeapMemory: 274726912
2025-08-21 01:43:20,000 [INFO] DbMcusXml:78 - Set database path to: /home/uttkarsh_8/st/stm32cubeide_1.19.0_2/plugins/com.st.stm32cube.common.mx_6.15.0.202507011659//db//mcu/
2025-08-21 01:43:20,001 [INFO] ApiDb:274 - Set plugin database path to: /home/uttkarsh_8/st/stm32cubeide_1.19.0_2/plugins/com.st.stm32cube.common.mx_6.15.0.202507011659//db//plugins/boardmanager/
2025-08-21 01:43:20,001 [INFO] ApiDb:261 - Set plugin images path to: /home/uttkarsh_8/st/stm32cubeide_1.19.0_2/plugins/com.st.stm32cube.common.mx_6.15.0.202507011659//db//plugins/mcufinder/images/
2025-08-21 01:43:20,001 [WARN] DbFile:41 - Overriding database path with different value: /home/uttkarsh_8/.stmcufinder/plugins/mcufinder/ => /home/uttkarsh_8/.stmcufinder/plugins/mcufinder
2025-08-21 01:43:20,001 [INFO] ApiDb:250 - Set database path to: /home/uttkarsh_8/.stmcufinder/plugins/mcufinder//mcu/
2025-08-21 01:43:20,002 [WARN] DbFile:41 - Overriding database path with different value: /home/uttkarsh_8/.stmcufinder/plugins/mcufinder/ => /home/uttkarsh_8/.stmcufinder/plugins/mcufinder
2025-08-21 01:43:20,002 [INFO] DbMcusAds:125 - Set database path to: /home/uttkarsh_8/.stmcufinder/plugins/mcufinder//mcu/
2025-08-21 01:43:20,002 [WARN] DbFile:41 - Overriding database path with different value: /home/uttkarsh_8/.stmcufinder/plugins/mcufinder/ => /home/uttkarsh_8/.stmcufinder/plugins/mcufinder
2025-08-21 01:43:20,002 [WARN] DbFile:41 - Overriding database path with different value: /home/uttkarsh_8/.stmcufinder/plugins/mcufinder/ => /home/uttkarsh_8/.stmcufinder/plugins/mcufinder
2025-08-21 01:43:20,002 [INFO] CrossReferenceDbSqlite:203 - Set database path to: /home/uttkarsh_8/.stmcufinder/plugins/mcufinder//mcu/cs/
2025-08-21 01:43:20,025 [INFO] ApplicationProperties:184 - Using Application install path: /home/uttkarsh_8/st/stm32cubeide_1.19.0_2/plugins/com.st.stm32cube.common.mx_6.15.0.202507011659
2025-08-21 01:43:20,028 [INFO] PluginManage:196 - Search for loadable plugins [exclusion list=, ]
2025-08-21 01:43:20,030 [INFO] PluginManage:310 - Check plugin analytics
2025-08-21 01:43:20,353 [INFO] AnalyticsPlugin:253 - Accepted Software Licenses: 
2025-08-21 01:43:20,354 [INFO] AnalyticsPlugin:255 - Accepted CMSIS Pack Licenses: 
2025-08-21 01:43:20,354 [INFO] AnalyticsPlugin:257 - Accepted Firmware Licenses: 
2025-08-21 01:43:20,359 [INFO] PluginManage:359 - Loaded plugin analytics (category:tool,tabindex:-1)
2025-08-21 01:43:20,360 [INFO] PluginManage:310 - Check plugin cadmodel
2025-08-21 01:43:20,369 [INFO] CADModel:105 - Init CAD model plugin
2025-08-21 01:43:20,369 [INFO] PluginManage:359 - Loaded plugin cadmodel (category:power,tabindex:5)
2025-08-21 01:43:20,369 [INFO] PluginManage:310 - Check plugin clock
2025-08-21 01:43:20,387 [INFO] PluginManage:359 - Loaded plugin clock (category:base,tabindex:2)
2025-08-21 01:43:20,387 [INFO] PluginManage:310 - Check plugin ddr
2025-08-21 01:43:20,391 [INFO] PluginManage:359 - Loaded plugin ddr (category:tool,tabindex:6)
2025-08-21 01:43:20,392 [INFO] PluginManage:310 - Check plugin filemanager
2025-08-21 01:43:20,625 [INFO] PluginManage:359 - Loaded plugin filemanager (category:base,tabindex:10)
2025-08-21 01:43:20,626 [INFO] PluginManage:310 - Check plugin ipmanager
2025-08-21 01:43:20,633 [INFO] PluginManage:359 - Loaded plugin ipmanager (category:base,tabindex:5)
2025-08-21 01:43:20,633 [INFO] PluginManage:310 - Check plugin lpbam
2025-08-21 01:43:20,648 [INFO] PluginManage:359 - Loaded plugin lpbam (category:base,tabindex:0)
2025-08-21 01:43:20,648 [INFO] PluginManage:310 - Check plugin memorymap
2025-08-21 01:43:20,665 [INFO] PluginManage:359 - Loaded plugin memorymap (category:base,tabindex:4)
2025-08-21 01:43:20,666 [INFO] PluginManage:310 - Check plugin pinoutandconfiguration
2025-08-21 01:43:20,678 [INFO] PluginManage:359 - Loaded plugin pinoutandconfiguration (category:base,tabindex:1)
2025-08-21 01:43:20,678 [INFO] PluginManage:310 - Check plugin pinoutconfig
2025-08-21 01:43:20,804 [WARN] SupportedApi:132 - Cannot load RTOS API schema: s4s-elt-must-match.1: The content of 'definitions' must match (annotation?, (simpleType | complexType)?, (unique | key | keyref)*)). A problem was found starting at: attribute.
2025-08-21 01:43:20,996 [INFO] PluginManage:359 - Loaded plugin pinoutconfig (category:base,tabindex:0)
2025-08-21 01:43:20,996 [INFO] PluginManage:310 - Check plugin power
2025-08-21 01:43:21,011 [INFO] PluginManage:359 - Loaded plugin power (category:power,tabindex:4)
2025-08-21 01:43:21,012 [INFO] PluginManage:310 - Check plugin projectmanager
2025-08-21 01:43:21,034 [INFO] PluginManage:359 - Loaded plugin projectmanager (category:projectmanager,tabindex:4)
2025-08-21 01:43:21,035 [INFO] PluginManage:310 - Check plugin rif
2025-08-21 01:43:21,049 [INFO] PluginManage:359 - Loaded plugin rif (category:base,tabindex:3)
2025-08-21 01:43:21,049 [INFO] PluginManage:310 - Check plugin thirdparty
2025-08-21 01:43:21,253 [INFO] PluginManage:359 - Loaded plugin thirdparty (category:base,tabindex:-1)
2025-08-21 01:43:21,252 [WARN] IntegrityCheckThread:84 - waiting for thirdparty lock release [integrity check]
2025-08-21 01:43:21,253 [INFO] PluginManage:310 - Check plugin tools
2025-08-21 01:43:21,253 [INFO] IntegrityCheckThread:86 - entering critical section [integrity check]
2025-08-21 01:43:21,254 [INFO] ThirdPartyUpdaterWithRetryManager:70 - Updater plugin not ready yet. [1/15]
2025-08-21 01:43:21,258 [INFO] PluginManage:359 - Loaded plugin tools (category:base,tabindex:7)
2025-08-21 01:43:21,258 [INFO] PluginManage:310 - Check plugin tutovideos
2025-08-21 01:43:21,583 [INFO] PluginManage:359 - Loaded plugin tutovideos (category:base,tabindex:-1)
2025-08-21 01:43:21,584 [INFO] PluginManage:310 - Check plugin updater
2025-08-21 01:43:21,616 [INFO] PluginManage:359 - Loaded plugin updater (category:base,tabindex:12)
2025-08-21 01:43:21,616 [INFO] PluginManage:310 - Check plugin userauth
2025-08-21 01:43:21,622 [INFO] UserAuth:118 - Init User Auth plugin
2025-08-21 01:43:21,623 [INFO] PluginManage:359 - Loaded plugin userauth (category:base,tabindex:14)
2025-08-21 01:43:21,624 [INFO] PluginManage:283 - PluginManage : Loaded plugins [18]
2025-08-21 01:43:21,863 [INFO] PinOutPanel:1589 - setPackage(No Configuration,No Configuration)
2025-08-21 01:43:21,969 [INFO] CADModel:165 - CPN selected for project level
2025-08-21 01:43:21,969 [INFO] CADModel:114 - Register for checkConnection events
2025-08-21 01:43:21,994 [INFO] IPUIPlugin:80 - create IPUIPlugin
2025-08-21 01:43:21,994 [INFO] PluginManager:220 - loadIPPluginJar : add adc
2025-08-21 01:43:21,998 [INFO] IPUIPlugin:80 - create IPUIPlugin
2025-08-21 01:43:21,999 [INFO] PluginManager:220 - loadIPPluginJar : add aes
2025-08-21 01:43:22,003 [INFO] IPUIPlugin:80 - create IPUIPlugin
2025-08-21 01:43:22,003 [INFO] PluginManager:220 - loadIPPluginJar : add can
2025-08-21 01:43:22,006 [INFO] IPUIPlugin:80 - create IPUIPlugin
2025-08-21 01:43:22,006 [INFO] PluginManager:220 - loadIPPluginJar : add comp
2025-08-21 01:43:22,010 [INFO] IPUIPlugin:80 - create IPUIPlugin
2025-08-21 01:43:22,010 [INFO] PluginManager:220 - loadIPPluginJar : add cryp
2025-08-21 01:43:22,016 [INFO] IPUIPlugin:80 - create IPUIPlugin
2025-08-21 01:43:22,016 [INFO] PluginManager:220 - loadIPPluginJar : add ddr_ctrl_phy
2025-08-21 01:43:22,020 [INFO] IPUIPlugin:80 - create IPUIPlugin
2025-08-21 01:43:22,020 [INFO] PluginManager:220 - loadIPPluginJar : add dfsdm
2025-08-21 01:43:22,029 [INFO] IPUIPlugin:80 - create IPUIPlugin
2025-08-21 01:43:22,029 [INFO] PluginManager:220 - loadIPPluginJar : add dma
2025-08-21 01:43:22,032 [INFO] IPUIPlugin:80 - create IPUIPlugin
2025-08-21 01:43:22,032 [INFO] PluginManager:220 - loadIPPluginJar : add dma3
2025-08-21 01:43:22,036 [INFO] IPUIPlugin:80 - create IPUIPlugin
2025-08-21 01:43:22,036 [INFO] PluginManager:220 - loadIPPluginJar : add extmemmanager
2025-08-21 01:43:22,038 [INFO] IPUIPlugin:80 - create IPUIPlugin
2025-08-21 01:43:22,038 [INFO] PluginManager:220 - loadIPPluginJar : add fatfs
2025-08-21 01:43:22,044 [INFO] IPUIPlugin:80 - create IPUIPlugin
2025-08-21 01:43:22,044 [INFO] PluginManager:220 - loadIPPluginJar : add fmc
2025-08-21 01:43:22,053 [INFO] IPUIPlugin:80 - create IPUIPlugin
2025-08-21 01:43:22,053 [INFO] PluginManager:220 - loadIPPluginJar : add freertos
2025-08-21 01:43:22,055 [INFO] IPUIPlugin:80 - create IPUIPlugin
2025-08-21 01:43:22,055 [INFO] PluginManager:220 - loadIPPluginJar : add genericplugin
2025-08-21 01:43:22,058 [INFO] IPUIPlugin:80 - create IPUIPlugin
2025-08-21 01:43:22,058 [INFO] PluginManager:220 - loadIPPluginJar : add gfxmmu
2025-08-21 01:43:22,065 [INFO] IPUIPlugin:80 - create IPUIPlugin
2025-08-21 01:43:22,065 [INFO] PluginManager:220 - loadIPPluginJar : add gic
2025-08-21 01:43:22,072 [INFO] IPUIPlugin:80 - create IPUIPlugin
2025-08-21 01:43:22,072 [INFO] PluginManager:220 - loadIPPluginJar : add gpio
2025-08-21 01:43:22,076 [INFO] IPUIPlugin:80 - create IPUIPlugin
2025-08-21 01:43:22,077 [INFO] PluginManager:220 - loadIPPluginJar : add gtzc
2025-08-21 01:43:22,079 [INFO] IPUIPlugin:80 - create IPUIPlugin
2025-08-21 01:43:22,079 [INFO] PluginManager:220 - loadIPPluginJar : add hash
2025-08-21 01:43:22,082 [INFO] IPUIPlugin:80 - create IPUIPlugin
2025-08-21 01:43:22,082 [INFO] PluginManager:220 - loadIPPluginJar : add i2c
2025-08-21 01:43:22,085 [INFO] IPUIPlugin:80 - create IPUIPlugin
2025-08-21 01:43:22,085 [INFO] PluginManager:220 - loadIPPluginJar : add i2s
2025-08-21 01:43:22,088 [INFO] IPUIPlugin:80 - create IPUIPlugin
2025-08-21 01:43:22,089 [INFO] PluginManager:220 - loadIPPluginJar : add i3c
2025-08-21 01:43:22,093 [INFO] IPUIPlugin:80 - create IPUIPlugin
2025-08-21 01:43:22,093 [INFO] PluginManager:220 - loadIPPluginJar : add ipddr
2025-08-21 01:43:22,104 [INFO] IPUIPlugin:80 - create IPUIPlugin
2025-08-21 01:43:22,104 [INFO] PluginManager:220 - loadIPPluginJar : add linkedlist
2025-08-21 01:43:22,107 [INFO] IPUIPlugin:80 - create IPUIPlugin
2025-08-21 01:43:22,108 [INFO] PluginManager:220 - loadIPPluginJar : add lorawan
2025-08-21 01:43:22,109 [INFO] IPUIPlugin:80 - create IPUIPlugin
2025-08-21 01:43:22,109 [INFO] PluginManager:220 - loadIPPluginJar : add ltdc
2025-08-21 01:43:22,117 [INFO] IPUIPlugin:80 - create IPUIPlugin
2025-08-21 01:43:22,118 [INFO] PluginManager:220 - loadIPPluginJar : add mdma
2025-08-21 01:43:22,124 [INFO] IPUIPlugin:80 - create IPUIPlugin
2025-08-21 01:43:22,124 [INFO] PluginManager:220 - loadIPPluginJar : add nvic
2025-08-21 01:43:22,128 [INFO] IPUIPlugin:80 - create IPUIPlugin
2025-08-21 01:43:22,128 [INFO] PluginManager:220 - loadIPPluginJar : add opamp
2025-08-21 01:43:22,132 [INFO] IPUIPlugin:80 - create IPUIPlugin
2025-08-21 01:43:22,133 [INFO] PluginManager:220 - loadIPPluginJar : add openamp
2025-08-21 01:43:22,137 [INFO] IPUIPlugin:80 - create IPUIPlugin
2025-08-21 01:43:22,137 [INFO] PluginManager:220 - loadIPPluginJar : add pdm2pcm
2025-08-21 01:43:22,149 [INFO] IPUIPlugin:80 - create IPUIPlugin
2025-08-21 01:43:22,154 [INFO] PluginManager:220 - loadIPPluginJar : add plateformsettings
2025-08-21 01:43:22,156 [INFO] IPUIPlugin:80 - create IPUIPlugin
2025-08-21 01:43:22,156 [INFO] PluginManager:220 - loadIPPluginJar : add quadspi
2025-08-21 01:43:22,158 [INFO] IPUIPlugin:80 - create IPUIPlugin
2025-08-21 01:43:22,159 [INFO] PluginManager:220 - loadIPPluginJar : add radio
2025-08-21 01:43:22,163 [INFO] IPUIPlugin:80 - create IPUIPlugin
2025-08-21 01:43:22,163 [INFO] PluginManager:220 - loadIPPluginJar : add resmgrutility
2025-08-21 01:43:22,168 [INFO] IPUIPlugin:80 - create IPUIPlugin
2025-08-21 01:43:22,168 [INFO] PluginManager:220 - loadIPPluginJar : add sai
2025-08-21 01:43:22,171 [INFO] IPUIPlugin:80 - create IPUIPlugin
2025-08-21 01:43:22,171 [INFO] PluginManager:220 - loadIPPluginJar : add spi
2025-08-21 01:43:22,180 [INFO] IPUIPlugin:80 - create IPUIPlugin
2025-08-21 01:43:22,181 [INFO] PluginManager:220 - loadIPPluginJar : add stm32_wpan
2025-08-21 01:43:22,183 [INFO] IPUIPlugin:80 - create IPUIPlugin
2025-08-21 01:43:22,183 [INFO] PluginManager:220 - loadIPPluginJar : add tim
2025-08-21 01:43:22,187 [INFO] IPUIPlugin:80 - create IPUIPlugin
2025-08-21 01:43:22,188 [INFO] PluginManager:220 - loadIPPluginJar : add touchsensing
2025-08-21 01:43:22,190 [INFO] IPUIPlugin:80 - create IPUIPlugin
2025-08-21 01:43:22,190 [INFO] PluginManager:220 - loadIPPluginJar : add tracer_emb
2025-08-21 01:43:22,192 [INFO] IPUIPlugin:80 - create IPUIPlugin
2025-08-21 01:43:22,193 [INFO] PluginManager:220 - loadIPPluginJar : add ts
2025-08-21 01:43:22,195 [INFO] IPUIPlugin:80 - create IPUIPlugin
2025-08-21 01:43:22,195 [INFO] PluginManager:220 - loadIPPluginJar : add tsc
2025-08-21 01:43:22,197 [INFO] IPUIPlugin:80 - create IPUIPlugin
2025-08-21 01:43:22,197 [INFO] PluginManager:220 - loadIPPluginJar : add ucpd
2025-08-21 01:43:22,200 [INFO] IPUIPlugin:80 - create IPUIPlugin
2025-08-21 01:43:22,200 [INFO] PluginManager:220 - loadIPPluginJar : add usart
2025-08-21 01:43:22,204 [INFO] IPUIPlugin:80 - create IPUIPlugin
2025-08-21 01:43:22,204 [INFO] PluginManager:220 - loadIPPluginJar : add usbx
2025-08-21 01:43:22,334 [FATAL] Updater:351 - Updater called before beeing initialized
2025-08-21 01:43:22,386 [INFO] RulesReader:64 - Compatibility file has been processed (317 Rules)
2025-08-21 01:43:22,406 [INFO] RulesReader:64 - Compatibility file has been processed (317 Rules)
2025-08-21 01:43:22,417 [INFO] CADModel:165 - CPN selected for project level
2025-08-21 01:43:22,418 [INFO] CADModel:114 - Register for checkConnection events
2025-08-21 01:43:22,418 [FATAL] Updater:351 - Updater called before beeing initialized
2025-08-21 01:43:22,418 [ERROR] CADModel:125 - Updater not yet initialized, retry later 
2025-08-21 01:43:22,598 [FATAL] Updater:351 - Updater called before beeing initialized
2025-08-21 01:43:22,601 [INFO] CADModel:165 - CPN selected for project level
2025-08-21 01:43:22,601 [INFO] CADModel:114 - Register for checkConnection events
2025-08-21 01:43:22,601 [FATAL] Updater:351 - Updater called before beeing initialized
2025-08-21 01:43:22,601 [ERROR] CADModel:125 - Updater not yet initialized, retry later 
2025-08-21 01:43:22,607 [FATAL] Updater:351 - Updater called before beeing initialized
2025-08-21 01:43:22,873 [FATAL] Updater:351 - Updater called before beeing initialized
2025-08-21 01:43:22,881 [INFO] DbMcusAds:53 - JSON generation date=Tue Jul 08 13:44:23 IST 2025 (1751962463593)
2025-08-21 01:43:22,882 [FATAL] Updater:351 - Updater called before beeing initialized
2025-08-21 01:43:22,944 [WARN] DetailPanel:346 - Failed to get advertising image, set to default
2025-08-21 01:43:23,077 [FATAL] Updater:351 - Updater called before beeing initialized
2025-08-21 01:43:23,079 [FATAL] Updater:351 - Updater called before beeing initialized
2025-08-21 01:43:23,079 [FATAL] Updater:351 - Updater called before beeing initialized
2025-08-21 01:43:23,080 [WARN] DetailPanel:346 - Failed to get advertising image, set to default
2025-08-21 01:43:23,081 [FATAL] Updater:351 - Updater called before beeing initialized
2025-08-21 01:43:23,124 [ERROR] Updater:1198 - MainUpdater not yet initialized. External WinMGr cannot be set.
2025-08-21 01:43:23,126 [INFO] Updater:1134 - Updater Version found : 6.15.0
2025-08-21 01:43:23,155 [INFO] ApplicationProperties:184 - Using Application install path: /home/uttkarsh_8/st/stm32cubeide_1.19.0_2/plugins/com.st.stm32cube.common.mx_6.15.0.202507011659
2025-08-21 01:43:23,908 [INFO] MainUpdater:2872 - connection check result : 10
2025-08-21 01:43:23,909 [INFO] MainUpdater:289 - Updater Check For Update Now.
2025-08-21 01:43:23,909 [INFO] MicroXplorer:498 - Change Database Version : DB.6.0.150
2025-08-21 01:43:23,916 [INFO] McuFinderGlobals:63 - Set McuFinder mode to 2 (CubeIDE integrated)
2025-08-21 01:43:23,917 [INFO] UserAuth:487 - Internet connection configuration mode: 1
2025-08-21 01:43:23,950 [INFO] JxBrowserEngine:152 - Initiate JxBrowser Engine with user profile folder
2025-08-21 01:43:24,153 [INFO] CheckServerUpdateThread:120 - End of CheckServer Thread
2025-08-21 01:43:24,636 [WARN] PackLoader:240 - Cannot read IP mode file for STMicroelectronics.FP-SNS-MOTENVWB1.1.4.0
2025-08-21 01:43:24,660 [WARN] PackLoader:240 - Cannot read IP mode file for STMicroelectronics.FP-ATR-ASTRA1.2.0.2
2025-08-21 01:43:24,677 [WARN] PackLoader:240 - Cannot read IP mode file for STMicroelectronics.X-CUBE-SMBUS.2.1.0
2025-08-21 01:43:24,688 [WARN] PackLoader:240 - Cannot read IP mode file for STMicroelectronics.X-CUBE-ST60.1.0.0
2025-08-21 01:43:24,778 [WARN] PackLoader:240 - Cannot read IP mode file for STMicroelectronics.X-CUBE-AZRTOS-F7.1.1.0
2025-08-21 01:43:24,853 [WARN] PackLoader:240 - Cannot read IP mode file for Infineon.AIROC-Wi-Fi-Bluetooth-STM32.1.7.1
2025-08-21 01:43:24,930 [WARN] PackLoader:240 - Cannot read IP mode file for STMicroelectronics.X-CUBE-AZRTOS-H7.3.4.0
2025-08-21 01:43:24,984 [WARN] PackLoader:240 - Cannot read IP mode file for STMicroelectronics.X-CUBE-DISPLAY.3.0.0
2025-08-21 01:43:25,015 [WARN] PackLoader:240 - Cannot read IP mode file for STMicroelectronics.X-CUBE-NFC10.1.0.0
2025-08-21 01:43:25,031 [WARN] PackLoader:240 - Cannot read IP mode file for emotas.I-CUBE-CANOPEN.1.3.0
2025-08-21 01:43:25,051 [WARN] PackLoader:240 - Cannot read IP mode file for STMicroelectronics.FP-SNS-STBOX1.2.1.0
2025-08-21 01:43:25,069 [WARN] PackLoader:240 - Cannot read IP mode file for STMicroelectronics.FP-SNS-SMARTAG2.1.2.0
2025-08-21 01:43:25,078 [WARN] PackLoader:240 - Cannot read IP mode file for STMicroelectronics.FP-SNS-FLIGHT1.5.1.0
2025-08-21 01:43:25,102 [INFO] LogOutputStream:77 - [STDOUT_REDIRECT] 1 : Invalid condition id : UX_CORESTACK_Condition cause : null
2025-08-21 01:43:25,104 [INFO] LogOutputStream:77 - [STDOUT_REDIRECT] 1 : Invalid condition id : UX_CORESTACK_Condition cause : null
2025-08-21 01:43:25,104 [INFO] LogOutputStream:77 - [STDOUT_REDIRECT] 1 : Invalid condition id : UX_CORESTACK_Condition cause : null
2025-08-21 01:43:25,105 [INFO] LogOutputStream:77 - [STDOUT_REDIRECT] 1 : Invalid condition id : UX_CORESTACK_Condition cause : null
2025-08-21 01:43:25,106 [INFO] LogOutputStream:77 - [STDOUT_REDIRECT] 1 : Invalid condition id : UX_CORESTACK_Condition cause : null
2025-08-21 01:43:25,114 [WARN] PackLoader:240 - Cannot read IP mode file for STMicroelectronics.X-CUBE-AZRTOS-WL.2.0.0
2025-08-21 01:43:25,126 [WARN] PackLoader:240 - Cannot read IP mode file for STMicroelectronics.FP-SNS-MOTENV1.5.0.0
2025-08-21 01:43:25,140 [WARN] PackLoader:240 - Cannot read IP mode file for STMicroelectronics.X-CUBE-BLE2.3.3.0
2025-08-21 01:43:25,149 [WARN] PackLoader:240 - Cannot read IP mode file for STMicroelectronics.X-CUBE-NFC9.1.0.0
2025-08-21 01:43:25,193 [WARN] PackLoader:240 - Cannot read IP mode file for wolfSSL.I-CUBE-wolfSSL.5.8.2
2025-08-21 01:43:25,215 [WARN] PackLoader:240 - Cannot read IP mode file for STMicroelectronics.X-CUBE-BLE1.7.1.0
2025-08-21 01:43:25,223 [WARN] PackLoader:240 - Cannot read IP mode file for wolfSSL.I-CUBE-wolfMQTT.1.19.2
2025-08-21 01:43:25,242 [WARN] PackLoader:240 - Cannot read IP mode file for STMicroelectronics.X-CUBE-EEPRMA1.5.2.0
2025-08-21 01:43:25,309 [WARN] PackLoader:240 - Cannot read IP mode file for STMicroelectronics.X-CUBE-AZRTOS-G0.1.1.0
2025-08-21 01:43:25,334 [WARN] PackLoader:240 - Cannot read IP mode file for STMicroelectronics.X-CUBE-SAFEA1.1.2.2
2025-08-21 01:43:25,351 [WARN] PackLoader:240 - Cannot read IP mode file for STMicroelectronics.X-CUBE-NFC4.3.0.0
2025-08-21 01:43:25,377 [WARN] PackLoader:240 - Cannot read IP mode file for EmbeddedOffice.I-CUBE-FS-RTOS.1.0.1
2025-08-21 01:43:25,394 [WARN] PackLoader:240 - Cannot read IP mode file for STMicroelectronics.X-CUBE-WB05N.2.0.0
2025-08-21 01:43:25,402 [WARN] PackLoader:240 - Cannot read IP mode file for wolfSSL.I-CUBE-wolfTPM.3.8.0
2025-08-21 01:43:25,440 [WARN] PackLoader:240 - Cannot read IP mode file for STMicroelectronics.X-CUBE-TCPP.4.2.0
2025-08-21 01:43:25,468 [WARN] PackLoader:240 - Cannot read IP mode file for RealThread.X-CUBE-RT-Thread_Nano.4.1.1
2025-08-21 01:43:25,477 [WARN] PackLoader:240 - Cannot read IP mode file for STMicroelectronics.FP-ATR-SIGFOX1.3.2.0
2025-08-21 01:43:25,492 [WARN] PackLoader:240 - Cannot read IP mode file for STMicroelectronics.X-CUBE-ST67W61.1.0.0
2025-08-21 01:43:25,502 [WARN] PackLoader:240 - Cannot read IP mode file for STMicroelectronics.X-CUBE-AI.10.2.0
2025-08-21 01:43:25,598 [WARN] PackLoader:240 - Cannot read IP mode file for SEGGER.I-CUBE-embOS.1.3.1
2025-08-21 01:43:25,852 [WARN] PackLoader:240 - Cannot read IP mode file for STMicroelectronics.X-CUBE-ALGOBUILD.1.4.0
2025-08-21 01:43:25,972 [WARN] PackLoader:240 - Cannot read IP mode file for STMicroelectronics.X-CUBE-MEMS1.11.3.0
2025-08-21 01:43:26,299 [WARN] PackLoader:240 - Cannot read IP mode file for STMicroelectronics.X-CUBE-PM33A1.1.0.0
2025-08-21 01:43:26,330 [WARN] PackLoader:240 - Cannot read IP mode file for STMicroelectronics.X-CUBE-AZRTOS-F4.1.1.0
2025-08-21 01:43:26,337 [WARN] PackLoader:240 - Cannot read IP mode file for Avnet-IotConnect.X-CUBE-IoTC-DA16k-PMOD.1.0.0
2025-08-21 01:43:26,343 [WARN] PackLoader:240 - Cannot read IP mode file for STMicroelectronics.X-CUBE-ISPU.2.1.0
2025-08-21 01:43:26,353 [WARN] PackLoader:240 - Cannot read IP mode file for STMicroelectronics.X-CUBE-NFC12.1.0.0
2025-08-21 01:43:26,360 [INFO] WebApp:169 - Instantiating new browser for Auth
2025-08-21 01:43:26,394 [WARN] PackLoader:240 - Cannot read IP mode file for STMicroelectronics.X-CUBE-AZRTOS-L5.2.0.0
2025-08-21 01:43:26,415 [WARN] PackLoader:240 - Cannot read IP mode file for STMicroelectronics.X-CUBE-NFC6.3.1.0
2025-08-21 01:43:26,434 [WARN] PackLoader:240 - Cannot read IP mode file for STMicroelectronics.X-CUBE-FREERTOS.1.3.1
2025-08-21 01:43:26,447 [WARN] PackLoader:240 - Cannot read IP mode file for STMicroelectronics.FP-SNS-STAIOTCFT.1.0.0
2025-08-21 01:43:26,459 [WARN] PackLoader:240 - Cannot read IP mode file for STMicroelectronics.X-CUBE-DPower.1.3.0
2025-08-21 01:43:26,516 [WARN] ConditionMgr:438 - getConditionDescription Invalid condition id : LAN8742 Phy interface Condition cause : null
2025-08-21 01:43:26,518 [WARN] PackLoader:240 - Cannot read IP mode file for STMicroelectronics.X-CUBE-AZRTOS-L4.2.0.0
2025-08-21 01:43:26,520 [WARN] ConditionMgr:1044 - genDependencies : Invalid condition id : LAN8742 Phy interface Condition cause : null
2025-08-21 01:43:26,520 [WARN] ConditionMgr:1044 - genDependencies : Invalid condition id : LAN8742 Phy interface Condition cause : null
2025-08-21 01:43:26,521 [WARN] ConditionMgr:1044 - genDependencies : Invalid condition id : LAN8742 Phy interface Condition cause : null
2025-08-21 01:43:26,537 [WARN] PackLoader:240 - Cannot read IP mode file for STMicroelectronics.X-CUBE-SFXS2LP1.4.0.0
2025-08-21 01:43:26,562 [WARN] PackLoader:240 - Cannot read IP mode file for STMicroelectronics.X-CUBE-BLEMGR.4.1.0
2025-08-21 01:43:26,603 [WARN] ConditionMgr:438 - getConditionDescription Invalid condition id : UX DEVICE CLASS RTOS Condition cause : null
2025-08-21 01:43:26,604 [WARN] ConditionMgr:438 - getConditionDescription Invalid condition id : UX DEVICE CLASS RTOS Condition cause : null
2025-08-21 01:43:26,610 [WARN] PackLoader:240 - Cannot read IP mode file for STMicroelectronics.X-CUBE-AZRTOS-WB.2.0.0
2025-08-21 01:43:26,611 [WARN] ConditionMgr:1044 - genDependencies : Invalid condition id : UX DEVICE CLASS RTOS Condition cause : null
2025-08-21 01:43:26,611 [WARN] ConditionMgr:1044 - genDependencies : Invalid condition id : UX DEVICE CLASS RTOS Condition cause : null
2025-08-21 01:43:26,612 [WARN] ConditionMgr:1044 - genDependencies : Invalid condition id : UX DEVICE CLASS RTOS Condition cause : null
2025-08-21 01:43:26,613 [WARN] ConditionMgr:1044 - genDependencies : Invalid condition id : UX DEVICE CLASS RTOS Condition cause : null
2025-08-21 01:43:26,613 [WARN] ConditionMgr:1044 - genDependencies : Invalid condition id : UX DEVICE CLASS RTOS Condition cause : null
2025-08-21 01:43:26,626 [WARN] PackLoader:240 - Cannot read IP mode file for STMicroelectronics.X-CUBE-GNSS1.7.0.1
2025-08-21 01:43:26,639 [WARN] PackLoader:240 - Cannot read IP mode file for STMicroelectronics.X-CUBE-TOUCHGFX.4.25.0
2025-08-21 01:43:26,646 [WARN] ConditionMgr:438 - getConditionDescription Invalid condition id : Cortex-A Device cause : null
2025-08-21 01:43:26,677 [WARN] ConditionMgr:1044 - genDependencies : Invalid condition id : Cortex-A Device cause : null
2025-08-21 01:43:26,678 [WARN] ConditionMgr:1044 - genDependencies : Invalid condition id : Cortex-A Device cause : null
2025-08-21 01:43:26,678 [WARN] ConditionMgr:1044 - genDependencies : Invalid condition id : Cortex-A Device cause : null
2025-08-21 01:43:26,711 [WARN] PackLoader:240 - Cannot read IP mode file for STMicroelectronics.X-CUBE-SUBG2.5.0.0
2025-08-21 01:43:26,790 [WARN] PackLoader:240 - Cannot read IP mode file for STMicroelectronics.X-CUBE-AZRTOS-H7RS.1.1.0
2025-08-21 01:43:26,814 [WARN] PackLoader:240 - Cannot read IP mode file for Cesanta.I-CUBE-Mongoose.7.13.0
2025-08-21 01:43:26,853 [WARN] PackLoader:240 - Cannot read IP mode file for STMicroelectronics.X-CUBE-AZRTOS-G4.2.0.0
2025-08-21 01:43:26,868 [WARN] PackLoader:240 - Cannot read IP mode file for wolfSSL.I-CUBE-wolfSSH.1.4.20
2025-08-21 01:43:26,883 [WARN] PackLoader:240 - Cannot read IP mode file for STMicroelectronics.X-CUBE-NFC7.2.0.0
2025-08-21 01:43:26,925 [WARN] PackLoader:240 - Cannot read IP mode file for STMicroelectronics.X-CUBE-IPS.3.1.0
2025-08-21 01:43:26,956 [WARN] PackLoader:240 - Cannot read IP mode file for STMicroelectronics.X-CUBE-ALS.1.0.2
2025-08-21 01:43:26,968 [WARN] PackLoader:240 - Cannot read IP mode file for portGmbH.I-Cube-SoM-uGOAL.1.1.0
2025-08-21 01:43:26,994 [WARN] PackLoader:240 - Cannot read IP mode file for STMicroelectronics.X-CUBE-TOF1.3.4.3
2025-08-21 01:43:27,097 [INFO] ThirdParty:978 - Integrity check success = true
2025-08-21 01:43:27,097 [INFO] IntegrityCheckThread:100 - exiting critical section [integrity check]
2025-08-21 01:43:27,098 [INFO] IntegrityCheckThread:103 - End integrity checks thread
2025-08-21 01:43:28,065 [INFO] WebApp:463 - Apply proxy settings
2025-08-21 01:43:28,065 [INFO] WebApp:548 - Chromium requires no authentication
2025-08-21 01:43:28,082 [INFO] WebApp:491 - Direct internet connection detected
2025-08-21 01:43:28,127 [INFO] WebApp:900 - Register for checkConnection events
2025-08-21 01:43:28,128 [INFO] WebApp:463 - Apply proxy settings
2025-08-21 01:43:28,128 [INFO] WebApp:548 - Chromium requires no authentication
2025-08-21 01:43:28,129 [INFO] WebApp:491 - Direct internet connection detected
2025-08-21 01:43:28,409 [INFO] WebApp:225 - Starting web application
2025-08-21 01:43:28,410 [INFO] WebApp:593 - Web application path used /home/uttkarsh_8/st/stm32cubeide_1.19.0_2/plugins/com.st.stm32cube.common.mx_6.15.0.202507011659/db/plugins/mcufinder/reactClient1/index.html
2025-08-21 01:43:28,591 [INFO] UserAuth:487 - Internet connection configuration mode: 1
2025-08-21 01:43:28,932 [INFO] WebApp:191 - Connection restablished
