2025-08-25 15:39:48,111 [INFO] Activator:176 - 


2025-08-25 15:39:48,120 [INFO] Activator:177 - !SESSION log4j initialized
2025-08-25 15:39:57,591 [INFO] LogOutputStream:77 - [STDOUT_REDIRECT] 
2025-08-25 15:39:59,208 [INFO] ApplicationProperties:184 - Using Application install path: /home/uttkarsh_8/st/stm32cubeide_1.19.0_2/plugins/com.st.stm32cube.common.mx_6.15.0.202507011659
2025-08-25 15:39:59,238 [INFO] DbMcusXml:78 - Set database path to: /home/uttkarsh_8/st/stm32cubeide_1.19.0_2/plugins/com.st.stm32cube.common.mx_6.15.0.202507011659//db//mcu/
2025-08-25 15:39:59,238 [INFO] ApiDb:274 - Set plugin database path to: /home/uttkarsh_8/st/stm32cubeide_1.19.0_2/plugins/com.st.stm32cube.common.mx_6.15.0.202507011659//db//plugins/boardmanager/
2025-08-25 15:39:59,239 [WARN] ApiDb:259 - Overriding images path with different value:  => /home/uttkarsh_8/st/stm32cubeide_1.19.0_2/plugins/com.st.stm32cube.common.mx_6.15.0.202507011659//db//plugins/mcufinder/images/
2025-08-25 15:39:59,248 [INFO] ApiDb:250 - Set database path to: /home/uttkarsh_8/.stmcufinder/plugins/mcufinder//mcu/
2025-08-25 15:39:59,250 [INFO] DbMcusAds:125 - Set database path to: /home/uttkarsh_8/.stmcufinder/plugins/mcufinder//mcu/
2025-08-25 15:39:59,253 [INFO] CrossReferenceDbSqlite:203 - Set database path to: /home/uttkarsh_8/.stmcufinder/plugins/mcufinder//mcu/cs/
2025-08-25 15:39:59,457 [INFO] RulesReader:64 - Compatibility file has been processed (317 Rules)
2025-08-25 15:39:59,556 [INFO] DbMcusXml:78 - Set database path to: /home/uttkarsh_8/st/stm32cubeide_1.19.0_2/plugins/com.st.stm32cube.common.mx_6.15.0.202507011659//db//mcu/
2025-08-25 15:39:59,556 [INFO] ApiDb:274 - Set plugin database path to: /home/uttkarsh_8/st/stm32cubeide_1.19.0_2/plugins/com.st.stm32cube.common.mx_6.15.0.202507011659//db//plugins/boardmanager/
2025-08-25 15:39:59,557 [INFO] ApiDb:261 - Set plugin images path to: /home/uttkarsh_8/st/stm32cubeide_1.19.0_2/plugins/com.st.stm32cube.common.mx_6.15.0.202507011659//db//plugins/mcufinder/images/
2025-08-25 15:39:59,557 [WARN] DbFile:41 - Overriding database path with different value: /home/uttkarsh_8/.stmcufinder/plugins/mcufinder/ => /home/uttkarsh_8/.stmcufinder/plugins/mcufinder
2025-08-25 15:39:59,557 [INFO] ApiDb:250 - Set database path to: /home/uttkarsh_8/.stmcufinder/plugins/mcufinder//mcu/
2025-08-25 15:39:59,557 [WARN] DbFile:41 - Overriding database path with different value: /home/uttkarsh_8/.stmcufinder/plugins/mcufinder/ => /home/uttkarsh_8/.stmcufinder/plugins/mcufinder
2025-08-25 15:39:59,558 [INFO] DbMcusAds:125 - Set database path to: /home/uttkarsh_8/.stmcufinder/plugins/mcufinder//mcu/
2025-08-25 15:39:59,558 [WARN] DbFile:41 - Overriding database path with different value: /home/uttkarsh_8/.stmcufinder/plugins/mcufinder/ => /home/uttkarsh_8/.stmcufinder/plugins/mcufinder
2025-08-25 15:39:59,558 [WARN] DbFile:41 - Overriding database path with different value: /home/uttkarsh_8/.stmcufinder/plugins/mcufinder/ => /home/uttkarsh_8/.stmcufinder/plugins/mcufinder
2025-08-25 15:39:59,558 [INFO] CrossReferenceDbSqlite:203 - Set database path to: /home/uttkarsh_8/.stmcufinder/plugins/mcufinder//mcu/cs/
2025-08-25 15:39:59,679 [INFO] MainPanel:274 - HeapMemory: 299892736
2025-08-25 15:39:59,931 [INFO] DbMcusXml:78 - Set database path to: /home/uttkarsh_8/st/stm32cubeide_1.19.0_2/plugins/com.st.stm32cube.common.mx_6.15.0.202507011659//db//mcu/
2025-08-25 15:39:59,932 [INFO] ApiDb:274 - Set plugin database path to: /home/uttkarsh_8/st/stm32cubeide_1.19.0_2/plugins/com.st.stm32cube.common.mx_6.15.0.202507011659//db//plugins/boardmanager/
2025-08-25 15:39:59,932 [INFO] ApiDb:261 - Set plugin images path to: /home/uttkarsh_8/st/stm32cubeide_1.19.0_2/plugins/com.st.stm32cube.common.mx_6.15.0.202507011659//db//plugins/mcufinder/images/
2025-08-25 15:39:59,933 [WARN] DbFile:41 - Overriding database path with different value: /home/uttkarsh_8/.stmcufinder/plugins/mcufinder/ => /home/uttkarsh_8/.stmcufinder/plugins/mcufinder
2025-08-25 15:39:59,933 [INFO] ApiDb:250 - Set database path to: /home/uttkarsh_8/.stmcufinder/plugins/mcufinder//mcu/
2025-08-25 15:39:59,933 [WARN] DbFile:41 - Overriding database path with different value: /home/uttkarsh_8/.stmcufinder/plugins/mcufinder/ => /home/uttkarsh_8/.stmcufinder/plugins/mcufinder
2025-08-25 15:39:59,934 [INFO] DbMcusAds:125 - Set database path to: /home/uttkarsh_8/.stmcufinder/plugins/mcufinder//mcu/
2025-08-25 15:39:59,934 [WARN] DbFile:41 - Overriding database path with different value: /home/uttkarsh_8/.stmcufinder/plugins/mcufinder/ => /home/uttkarsh_8/.stmcufinder/plugins/mcufinder
2025-08-25 15:39:59,934 [WARN] DbFile:41 - Overriding database path with different value: /home/uttkarsh_8/.stmcufinder/plugins/mcufinder/ => /home/uttkarsh_8/.stmcufinder/plugins/mcufinder
2025-08-25 15:39:59,934 [INFO] CrossReferenceDbSqlite:203 - Set database path to: /home/uttkarsh_8/.stmcufinder/plugins/mcufinder//mcu/cs/
2025-08-25 15:39:59,961 [INFO] ApplicationProperties:184 - Using Application install path: /home/uttkarsh_8/st/stm32cubeide_1.19.0_2/plugins/com.st.stm32cube.common.mx_6.15.0.202507011659
2025-08-25 15:39:59,964 [INFO] PluginManage:196 - Search for loadable plugins [exclusion list=, ]
2025-08-25 15:39:59,967 [INFO] PluginManage:310 - Check plugin analytics
2025-08-25 15:40:00,299 [INFO] AnalyticsPlugin:253 - Accepted Software Licenses: 
2025-08-25 15:40:00,299 [INFO] AnalyticsPlugin:255 - Accepted CMSIS Pack Licenses: 
2025-08-25 15:40:00,300 [INFO] AnalyticsPlugin:257 - Accepted Firmware Licenses: 
2025-08-25 15:40:00,304 [INFO] PluginManage:359 - Loaded plugin analytics (category:tool,tabindex:-1)
2025-08-25 15:40:00,305 [INFO] PluginManage:310 - Check plugin cadmodel
2025-08-25 15:40:00,313 [INFO] CADModel:105 - Init CAD model plugin
2025-08-25 15:40:00,314 [INFO] PluginManage:359 - Loaded plugin cadmodel (category:power,tabindex:5)
2025-08-25 15:40:00,314 [INFO] PluginManage:310 - Check plugin clock
2025-08-25 15:40:00,330 [INFO] PluginManage:359 - Loaded plugin clock (category:base,tabindex:2)
2025-08-25 15:40:00,330 [INFO] PluginManage:310 - Check plugin ddr
2025-08-25 15:40:00,335 [INFO] PluginManage:359 - Loaded plugin ddr (category:tool,tabindex:6)
2025-08-25 15:40:00,335 [INFO] PluginManage:310 - Check plugin filemanager
2025-08-25 15:40:00,604 [INFO] PluginManage:359 - Loaded plugin filemanager (category:base,tabindex:10)
2025-08-25 15:40:00,604 [INFO] PluginManage:310 - Check plugin ipmanager
2025-08-25 15:40:00,613 [INFO] PluginManage:359 - Loaded plugin ipmanager (category:base,tabindex:5)
2025-08-25 15:40:00,613 [INFO] PluginManage:310 - Check plugin lpbam
2025-08-25 15:40:00,630 [INFO] PluginManage:359 - Loaded plugin lpbam (category:base,tabindex:0)
2025-08-25 15:40:00,630 [INFO] PluginManage:310 - Check plugin memorymap
2025-08-25 15:40:00,650 [INFO] PluginManage:359 - Loaded plugin memorymap (category:base,tabindex:4)
2025-08-25 15:40:00,651 [INFO] PluginManage:310 - Check plugin pinoutandconfiguration
2025-08-25 15:40:00,664 [INFO] PluginManage:359 - Loaded plugin pinoutandconfiguration (category:base,tabindex:1)
2025-08-25 15:40:00,664 [INFO] PluginManage:310 - Check plugin pinoutconfig
2025-08-25 15:40:00,816 [WARN] SupportedApi:132 - Cannot load RTOS API schema: s4s-elt-must-match.1: The content of 'definitions' must match (annotation?, (simpleType | complexType)?, (unique | key | keyref)*)). A problem was found starting at: attribute.
2025-08-25 15:40:01,038 [INFO] PluginManage:359 - Loaded plugin pinoutconfig (category:base,tabindex:0)
2025-08-25 15:40:01,039 [INFO] PluginManage:310 - Check plugin power
2025-08-25 15:40:01,057 [INFO] PluginManage:359 - Loaded plugin power (category:power,tabindex:4)
2025-08-25 15:40:01,057 [INFO] PluginManage:310 - Check plugin projectmanager
2025-08-25 15:40:01,087 [INFO] PluginManage:359 - Loaded plugin projectmanager (category:projectmanager,tabindex:4)
2025-08-25 15:40:01,087 [INFO] PluginManage:310 - Check plugin rif
2025-08-25 15:40:01,103 [INFO] PluginManage:359 - Loaded plugin rif (category:base,tabindex:3)
2025-08-25 15:40:01,104 [INFO] PluginManage:310 - Check plugin thirdparty
2025-08-25 15:40:01,304 [INFO] PluginManage:359 - Loaded plugin thirdparty (category:base,tabindex:-1)
2025-08-25 15:40:01,304 [WARN] IntegrityCheckThread:84 - waiting for thirdparty lock release [integrity check]
2025-08-25 15:40:01,304 [INFO] PluginManage:310 - Check plugin tools
2025-08-25 15:40:01,305 [INFO] IntegrityCheckThread:86 - entering critical section [integrity check]
2025-08-25 15:40:01,305 [INFO] ThirdPartyUpdaterWithRetryManager:70 - Updater plugin not ready yet. [1/15]
2025-08-25 15:40:01,308 [INFO] PluginManage:359 - Loaded plugin tools (category:base,tabindex:7)
2025-08-25 15:40:01,308 [INFO] PluginManage:310 - Check plugin tutovideos
2025-08-25 15:40:01,676 [INFO] PluginManage:359 - Loaded plugin tutovideos (category:base,tabindex:-1)
2025-08-25 15:40:01,676 [INFO] PluginManage:310 - Check plugin updater
2025-08-25 15:40:01,714 [INFO] PluginManage:359 - Loaded plugin updater (category:base,tabindex:12)
2025-08-25 15:40:01,715 [INFO] PluginManage:310 - Check plugin userauth
2025-08-25 15:40:01,721 [INFO] UserAuth:118 - Init User Auth plugin
2025-08-25 15:40:01,722 [INFO] PluginManage:359 - Loaded plugin userauth (category:base,tabindex:14)
2025-08-25 15:40:01,723 [INFO] PluginManage:283 - PluginManage : Loaded plugins [18]
2025-08-25 15:40:01,992 [INFO] PinOutPanel:1589 - setPackage(No Configuration,No Configuration)
2025-08-25 15:40:02,107 [INFO] CADModel:165 - CPN selected for project level
2025-08-25 15:40:02,107 [INFO] CADModel:114 - Register for checkConnection events
2025-08-25 15:40:02,136 [INFO] IPUIPlugin:80 - create IPUIPlugin
2025-08-25 15:40:02,136 [INFO] PluginManager:220 - loadIPPluginJar : add adc
2025-08-25 15:40:02,140 [INFO] IPUIPlugin:80 - create IPUIPlugin
2025-08-25 15:40:02,141 [INFO] PluginManager:220 - loadIPPluginJar : add aes
2025-08-25 15:40:02,144 [INFO] IPUIPlugin:80 - create IPUIPlugin
2025-08-25 15:40:02,144 [INFO] PluginManager:220 - loadIPPluginJar : add can
2025-08-25 15:40:02,148 [INFO] IPUIPlugin:80 - create IPUIPlugin
2025-08-25 15:40:02,148 [INFO] PluginManager:220 - loadIPPluginJar : add comp
2025-08-25 15:40:02,151 [INFO] IPUIPlugin:80 - create IPUIPlugin
2025-08-25 15:40:02,152 [INFO] PluginManager:220 - loadIPPluginJar : add cryp
2025-08-25 15:40:02,156 [INFO] IPUIPlugin:80 - create IPUIPlugin
2025-08-25 15:40:02,157 [INFO] PluginManager:220 - loadIPPluginJar : add ddr_ctrl_phy
2025-08-25 15:40:02,160 [INFO] IPUIPlugin:80 - create IPUIPlugin
2025-08-25 15:40:02,160 [INFO] PluginManager:220 - loadIPPluginJar : add dfsdm
2025-08-25 15:40:02,171 [INFO] IPUIPlugin:80 - create IPUIPlugin
2025-08-25 15:40:02,172 [INFO] PluginManager:220 - loadIPPluginJar : add dma
2025-08-25 15:40:02,175 [INFO] IPUIPlugin:80 - create IPUIPlugin
2025-08-25 15:40:02,175 [INFO] PluginManager:220 - loadIPPluginJar : add dma3
2025-08-25 15:40:02,181 [INFO] IPUIPlugin:80 - create IPUIPlugin
2025-08-25 15:40:02,181 [INFO] PluginManager:220 - loadIPPluginJar : add extmemmanager
2025-08-25 15:40:02,183 [INFO] IPUIPlugin:80 - create IPUIPlugin
2025-08-25 15:40:02,184 [INFO] PluginManager:220 - loadIPPluginJar : add fatfs
2025-08-25 15:40:02,191 [INFO] IPUIPlugin:80 - create IPUIPlugin
2025-08-25 15:40:02,191 [INFO] PluginManager:220 - loadIPPluginJar : add fmc
2025-08-25 15:40:02,201 [INFO] IPUIPlugin:80 - create IPUIPlugin
2025-08-25 15:40:02,202 [INFO] PluginManager:220 - loadIPPluginJar : add freertos
2025-08-25 15:40:02,205 [INFO] IPUIPlugin:80 - create IPUIPlugin
2025-08-25 15:40:02,205 [INFO] PluginManager:220 - loadIPPluginJar : add genericplugin
2025-08-25 15:40:02,208 [INFO] IPUIPlugin:80 - create IPUIPlugin
2025-08-25 15:40:02,209 [INFO] PluginManager:220 - loadIPPluginJar : add gfxmmu
2025-08-25 15:40:02,220 [INFO] IPUIPlugin:80 - create IPUIPlugin
2025-08-25 15:40:02,221 [INFO] PluginManager:220 - loadIPPluginJar : add gic
2025-08-25 15:40:02,232 [INFO] IPUIPlugin:80 - create IPUIPlugin
2025-08-25 15:40:02,233 [INFO] PluginManager:220 - loadIPPluginJar : add gpio
2025-08-25 15:40:02,238 [INFO] IPUIPlugin:80 - create IPUIPlugin
2025-08-25 15:40:02,239 [INFO] PluginManager:220 - loadIPPluginJar : add gtzc
2025-08-25 15:40:02,243 [INFO] IPUIPlugin:80 - create IPUIPlugin
2025-08-25 15:40:02,244 [INFO] PluginManager:220 - loadIPPluginJar : add hash
2025-08-25 15:40:02,249 [INFO] IPUIPlugin:80 - create IPUIPlugin
2025-08-25 15:40:02,249 [INFO] PluginManager:220 - loadIPPluginJar : add i2c
2025-08-25 15:40:02,253 [INFO] IPUIPlugin:80 - create IPUIPlugin
2025-08-25 15:40:02,254 [INFO] PluginManager:220 - loadIPPluginJar : add i2s
2025-08-25 15:40:02,257 [INFO] IPUIPlugin:80 - create IPUIPlugin
2025-08-25 15:40:02,258 [INFO] PluginManager:220 - loadIPPluginJar : add i3c
2025-08-25 15:40:02,263 [INFO] IPUIPlugin:80 - create IPUIPlugin
2025-08-25 15:40:02,263 [INFO] PluginManager:220 - loadIPPluginJar : add ipddr
2025-08-25 15:40:02,276 [INFO] IPUIPlugin:80 - create IPUIPlugin
2025-08-25 15:40:02,276 [INFO] PluginManager:220 - loadIPPluginJar : add linkedlist
2025-08-25 15:40:02,280 [INFO] IPUIPlugin:80 - create IPUIPlugin
2025-08-25 15:40:02,281 [INFO] PluginManager:220 - loadIPPluginJar : add lorawan
2025-08-25 15:40:02,283 [INFO] IPUIPlugin:80 - create IPUIPlugin
2025-08-25 15:40:02,283 [INFO] PluginManager:220 - loadIPPluginJar : add ltdc
2025-08-25 15:40:02,293 [INFO] IPUIPlugin:80 - create IPUIPlugin
2025-08-25 15:40:02,293 [INFO] PluginManager:220 - loadIPPluginJar : add mdma
2025-08-25 15:40:02,301 [INFO] IPUIPlugin:80 - create IPUIPlugin
2025-08-25 15:40:02,301 [INFO] PluginManager:220 - loadIPPluginJar : add nvic
2025-08-25 15:40:02,305 [INFO] IPUIPlugin:80 - create IPUIPlugin
2025-08-25 15:40:02,306 [INFO] PluginManager:220 - loadIPPluginJar : add opamp
2025-08-25 15:40:02,309 [INFO] IPUIPlugin:80 - create IPUIPlugin
2025-08-25 15:40:02,310 [INFO] PluginManager:220 - loadIPPluginJar : add openamp
2025-08-25 15:40:02,314 [INFO] IPUIPlugin:80 - create IPUIPlugin
2025-08-25 15:40:02,315 [INFO] PluginManager:220 - loadIPPluginJar : add pdm2pcm
2025-08-25 15:40:02,325 [INFO] IPUIPlugin:80 - create IPUIPlugin
2025-08-25 15:40:02,330 [INFO] PluginManager:220 - loadIPPluginJar : add plateformsettings
2025-08-25 15:40:02,332 [INFO] IPUIPlugin:80 - create IPUIPlugin
2025-08-25 15:40:02,333 [INFO] PluginManager:220 - loadIPPluginJar : add quadspi
2025-08-25 15:40:02,335 [INFO] IPUIPlugin:80 - create IPUIPlugin
2025-08-25 15:40:02,336 [INFO] PluginManager:220 - loadIPPluginJar : add radio
2025-08-25 15:40:02,343 [INFO] IPUIPlugin:80 - create IPUIPlugin
2025-08-25 15:40:02,343 [INFO] PluginManager:220 - loadIPPluginJar : add resmgrutility
2025-08-25 15:40:02,351 [INFO] IPUIPlugin:80 - create IPUIPlugin
2025-08-25 15:40:02,351 [INFO] PluginManager:220 - loadIPPluginJar : add sai
2025-08-25 15:40:02,356 [INFO] IPUIPlugin:80 - create IPUIPlugin
2025-08-25 15:40:02,356 [INFO] PluginManager:220 - loadIPPluginJar : add spi
2025-08-25 15:40:02,371 [INFO] IPUIPlugin:80 - create IPUIPlugin
2025-08-25 15:40:02,371 [INFO] PluginManager:220 - loadIPPluginJar : add stm32_wpan
2025-08-25 15:40:02,374 [INFO] IPUIPlugin:80 - create IPUIPlugin
2025-08-25 15:40:02,375 [INFO] PluginManager:220 - loadIPPluginJar : add tim
2025-08-25 15:40:02,383 [INFO] IPUIPlugin:80 - create IPUIPlugin
2025-08-25 15:40:02,384 [INFO] PluginManager:220 - loadIPPluginJar : add touchsensing
2025-08-25 15:40:02,388 [INFO] IPUIPlugin:80 - create IPUIPlugin
2025-08-25 15:40:02,388 [INFO] PluginManager:220 - loadIPPluginJar : add tracer_emb
2025-08-25 15:40:02,392 [INFO] IPUIPlugin:80 - create IPUIPlugin
2025-08-25 15:40:02,393 [INFO] PluginManager:220 - loadIPPluginJar : add ts
2025-08-25 15:40:02,396 [INFO] IPUIPlugin:80 - create IPUIPlugin
2025-08-25 15:40:02,397 [INFO] PluginManager:220 - loadIPPluginJar : add tsc
2025-08-25 15:40:02,401 [INFO] IPUIPlugin:80 - create IPUIPlugin
2025-08-25 15:40:02,401 [INFO] PluginManager:220 - loadIPPluginJar : add ucpd
2025-08-25 15:40:02,406 [INFO] IPUIPlugin:80 - create IPUIPlugin
2025-08-25 15:40:02,406 [INFO] PluginManager:220 - loadIPPluginJar : add usart
2025-08-25 15:40:02,412 [INFO] IPUIPlugin:80 - create IPUIPlugin
2025-08-25 15:40:02,412 [INFO] PluginManager:220 - loadIPPluginJar : add usbx
2025-08-25 15:40:02,552 [FATAL] Updater:351 - Updater called before beeing initialized
2025-08-25 15:40:02,610 [INFO] RulesReader:64 - Compatibility file has been processed (317 Rules)
2025-08-25 15:40:02,641 [INFO] RulesReader:64 - Compatibility file has been processed (317 Rules)
2025-08-25 15:40:02,655 [INFO] CADModel:165 - CPN selected for project level
2025-08-25 15:40:02,656 [INFO] CADModel:114 - Register for checkConnection events
2025-08-25 15:40:02,656 [FATAL] Updater:351 - Updater called before beeing initialized
2025-08-25 15:40:02,656 [ERROR] CADModel:125 - Updater not yet initialized, retry later 
2025-08-25 15:40:02,894 [FATAL] Updater:351 - Updater called before beeing initialized
2025-08-25 15:40:02,896 [INFO] CADModel:165 - CPN selected for project level
2025-08-25 15:40:02,897 [INFO] CADModel:114 - Register for checkConnection events
2025-08-25 15:40:02,897 [FATAL] Updater:351 - Updater called before beeing initialized
2025-08-25 15:40:02,897 [ERROR] CADModel:125 - Updater not yet initialized, retry later 
2025-08-25 15:40:02,902 [FATAL] Updater:351 - Updater called before beeing initialized
2025-08-25 15:40:03,184 [FATAL] Updater:351 - Updater called before beeing initialized
2025-08-25 15:40:03,190 [INFO] DbMcusAds:53 - JSON generation date=Tue Jul 08 13:44:23 IST 2025 (1751962463582)
2025-08-25 15:40:03,190 [FATAL] Updater:351 - Updater called before beeing initialized
2025-08-25 15:40:03,254 [WARN] DetailPanel:346 - Failed to get advertising image, set to default
2025-08-25 15:40:03,386 [FATAL] Updater:351 - Updater called before beeing initialized
2025-08-25 15:40:03,388 [FATAL] Updater:351 - Updater called before beeing initialized
2025-08-25 15:40:03,389 [FATAL] Updater:351 - Updater called before beeing initialized
2025-08-25 15:40:03,389 [WARN] DetailPanel:346 - Failed to get advertising image, set to default
2025-08-25 15:40:03,390 [FATAL] Updater:351 - Updater called before beeing initialized
2025-08-25 15:40:03,442 [ERROR] Updater:1198 - MainUpdater not yet initialized. External WinMGr cannot be set.
2025-08-25 15:40:03,444 [INFO] Updater:1134 - Updater Version found : 6.15.0
2025-08-25 15:40:03,477 [INFO] ApplicationProperties:184 - Using Application install path: /home/uttkarsh_8/st/stm32cubeide_1.19.0_2/plugins/com.st.stm32cube.common.mx_6.15.0.202507011659
2025-08-25 15:40:04,306 [INFO] ThirdPartyUpdaterWithRetryManager:70 - Updater plugin not ready yet. [2/15]
2025-08-25 15:40:05,502 [INFO] MainUpdater:2872 - connection check result : 10
2025-08-25 15:40:05,503 [INFO] MainUpdater:289 - Updater Check For Update Now.
2025-08-25 15:40:05,504 [INFO] MicroXplorer:498 - Change Database Version : DB.6.0.150
2025-08-25 15:40:05,513 [INFO] McuFinderGlobals:63 - Set McuFinder mode to 2 (CubeIDE integrated)
2025-08-25 15:40:05,514 [INFO] UserAuth:487 - Internet connection configuration mode: 1
2025-08-25 15:40:05,544 [INFO] JxBrowserEngine:152 - Initiate JxBrowser Engine with user profile folder
2025-08-25 15:40:05,797 [INFO] CheckServerUpdateThread:120 - End of CheckServer Thread
2025-08-25 15:40:06,890 [INFO] WebApp:169 - Instantiating new browser for Auth
2025-08-25 15:40:07,611 [WARN] PackLoader:240 - Cannot read IP mode file for STMicroelectronics.FP-SNS-MOTENVWB1.1.4.0
2025-08-25 15:40:07,626 [WARN] PackLoader:240 - Cannot read IP mode file for STMicroelectronics.FP-ATR-ASTRA1.2.0.2
2025-08-25 15:40:07,641 [WARN] PackLoader:240 - Cannot read IP mode file for STMicroelectronics.X-CUBE-SMBUS.2.1.0
2025-08-25 15:40:07,652 [WARN] PackLoader:240 - Cannot read IP mode file for STMicroelectronics.X-CUBE-ST60.1.0.0
2025-08-25 15:40:07,729 [WARN] PackLoader:240 - Cannot read IP mode file for STMicroelectronics.X-CUBE-AZRTOS-F7.1.1.0
2025-08-25 15:40:07,814 [WARN] PackLoader:240 - Cannot read IP mode file for Infineon.AIROC-Wi-Fi-Bluetooth-STM32.1.7.1
2025-08-25 15:40:07,898 [WARN] PackLoader:240 - Cannot read IP mode file for STMicroelectronics.X-CUBE-AZRTOS-H7.3.4.0
2025-08-25 15:40:07,925 [WARN] PackLoader:240 - Cannot read IP mode file for STMicroelectronics.X-CUBE-DISPLAY.3.0.0
2025-08-25 15:40:07,956 [WARN] PackLoader:240 - Cannot read IP mode file for STMicroelectronics.X-CUBE-NFC10.1.0.0
2025-08-25 15:40:07,971 [WARN] PackLoader:240 - Cannot read IP mode file for emotas.I-CUBE-CANOPEN.1.3.0
2025-08-25 15:40:07,987 [WARN] PackLoader:240 - Cannot read IP mode file for STMicroelectronics.FP-SNS-STBOX1.2.1.0
2025-08-25 15:40:07,999 [WARN] PackLoader:240 - Cannot read IP mode file for STMicroelectronics.FP-SNS-SMARTAG2.1.2.0
2025-08-25 15:40:08,013 [WARN] PackLoader:240 - Cannot read IP mode file for STMicroelectronics.FP-SNS-FLIGHT1.5.1.0
2025-08-25 15:40:08,043 [INFO] LogOutputStream:77 - [STDOUT_REDIRECT] 1 : Invalid condition id : UX_CORESTACK_Condition cause : null
2025-08-25 15:40:08,044 [INFO] LogOutputStream:77 - [STDOUT_REDIRECT] 1 : Invalid condition id : UX_CORESTACK_Condition cause : null
2025-08-25 15:40:08,045 [INFO] LogOutputStream:77 - [STDOUT_REDIRECT] 1 : Invalid condition id : UX_CORESTACK_Condition cause : null
2025-08-25 15:40:08,045 [INFO] LogOutputStream:77 - [STDOUT_REDIRECT] 1 : Invalid condition id : UX_CORESTACK_Condition cause : null
2025-08-25 15:40:08,046 [INFO] LogOutputStream:77 - [STDOUT_REDIRECT] 1 : Invalid condition id : UX_CORESTACK_Condition cause : null
2025-08-25 15:40:08,051 [INFO] WebApp:463 - Apply proxy settings
2025-08-25 15:40:08,051 [INFO] WebApp:548 - Chromium requires no authentication
2025-08-25 15:40:08,056 [WARN] PackLoader:240 - Cannot read IP mode file for STMicroelectronics.X-CUBE-AZRTOS-WL.2.0.0
2025-08-25 15:40:08,068 [WARN] PackLoader:240 - Cannot read IP mode file for STMicroelectronics.FP-SNS-MOTENV1.5.0.0
2025-08-25 15:40:08,068 [INFO] WebApp:491 - Direct internet connection detected
2025-08-25 15:40:08,084 [WARN] PackLoader:240 - Cannot read IP mode file for STMicroelectronics.X-CUBE-BLE2.3.3.0
2025-08-25 15:40:08,100 [WARN] PackLoader:240 - Cannot read IP mode file for STMicroelectronics.X-CUBE-NFC9.1.0.0
2025-08-25 15:40:08,129 [INFO] WebApp:900 - Register for checkConnection events
2025-08-25 15:40:08,130 [INFO] WebApp:463 - Apply proxy settings
2025-08-25 15:40:08,130 [INFO] WebApp:548 - Chromium requires no authentication
2025-08-25 15:40:08,130 [WARN] PackLoader:240 - Cannot read IP mode file for wolfSSL.I-CUBE-wolfSSL.5.8.2
2025-08-25 15:40:08,132 [INFO] WebApp:491 - Direct internet connection detected
2025-08-25 15:40:08,140 [WARN] PackLoader:240 - Cannot read IP mode file for STMicroelectronics.X-CUBE-BLE1.7.1.0
2025-08-25 15:40:08,147 [WARN] PackLoader:240 - Cannot read IP mode file for wolfSSL.I-CUBE-wolfMQTT.1.19.2
2025-08-25 15:40:08,160 [WARN] PackLoader:240 - Cannot read IP mode file for STMicroelectronics.X-CUBE-EEPRMA1.5.2.0
2025-08-25 15:40:08,202 [WARN] PackLoader:240 - Cannot read IP mode file for STMicroelectronics.X-CUBE-AZRTOS-G0.1.1.0
2025-08-25 15:40:08,219 [WARN] PackLoader:240 - Cannot read IP mode file for STMicroelectronics.X-CUBE-SAFEA1.1.2.2
2025-08-25 15:40:08,231 [WARN] PackLoader:240 - Cannot read IP mode file for STMicroelectronics.X-CUBE-NFC4.3.0.0
2025-08-25 15:40:08,249 [WARN] PackLoader:240 - Cannot read IP mode file for EmbeddedOffice.I-CUBE-FS-RTOS.1.0.1
2025-08-25 15:40:08,260 [WARN] PackLoader:240 - Cannot read IP mode file for STMicroelectronics.X-CUBE-WB05N.2.0.0
2025-08-25 15:40:08,267 [WARN] PackLoader:240 - Cannot read IP mode file for wolfSSL.I-CUBE-wolfTPM.3.8.0
2025-08-25 15:40:08,277 [WARN] PackLoader:240 - Cannot read IP mode file for STMicroelectronics.X-CUBE-TCPP.4.2.0
2025-08-25 15:40:08,288 [WARN] PackLoader:240 - Cannot read IP mode file for RealThread.X-CUBE-RT-Thread_Nano.4.1.1
2025-08-25 15:40:08,295 [WARN] PackLoader:240 - Cannot read IP mode file for STMicroelectronics.FP-ATR-SIGFOX1.3.2.0
2025-08-25 15:40:08,306 [WARN] PackLoader:240 - Cannot read IP mode file for STMicroelectronics.X-CUBE-ST67W61.1.0.0
2025-08-25 15:40:08,313 [WARN] PackLoader:240 - Cannot read IP mode file for STMicroelectronics.X-CUBE-AI.10.2.0
2025-08-25 15:40:08,376 [WARN] PackLoader:240 - Cannot read IP mode file for SEGGER.I-CUBE-embOS.1.3.1
2025-08-25 15:40:08,417 [INFO] WebApp:225 - Starting web application
2025-08-25 15:40:08,418 [INFO] WebApp:593 - Web application path used /home/uttkarsh_8/st/stm32cubeide_1.19.0_2/plugins/com.st.stm32cube.common.mx_6.15.0.202507011659/db/plugins/mcufinder/reactClient1/index.html
2025-08-25 15:40:08,495 [WARN] PackLoader:240 - Cannot read IP mode file for STMicroelectronics.X-CUBE-ALGOBUILD.1.4.0
2025-08-25 15:40:08,612 [WARN] PackLoader:240 - Cannot read IP mode file for STMicroelectronics.X-CUBE-MEMS1.11.3.0
2025-08-25 15:40:08,661 [INFO] UserAuth:487 - Internet connection configuration mode: 1
2025-08-25 15:40:08,914 [WARN] PackLoader:240 - Cannot read IP mode file for STMicroelectronics.X-CUBE-PM33A1.1.0.0
2025-08-25 15:40:08,948 [WARN] PackLoader:240 - Cannot read IP mode file for STMicroelectronics.X-CUBE-AZRTOS-F4.1.1.0
2025-08-25 15:40:08,957 [WARN] PackLoader:240 - Cannot read IP mode file for Avnet-IotConnect.X-CUBE-IoTC-DA16k-PMOD.1.0.0
2025-08-25 15:40:08,963 [WARN] PackLoader:240 - Cannot read IP mode file for STMicroelectronics.X-CUBE-ISPU.2.1.0
2025-08-25 15:40:08,973 [WARN] PackLoader:240 - Cannot read IP mode file for STMicroelectronics.X-CUBE-NFC12.1.0.0
2025-08-25 15:40:09,019 [WARN] PackLoader:240 - Cannot read IP mode file for STMicroelectronics.X-CUBE-AZRTOS-L5.2.0.0
2025-08-25 15:40:09,046 [WARN] PackLoader:240 - Cannot read IP mode file for STMicroelectronics.X-CUBE-NFC6.3.1.0
2025-08-25 15:40:09,062 [WARN] PackLoader:240 - Cannot read IP mode file for STMicroelectronics.X-CUBE-FREERTOS.1.3.1
2025-08-25 15:40:09,073 [WARN] PackLoader:240 - Cannot read IP mode file for STMicroelectronics.FP-SNS-STAIOTCFT.1.0.0
2025-08-25 15:40:09,083 [WARN] PackLoader:240 - Cannot read IP mode file for STMicroelectronics.X-CUBE-DPower.1.3.0
2025-08-25 15:40:09,122 [WARN] ConditionMgr:438 - getConditionDescription Invalid condition id : LAN8742 Phy interface Condition cause : null
2025-08-25 15:40:09,123 [WARN] PackLoader:240 - Cannot read IP mode file for STMicroelectronics.X-CUBE-AZRTOS-L4.2.0.0
2025-08-25 15:40:09,125 [WARN] ConditionMgr:1044 - genDependencies : Invalid condition id : LAN8742 Phy interface Condition cause : null
2025-08-25 15:40:09,125 [WARN] ConditionMgr:1044 - genDependencies : Invalid condition id : LAN8742 Phy interface Condition cause : null
2025-08-25 15:40:09,126 [WARN] ConditionMgr:1044 - genDependencies : Invalid condition id : LAN8742 Phy interface Condition cause : null
2025-08-25 15:40:09,139 [WARN] PackLoader:240 - Cannot read IP mode file for STMicroelectronics.X-CUBE-SFXS2LP1.4.0.0
2025-08-25 15:40:09,162 [WARN] PackLoader:240 - Cannot read IP mode file for STMicroelectronics.X-CUBE-BLEMGR.4.1.0
2025-08-25 15:40:09,200 [WARN] ConditionMgr:438 - getConditionDescription Invalid condition id : UX DEVICE CLASS RTOS Condition cause : null
2025-08-25 15:40:09,201 [WARN] ConditionMgr:438 - getConditionDescription Invalid condition id : UX DEVICE CLASS RTOS Condition cause : null
2025-08-25 15:40:09,206 [WARN] PackLoader:240 - Cannot read IP mode file for STMicroelectronics.X-CUBE-AZRTOS-WB.2.0.0
2025-08-25 15:40:09,207 [WARN] ConditionMgr:1044 - genDependencies : Invalid condition id : UX DEVICE CLASS RTOS Condition cause : null
2025-08-25 15:40:09,207 [WARN] ConditionMgr:1044 - genDependencies : Invalid condition id : UX DEVICE CLASS RTOS Condition cause : null
2025-08-25 15:40:09,208 [WARN] ConditionMgr:1044 - genDependencies : Invalid condition id : UX DEVICE CLASS RTOS Condition cause : null
2025-08-25 15:40:09,209 [WARN] ConditionMgr:1044 - genDependencies : Invalid condition id : UX DEVICE CLASS RTOS Condition cause : null
2025-08-25 15:40:09,209 [WARN] ConditionMgr:1044 - genDependencies : Invalid condition id : UX DEVICE CLASS RTOS Condition cause : null
2025-08-25 15:40:09,255 [WARN] PackLoader:240 - Cannot read IP mode file for STMicroelectronics.X-CUBE-GNSS1.7.0.1
2025-08-25 15:40:09,270 [WARN] PackLoader:240 - Cannot read IP mode file for STMicroelectronics.X-CUBE-TOUCHGFX.4.25.0
2025-08-25 15:40:09,275 [WARN] ConditionMgr:438 - getConditionDescription Invalid condition id : Cortex-A Device cause : null
2025-08-25 15:40:09,307 [WARN] ConditionMgr:1044 - genDependencies : Invalid condition id : Cortex-A Device cause : null
2025-08-25 15:40:09,308 [WARN] ConditionMgr:1044 - genDependencies : Invalid condition id : Cortex-A Device cause : null
2025-08-25 15:40:09,309 [WARN] ConditionMgr:1044 - genDependencies : Invalid condition id : Cortex-A Device cause : null
2025-08-25 15:40:09,359 [WARN] PackLoader:240 - Cannot read IP mode file for STMicroelectronics.X-CUBE-SUBG2.5.0.0
2025-08-25 15:40:09,401 [WARN] PackLoader:240 - Cannot read IP mode file for STMicroelectronics.X-CUBE-AZRTOS-H7RS.1.1.0
2025-08-25 15:40:09,410 [WARN] PackLoader:240 - Cannot read IP mode file for Cesanta.I-CUBE-Mongoose.7.13.0
2025-08-25 15:40:09,434 [WARN] PackLoader:240 - Cannot read IP mode file for STMicroelectronics.X-CUBE-AZRTOS-G4.2.0.0
2025-08-25 15:40:09,441 [WARN] PackLoader:240 - Cannot read IP mode file for wolfSSL.I-CUBE-wolfSSH.1.4.20
2025-08-25 15:40:09,447 [WARN] PackLoader:240 - Cannot read IP mode file for STMicroelectronics.X-CUBE-NFC7.2.0.0
2025-08-25 15:40:09,467 [WARN] PackLoader:240 - Cannot read IP mode file for STMicroelectronics.X-CUBE-IPS.3.1.0
2025-08-25 15:40:09,479 [WARN] PackLoader:240 - Cannot read IP mode file for STMicroelectronics.X-CUBE-ALS.1.0.2
2025-08-25 15:40:09,485 [WARN] PackLoader:240 - Cannot read IP mode file for portGmbH.I-Cube-SoM-uGOAL.1.1.0
2025-08-25 15:40:09,499 [WARN] PackLoader:240 - Cannot read IP mode file for STMicroelectronics.X-CUBE-TOF1.3.4.3
2025-08-25 15:40:09,513 [INFO] ThirdParty:978 - Integrity check success = true
2025-08-25 15:40:09,514 [INFO] IntegrityCheckThread:100 - exiting critical section [integrity check]
2025-08-25 15:40:09,514 [INFO] IntegrityCheckThread:103 - End integrity checks thread
2025-08-25 15:40:09,830 [INFO] WebApp:191 - Connection restablished
2025-08-25 16:07:32,103 [INFO] WebApp:194 - Connection lost
2025-08-25 16:09:30,899 [INFO] WebApp:191 - Connection restablished
