2025-08-18 12:29:51,855 [INFO] Activator:176 - 


2025-08-18 12:29:51,859 [INFO] Activator:177 - !SESSION log4j initialized
2025-08-18 12:29:55,410 [INFO] LogOutputStream:77 - [STDOUT_REDIRECT] 
2025-08-18 12:29:55,916 [INFO] ApplicationProperties:184 - Using Application install path: /home/uttkarsh_8/st/stm32cubeide_1.19.0_2/plugins/com.st.stm32cube.common.mx_6.15.0.202507011659
2025-08-18 12:29:55,927 [INFO] DbMcusXml:78 - Set database path to: /home/uttkarsh_8/st/stm32cubeide_1.19.0_2/plugins/com.st.stm32cube.common.mx_6.15.0.202507011659//db//mcu/
2025-08-18 12:29:55,928 [INFO] ApiDb:274 - Set plugin database path to: /home/uttkarsh_8/st/stm32cubeide_1.19.0_2/plugins/com.st.stm32cube.common.mx_6.15.0.202507011659//db//plugins/boardmanager/
2025-08-18 12:29:55,928 [WARN] ApiDb:259 - Overriding images path with different value:  => /home/uttkarsh_8/st/stm32cubeide_1.19.0_2/plugins/com.st.stm32cube.common.mx_6.15.0.202507011659//db//plugins/mcufinder/images/
2025-08-18 12:29:55,931 [INFO] ApiDb:250 - Set database path to: /home/uttkarsh_8/.stmcufinder/plugins/mcufinder//mcu/
2025-08-18 12:29:55,932 [INFO] DbMcusAds:125 - Set database path to: /home/uttkarsh_8/.stmcufinder/plugins/mcufinder//mcu/
2025-08-18 12:29:55,933 [INFO] CrossReferenceDbSqlite:203 - Set database path to: /home/uttkarsh_8/.stmcufinder/plugins/mcufinder//mcu/cs/
2025-08-18 12:29:56,026 [INFO] RulesReader:64 - Compatibility file has been processed (317 Rules)
2025-08-18 12:29:56,065 [INFO] DbMcusXml:78 - Set database path to: /home/uttkarsh_8/st/stm32cubeide_1.19.0_2/plugins/com.st.stm32cube.common.mx_6.15.0.202507011659//db//mcu/
2025-08-18 12:29:56,065 [INFO] ApiDb:274 - Set plugin database path to: /home/uttkarsh_8/st/stm32cubeide_1.19.0_2/plugins/com.st.stm32cube.common.mx_6.15.0.202507011659//db//plugins/boardmanager/
2025-08-18 12:29:56,065 [INFO] ApiDb:261 - Set plugin images path to: /home/uttkarsh_8/st/stm32cubeide_1.19.0_2/plugins/com.st.stm32cube.common.mx_6.15.0.202507011659//db//plugins/mcufinder/images/
2025-08-18 12:29:56,065 [WARN] DbFile:41 - Overriding database path with different value: /home/uttkarsh_8/.stmcufinder/plugins/mcufinder/ => /home/uttkarsh_8/.stmcufinder/plugins/mcufinder
2025-08-18 12:29:56,065 [INFO] ApiDb:250 - Set database path to: /home/uttkarsh_8/.stmcufinder/plugins/mcufinder//mcu/
2025-08-18 12:29:56,065 [WARN] DbFile:41 - Overriding database path with different value: /home/uttkarsh_8/.stmcufinder/plugins/mcufinder/ => /home/uttkarsh_8/.stmcufinder/plugins/mcufinder
2025-08-18 12:29:56,065 [INFO] DbMcusAds:125 - Set database path to: /home/uttkarsh_8/.stmcufinder/plugins/mcufinder//mcu/
2025-08-18 12:29:56,065 [WARN] DbFile:41 - Overriding database path with different value: /home/uttkarsh_8/.stmcufinder/plugins/mcufinder/ => /home/uttkarsh_8/.stmcufinder/plugins/mcufinder
2025-08-18 12:29:56,066 [WARN] DbFile:41 - Overriding database path with different value: /home/uttkarsh_8/.stmcufinder/plugins/mcufinder/ => /home/uttkarsh_8/.stmcufinder/plugins/mcufinder
2025-08-18 12:29:56,066 [INFO] CrossReferenceDbSqlite:203 - Set database path to: /home/uttkarsh_8/.stmcufinder/plugins/mcufinder//mcu/cs/
2025-08-18 12:29:56,107 [INFO] MainPanel:274 - HeapMemory: 249561088
2025-08-18 12:29:56,190 [INFO] DbMcusXml:78 - Set database path to: /home/uttkarsh_8/st/stm32cubeide_1.19.0_2/plugins/com.st.stm32cube.common.mx_6.15.0.202507011659//db//mcu/
2025-08-18 12:29:56,191 [INFO] ApiDb:274 - Set plugin database path to: /home/uttkarsh_8/st/stm32cubeide_1.19.0_2/plugins/com.st.stm32cube.common.mx_6.15.0.202507011659//db//plugins/boardmanager/
2025-08-18 12:29:56,191 [INFO] ApiDb:261 - Set plugin images path to: /home/uttkarsh_8/st/stm32cubeide_1.19.0_2/plugins/com.st.stm32cube.common.mx_6.15.0.202507011659//db//plugins/mcufinder/images/
2025-08-18 12:29:56,191 [WARN] DbFile:41 - Overriding database path with different value: /home/uttkarsh_8/.stmcufinder/plugins/mcufinder/ => /home/uttkarsh_8/.stmcufinder/plugins/mcufinder
2025-08-18 12:29:56,191 [INFO] ApiDb:250 - Set database path to: /home/uttkarsh_8/.stmcufinder/plugins/mcufinder//mcu/
2025-08-18 12:29:56,191 [WARN] DbFile:41 - Overriding database path with different value: /home/uttkarsh_8/.stmcufinder/plugins/mcufinder/ => /home/uttkarsh_8/.stmcufinder/plugins/mcufinder
2025-08-18 12:29:56,191 [INFO] DbMcusAds:125 - Set database path to: /home/uttkarsh_8/.stmcufinder/plugins/mcufinder//mcu/
2025-08-18 12:29:56,191 [WARN] DbFile:41 - Overriding database path with different value: /home/uttkarsh_8/.stmcufinder/plugins/mcufinder/ => /home/uttkarsh_8/.stmcufinder/plugins/mcufinder
2025-08-18 12:29:56,191 [WARN] DbFile:41 - Overriding database path with different value: /home/uttkarsh_8/.stmcufinder/plugins/mcufinder/ => /home/uttkarsh_8/.stmcufinder/plugins/mcufinder
2025-08-18 12:29:56,191 [INFO] CrossReferenceDbSqlite:203 - Set database path to: /home/uttkarsh_8/.stmcufinder/plugins/mcufinder//mcu/cs/
2025-08-18 12:29:56,200 [INFO] ApplicationProperties:184 - Using Application install path: /home/uttkarsh_8/st/stm32cubeide_1.19.0_2/plugins/com.st.stm32cube.common.mx_6.15.0.202507011659
2025-08-18 12:29:56,201 [INFO] PluginManage:196 - Search for loadable plugins [exclusion list=, ]
2025-08-18 12:29:56,202 [INFO] PluginManage:310 - Check plugin analytics
2025-08-18 12:29:56,344 [INFO] AnalyticsPlugin:253 - Accepted Software Licenses: 
2025-08-18 12:29:56,344 [INFO] AnalyticsPlugin:255 - Accepted CMSIS Pack Licenses: 
2025-08-18 12:29:56,344 [INFO] AnalyticsPlugin:257 - Accepted Firmware Licenses: 
2025-08-18 12:29:56,347 [INFO] PluginManage:359 - Loaded plugin analytics (category:tool,tabindex:-1)
2025-08-18 12:29:56,347 [INFO] PluginManage:310 - Check plugin cadmodel
2025-08-18 12:29:56,353 [INFO] CADModel:105 - Init CAD model plugin
2025-08-18 12:29:56,354 [INFO] PluginManage:359 - Loaded plugin cadmodel (category:power,tabindex:5)
2025-08-18 12:29:56,354 [INFO] PluginManage:310 - Check plugin clock
2025-08-18 12:29:56,364 [INFO] PluginManage:359 - Loaded plugin clock (category:base,tabindex:2)
2025-08-18 12:29:56,364 [INFO] PluginManage:310 - Check plugin ddr
2025-08-18 12:29:56,366 [INFO] PluginManage:359 - Loaded plugin ddr (category:tool,tabindex:6)
2025-08-18 12:29:56,367 [INFO] PluginManage:310 - Check plugin filemanager
2025-08-18 12:29:56,488 [INFO] PluginManage:359 - Loaded plugin filemanager (category:base,tabindex:10)
2025-08-18 12:29:56,488 [INFO] PluginManage:310 - Check plugin ipmanager
2025-08-18 12:29:56,492 [INFO] PluginManage:359 - Loaded plugin ipmanager (category:base,tabindex:5)
2025-08-18 12:29:56,492 [INFO] PluginManage:310 - Check plugin lpbam
2025-08-18 12:29:56,502 [INFO] PluginManage:359 - Loaded plugin lpbam (category:base,tabindex:0)
2025-08-18 12:29:56,502 [INFO] PluginManage:310 - Check plugin memorymap
2025-08-18 12:29:56,511 [INFO] PluginManage:359 - Loaded plugin memorymap (category:base,tabindex:4)
2025-08-18 12:29:56,511 [INFO] PluginManage:310 - Check plugin pinoutandconfiguration
2025-08-18 12:29:56,519 [INFO] PluginManage:359 - Loaded plugin pinoutandconfiguration (category:base,tabindex:1)
2025-08-18 12:29:56,519 [INFO] PluginManage:310 - Check plugin pinoutconfig
2025-08-18 12:29:56,578 [WARN] SupportedApi:132 - Cannot load RTOS API schema: s4s-elt-must-match.1: The content of 'definitions' must match (annotation?, (simpleType | complexType)?, (unique | key | keyref)*)). A problem was found starting at: attribute.
2025-08-18 12:29:56,669 [INFO] PluginManage:359 - Loaded plugin pinoutconfig (category:base,tabindex:0)
2025-08-18 12:29:56,669 [INFO] PluginManage:310 - Check plugin power
2025-08-18 12:29:56,679 [INFO] PluginManage:359 - Loaded plugin power (category:power,tabindex:4)
2025-08-18 12:29:56,679 [INFO] PluginManage:310 - Check plugin projectmanager
2025-08-18 12:29:56,694 [INFO] PluginManage:359 - Loaded plugin projectmanager (category:projectmanager,tabindex:4)
2025-08-18 12:29:56,694 [INFO] PluginManage:310 - Check plugin rif
2025-08-18 12:29:56,702 [INFO] PluginManage:359 - Loaded plugin rif (category:base,tabindex:3)
2025-08-18 12:29:56,702 [INFO] PluginManage:310 - Check plugin thirdparty
2025-08-18 12:29:56,828 [INFO] PluginManage:359 - Loaded plugin thirdparty (category:base,tabindex:-1)
2025-08-18 12:29:56,827 [WARN] IntegrityCheckThread:84 - waiting for thirdparty lock release [integrity check]
2025-08-18 12:29:56,828 [INFO] PluginManage:310 - Check plugin tools
2025-08-18 12:29:56,828 [INFO] IntegrityCheckThread:86 - entering critical section [integrity check]
2025-08-18 12:29:56,828 [INFO] ThirdPartyUpdaterWithRetryManager:70 - Updater plugin not ready yet. [1/15]
2025-08-18 12:29:56,830 [INFO] PluginManage:359 - Loaded plugin tools (category:base,tabindex:7)
2025-08-18 12:29:56,830 [INFO] PluginManage:310 - Check plugin tutovideos
2025-08-18 12:29:56,990 [INFO] PluginManage:359 - Loaded plugin tutovideos (category:base,tabindex:-1)
2025-08-18 12:29:56,991 [INFO] PluginManage:310 - Check plugin updater
2025-08-18 12:29:57,007 [INFO] PluginManage:359 - Loaded plugin updater (category:base,tabindex:12)
2025-08-18 12:29:57,007 [INFO] PluginManage:310 - Check plugin userauth
2025-08-18 12:29:57,011 [INFO] UserAuth:118 - Init User Auth plugin
2025-08-18 12:29:57,011 [INFO] PluginManage:359 - Loaded plugin userauth (category:base,tabindex:14)
2025-08-18 12:29:57,012 [INFO] PluginManage:283 - PluginManage : Loaded plugins [18]
2025-08-18 12:29:57,135 [INFO] PinOutPanel:1589 - setPackage(No Configuration,No Configuration)
2025-08-18 12:29:57,182 [INFO] CADModel:165 - CPN selected for project level
2025-08-18 12:29:57,183 [INFO] CADModel:114 - Register for checkConnection events
2025-08-18 12:29:57,194 [INFO] IPUIPlugin:80 - create IPUIPlugin
2025-08-18 12:29:57,194 [INFO] PluginManager:220 - loadIPPluginJar : add adc
2025-08-18 12:29:57,196 [INFO] IPUIPlugin:80 - create IPUIPlugin
2025-08-18 12:29:57,196 [INFO] PluginManager:220 - loadIPPluginJar : add aes
2025-08-18 12:29:57,199 [INFO] IPUIPlugin:80 - create IPUIPlugin
2025-08-18 12:29:57,199 [INFO] PluginManager:220 - loadIPPluginJar : add can
2025-08-18 12:29:57,200 [INFO] IPUIPlugin:80 - create IPUIPlugin
2025-08-18 12:29:57,200 [INFO] PluginManager:220 - loadIPPluginJar : add comp
2025-08-18 12:29:57,202 [INFO] IPUIPlugin:80 - create IPUIPlugin
2025-08-18 12:29:57,202 [INFO] PluginManager:220 - loadIPPluginJar : add cryp
2025-08-18 12:29:57,204 [INFO] IPUIPlugin:80 - create IPUIPlugin
2025-08-18 12:29:57,205 [INFO] PluginManager:220 - loadIPPluginJar : add ddr_ctrl_phy
2025-08-18 12:29:57,206 [INFO] IPUIPlugin:80 - create IPUIPlugin
2025-08-18 12:29:57,206 [INFO] PluginManager:220 - loadIPPluginJar : add dfsdm
2025-08-18 12:29:57,210 [INFO] IPUIPlugin:80 - create IPUIPlugin
2025-08-18 12:29:57,211 [INFO] PluginManager:220 - loadIPPluginJar : add dma
2025-08-18 12:29:57,212 [INFO] IPUIPlugin:80 - create IPUIPlugin
2025-08-18 12:29:57,212 [INFO] PluginManager:220 - loadIPPluginJar : add dma3
2025-08-18 12:29:57,214 [INFO] IPUIPlugin:80 - create IPUIPlugin
2025-08-18 12:29:57,214 [INFO] PluginManager:220 - loadIPPluginJar : add extmemmanager
2025-08-18 12:29:57,215 [INFO] IPUIPlugin:80 - create IPUIPlugin
2025-08-18 12:29:57,215 [INFO] PluginManager:220 - loadIPPluginJar : add fatfs
2025-08-18 12:29:57,218 [INFO] IPUIPlugin:80 - create IPUIPlugin
2025-08-18 12:29:57,218 [INFO] PluginManager:220 - loadIPPluginJar : add fmc
2025-08-18 12:29:57,223 [INFO] IPUIPlugin:80 - create IPUIPlugin
2025-08-18 12:29:57,223 [INFO] PluginManager:220 - loadIPPluginJar : add freertos
2025-08-18 12:29:57,224 [INFO] IPUIPlugin:80 - create IPUIPlugin
2025-08-18 12:29:57,224 [INFO] PluginManager:220 - loadIPPluginJar : add genericplugin
2025-08-18 12:29:57,225 [INFO] IPUIPlugin:80 - create IPUIPlugin
2025-08-18 12:29:57,225 [INFO] PluginManager:220 - loadIPPluginJar : add gfxmmu
2025-08-18 12:29:57,229 [INFO] IPUIPlugin:80 - create IPUIPlugin
2025-08-18 12:29:57,229 [INFO] PluginManager:220 - loadIPPluginJar : add gic
2025-08-18 12:29:57,233 [INFO] IPUIPlugin:80 - create IPUIPlugin
2025-08-18 12:29:57,233 [INFO] PluginManager:220 - loadIPPluginJar : add gpio
2025-08-18 12:29:57,235 [INFO] IPUIPlugin:80 - create IPUIPlugin
2025-08-18 12:29:57,235 [INFO] PluginManager:220 - loadIPPluginJar : add gtzc
2025-08-18 12:29:57,236 [INFO] IPUIPlugin:80 - create IPUIPlugin
2025-08-18 12:29:57,236 [INFO] PluginManager:220 - loadIPPluginJar : add hash
2025-08-18 12:29:57,237 [INFO] IPUIPlugin:80 - create IPUIPlugin
2025-08-18 12:29:57,237 [INFO] PluginManager:220 - loadIPPluginJar : add i2c
2025-08-18 12:29:57,238 [INFO] IPUIPlugin:80 - create IPUIPlugin
2025-08-18 12:29:57,238 [INFO] PluginManager:220 - loadIPPluginJar : add i2s
2025-08-18 12:29:57,240 [INFO] IPUIPlugin:80 - create IPUIPlugin
2025-08-18 12:29:57,240 [INFO] PluginManager:220 - loadIPPluginJar : add i3c
2025-08-18 12:29:57,242 [INFO] IPUIPlugin:80 - create IPUIPlugin
2025-08-18 12:29:57,242 [INFO] PluginManager:220 - loadIPPluginJar : add ipddr
2025-08-18 12:29:57,247 [INFO] IPUIPlugin:80 - create IPUIPlugin
2025-08-18 12:29:57,247 [INFO] PluginManager:220 - loadIPPluginJar : add linkedlist
2025-08-18 12:29:57,250 [INFO] IPUIPlugin:80 - create IPUIPlugin
2025-08-18 12:29:57,250 [INFO] PluginManager:220 - loadIPPluginJar : add lorawan
2025-08-18 12:29:57,250 [INFO] IPUIPlugin:80 - create IPUIPlugin
2025-08-18 12:29:57,250 [INFO] PluginManager:220 - loadIPPluginJar : add ltdc
2025-08-18 12:29:57,254 [INFO] IPUIPlugin:80 - create IPUIPlugin
2025-08-18 12:29:57,255 [INFO] PluginManager:220 - loadIPPluginJar : add mdma
2025-08-18 12:29:57,258 [INFO] IPUIPlugin:80 - create IPUIPlugin
2025-08-18 12:29:57,258 [INFO] PluginManager:220 - loadIPPluginJar : add nvic
2025-08-18 12:29:57,260 [INFO] IPUIPlugin:80 - create IPUIPlugin
2025-08-18 12:29:57,260 [INFO] PluginManager:220 - loadIPPluginJar : add opamp
2025-08-18 12:29:57,262 [INFO] IPUIPlugin:80 - create IPUIPlugin
2025-08-18 12:29:57,262 [INFO] PluginManager:220 - loadIPPluginJar : add openamp
2025-08-18 12:29:57,264 [INFO] IPUIPlugin:80 - create IPUIPlugin
2025-08-18 12:29:57,264 [INFO] PluginManager:220 - loadIPPluginJar : add pdm2pcm
2025-08-18 12:29:57,269 [INFO] IPUIPlugin:80 - create IPUIPlugin
2025-08-18 12:29:57,270 [INFO] PluginManager:220 - loadIPPluginJar : add plateformsettings
2025-08-18 12:29:57,271 [INFO] IPUIPlugin:80 - create IPUIPlugin
2025-08-18 12:29:57,271 [INFO] PluginManager:220 - loadIPPluginJar : add quadspi
2025-08-18 12:29:57,272 [INFO] IPUIPlugin:80 - create IPUIPlugin
2025-08-18 12:29:57,272 [INFO] PluginManager:220 - loadIPPluginJar : add radio
2025-08-18 12:29:57,274 [INFO] IPUIPlugin:80 - create IPUIPlugin
2025-08-18 12:29:57,274 [INFO] PluginManager:220 - loadIPPluginJar : add resmgrutility
2025-08-18 12:29:57,276 [INFO] IPUIPlugin:80 - create IPUIPlugin
2025-08-18 12:29:57,276 [INFO] PluginManager:220 - loadIPPluginJar : add sai
2025-08-18 12:29:57,277 [INFO] IPUIPlugin:80 - create IPUIPlugin
2025-08-18 12:29:57,277 [INFO] PluginManager:220 - loadIPPluginJar : add spi
2025-08-18 12:29:57,281 [INFO] IPUIPlugin:80 - create IPUIPlugin
2025-08-18 12:29:57,281 [INFO] PluginManager:220 - loadIPPluginJar : add stm32_wpan
2025-08-18 12:29:57,282 [INFO] IPUIPlugin:80 - create IPUIPlugin
2025-08-18 12:29:57,282 [INFO] PluginManager:220 - loadIPPluginJar : add tim
2025-08-18 12:29:57,284 [INFO] IPUIPlugin:80 - create IPUIPlugin
2025-08-18 12:29:57,284 [INFO] PluginManager:220 - loadIPPluginJar : add touchsensing
2025-08-18 12:29:57,285 [INFO] IPUIPlugin:80 - create IPUIPlugin
2025-08-18 12:29:57,285 [INFO] PluginManager:220 - loadIPPluginJar : add tracer_emb
2025-08-18 12:29:57,286 [INFO] IPUIPlugin:80 - create IPUIPlugin
2025-08-18 12:29:57,286 [INFO] PluginManager:220 - loadIPPluginJar : add ts
2025-08-18 12:29:57,287 [INFO] IPUIPlugin:80 - create IPUIPlugin
2025-08-18 12:29:57,287 [INFO] PluginManager:220 - loadIPPluginJar : add tsc
2025-08-18 12:29:57,288 [INFO] IPUIPlugin:80 - create IPUIPlugin
2025-08-18 12:29:57,288 [INFO] PluginManager:220 - loadIPPluginJar : add ucpd
2025-08-18 12:29:57,290 [INFO] IPUIPlugin:80 - create IPUIPlugin
2025-08-18 12:29:57,290 [INFO] PluginManager:220 - loadIPPluginJar : add usart
2025-08-18 12:29:57,292 [INFO] IPUIPlugin:80 - create IPUIPlugin
2025-08-18 12:29:57,292 [INFO] PluginManager:220 - loadIPPluginJar : add usbx
2025-08-18 12:29:57,380 [FATAL] Updater:351 - Updater called before beeing initialized
2025-08-18 12:29:57,397 [INFO] RulesReader:64 - Compatibility file has been processed (317 Rules)
2025-08-18 12:29:57,405 [INFO] RulesReader:64 - Compatibility file has been processed (317 Rules)
2025-08-18 12:29:57,410 [INFO] CADModel:165 - CPN selected for project level
2025-08-18 12:29:57,410 [INFO] CADModel:114 - Register for checkConnection events
2025-08-18 12:29:57,410 [FATAL] Updater:351 - Updater called before beeing initialized
2025-08-18 12:29:57,411 [ERROR] CADModel:125 - Updater not yet initialized, retry later 
2025-08-18 12:29:57,493 [FATAL] Updater:351 - Updater called before beeing initialized
2025-08-18 12:29:57,494 [INFO] CADModel:165 - CPN selected for project level
2025-08-18 12:29:57,494 [INFO] CADModel:114 - Register for checkConnection events
2025-08-18 12:29:57,494 [FATAL] Updater:351 - Updater called before beeing initialized
2025-08-18 12:29:57,494 [ERROR] CADModel:125 - Updater not yet initialized, retry later 
2025-08-18 12:29:57,496 [FATAL] Updater:351 - Updater called before beeing initialized
2025-08-18 12:29:57,584 [FATAL] Updater:351 - Updater called before beeing initialized
2025-08-18 12:29:57,587 [INFO] DbMcusAds:53 - JSON generation date=Tue Jul 08 13:44:23 IST 2025 (1751962463593)
2025-08-18 12:29:57,587 [FATAL] Updater:351 - Updater called before beeing initialized
2025-08-18 12:29:57,611 [WARN] DetailPanel:346 - Failed to get advertising image, set to default
2025-08-18 12:29:57,657 [FATAL] Updater:351 - Updater called before beeing initialized
2025-08-18 12:29:57,659 [FATAL] Updater:351 - Updater called before beeing initialized
2025-08-18 12:29:57,659 [FATAL] Updater:351 - Updater called before beeing initialized
2025-08-18 12:29:57,659 [WARN] DetailPanel:346 - Failed to get advertising image, set to default
2025-08-18 12:29:57,660 [FATAL] Updater:351 - Updater called before beeing initialized
2025-08-18 12:29:57,680 [ERROR] Updater:1198 - MainUpdater not yet initialized. External WinMGr cannot be set.
2025-08-18 12:29:57,682 [INFO] Updater:1134 - Updater Version found : 6.15.0
2025-08-18 12:29:57,696 [INFO] ApplicationProperties:184 - Using Application install path: /home/uttkarsh_8/st/stm32cubeide_1.19.0_2/plugins/com.st.stm32cube.common.mx_6.15.0.202507011659
2025-08-18 12:29:58,103 [INFO] MainUpdater:2872 - connection check result : 10
2025-08-18 12:29:58,103 [INFO] MainUpdater:3604 - Updater definition file requires update
2025-08-18 12:29:58,103 [INFO] MainUpdater:289 - Updater Check For Update Now.
2025-08-18 12:29:58,104 [INFO] MicroXplorer:498 - Change Database Version : DB.6.0.150
2025-08-18 12:29:58,108 [INFO] McuFinderGlobals:63 - Set McuFinder mode to 2 (CubeIDE integrated)
2025-08-18 12:29:58,109 [INFO] UserAuth:487 - Internet connection configuration mode: 1
2025-08-18 12:29:58,122 [INFO] JxBrowserEngine:152 - Initiate JxBrowser Engine with user profile folder
2025-08-18 12:29:58,334 [INFO] ServerAccessManage:452 - Complete download http(s) 200
2025-08-18 12:29:58,335 [INFO] ServerAccessManage:509 - Download File updaters.zip
2025-08-18 12:29:58,426 [INFO] FileExtend:248 - Unzip File : updaters.zip
2025-08-18 12:29:58,426 [INFO] FileExtend:263 - Standard Zip Deflate
2025-08-18 12:29:58,623 [INFO] ServerAccessManage:452 - Complete download http(s) 200
2025-08-18 12:29:58,624 [INFO] ServerAccessManage:509 - Download File PacksControlFlags.xml
2025-08-18 12:29:58,718 [INFO] ServerAccessManage:452 - Complete download http(s) 200
2025-08-18 12:29:58,718 [INFO] ServerAccessManage:509 - Download File cubemx.pidx
2025-08-18 12:29:58,841 [INFO] LoadServerUpdatesThread:375 - End of LoadServerUpdate Thread
2025-08-18 12:29:58,938 [INFO] WebApp:169 - Instantiating new browser for Auth
2025-08-18 12:29:59,019 [INFO] CheckServerUpdateThread:120 - End of CheckServer Thread
2025-08-18 12:29:59,340 [INFO] WebApp:463 - Apply proxy settings
2025-08-18 12:29:59,340 [INFO] WebApp:548 - Chromium requires no authentication
2025-08-18 12:29:59,346 [INFO] WebApp:491 - Direct internet connection detected
2025-08-18 12:29:59,358 [INFO] WebApp:900 - Register for checkConnection events
2025-08-18 12:29:59,358 [INFO] WebApp:463 - Apply proxy settings
2025-08-18 12:29:59,358 [INFO] WebApp:548 - Chromium requires no authentication
2025-08-18 12:29:59,359 [INFO] WebApp:491 - Direct internet connection detected
2025-08-18 12:29:59,441 [INFO] WebApp:225 - Starting web application
2025-08-18 12:29:59,441 [INFO] WebApp:593 - Web application path used /home/uttkarsh_8/st/stm32cubeide_1.19.0_2/plugins/com.st.stm32cube.common.mx_6.15.0.202507011659/db/plugins/mcufinder/reactClient1/index.html
2025-08-18 12:29:59,509 [INFO] UserAuth:487 - Internet connection configuration mode: 1
2025-08-18 12:29:59,907 [WARN] PackLoader:240 - Cannot read IP mode file for STMicroelectronics.FP-SNS-MOTENVWB1.1.4.0
2025-08-18 12:29:59,913 [WARN] PackLoader:240 - Cannot read IP mode file for STMicroelectronics.FP-ATR-ASTRA1.2.0.2
2025-08-18 12:29:59,918 [WARN] PackLoader:240 - Cannot read IP mode file for STMicroelectronics.X-CUBE-SMBUS.2.1.0
2025-08-18 12:29:59,922 [WARN] PackLoader:240 - Cannot read IP mode file for STMicroelectronics.X-CUBE-ST60.1.0.0
2025-08-18 12:29:59,945 [WARN] PackLoader:240 - Cannot read IP mode file for STMicroelectronics.X-CUBE-AZRTOS-F7.1.1.0
2025-08-18 12:29:59,962 [WARN] PackLoader:240 - Cannot read IP mode file for Infineon.AIROC-Wi-Fi-Bluetooth-STM32.1.7.1
2025-08-18 12:29:59,978 [WARN] PackLoader:240 - Cannot read IP mode file for STMicroelectronics.X-CUBE-AZRTOS-H7.3.4.0
2025-08-18 12:29:59,984 [WARN] PackLoader:240 - Cannot read IP mode file for STMicroelectronics.X-CUBE-DISPLAY.3.0.0
2025-08-18 12:29:59,991 [WARN] PackLoader:240 - Cannot read IP mode file for STMicroelectronics.X-CUBE-NFC10.1.0.0
2025-08-18 12:29:59,994 [WARN] PackLoader:240 - Cannot read IP mode file for emotas.I-CUBE-CANOPEN.1.3.0
2025-08-18 12:29:59,998 [WARN] PackLoader:240 - Cannot read IP mode file for STMicroelectronics.FP-SNS-STBOX1.2.1.0
2025-08-18 12:30:00,001 [WARN] PackLoader:240 - Cannot read IP mode file for STMicroelectronics.FP-SNS-SMARTAG2.1.2.0
2025-08-18 12:30:00,004 [WARN] PackLoader:240 - Cannot read IP mode file for STMicroelectronics.FP-SNS-FLIGHT1.5.1.0
2025-08-18 12:30:00,009 [INFO] LogOutputStream:77 - [STDOUT_REDIRECT] 1 : Invalid condition id : UX_CORESTACK_Condition cause : null
2025-08-18 12:30:00,010 [INFO] LogOutputStream:77 - [STDOUT_REDIRECT] 1 : Invalid condition id : UX_CORESTACK_Condition cause : null
2025-08-18 12:30:00,010 [INFO] LogOutputStream:77 - [STDOUT_REDIRECT] 1 : Invalid condition id : UX_CORESTACK_Condition cause : null
2025-08-18 12:30:00,010 [INFO] LogOutputStream:77 - [STDOUT_REDIRECT] 1 : Invalid condition id : UX_CORESTACK_Condition cause : null
2025-08-18 12:30:00,010 [INFO] LogOutputStream:77 - [STDOUT_REDIRECT] 1 : Invalid condition id : UX_CORESTACK_Condition cause : null
2025-08-18 12:30:00,011 [WARN] PackLoader:240 - Cannot read IP mode file for STMicroelectronics.X-CUBE-AZRTOS-WL.2.0.0
2025-08-18 12:30:00,014 [WARN] PackLoader:240 - Cannot read IP mode file for STMicroelectronics.FP-SNS-MOTENV1.5.0.0
2025-08-18 12:30:00,018 [WARN] PackLoader:240 - Cannot read IP mode file for STMicroelectronics.X-CUBE-BLE2.3.3.0
2025-08-18 12:30:00,021 [WARN] PackLoader:240 - Cannot read IP mode file for STMicroelectronics.X-CUBE-NFC9.1.0.0
2025-08-18 12:30:00,025 [WARN] PackLoader:240 - Cannot read IP mode file for wolfSSL.I-CUBE-wolfSSL.5.8.2
2025-08-18 12:30:00,032 [WARN] PackLoader:240 - Cannot read IP mode file for STMicroelectronics.X-CUBE-BLE1.7.1.0
2025-08-18 12:30:00,034 [WARN] PackLoader:240 - Cannot read IP mode file for wolfSSL.I-CUBE-wolfMQTT.1.19.2
2025-08-18 12:30:00,037 [WARN] PackLoader:240 - Cannot read IP mode file for STMicroelectronics.X-CUBE-EEPRMA1.5.2.0
2025-08-18 12:30:00,046 [WARN] PackLoader:240 - Cannot read IP mode file for STMicroelectronics.X-CUBE-AZRTOS-G0.1.1.0
2025-08-18 12:30:00,051 [WARN] PackLoader:240 - Cannot read IP mode file for STMicroelectronics.X-CUBE-SAFEA1.1.2.2
2025-08-18 12:30:00,054 [WARN] PackLoader:240 - Cannot read IP mode file for STMicroelectronics.X-CUBE-NFC4.3.0.0
2025-08-18 12:30:00,061 [WARN] PackLoader:240 - Cannot read IP mode file for EmbeddedOffice.I-CUBE-FS-RTOS.1.0.1
2025-08-18 12:30:00,066 [WARN] PackLoader:240 - Cannot read IP mode file for STMicroelectronics.X-CUBE-WB05N.2.0.0
2025-08-18 12:30:00,069 [WARN] PackLoader:240 - Cannot read IP mode file for wolfSSL.I-CUBE-wolfTPM.3.8.0
2025-08-18 12:30:00,073 [WARN] PackLoader:240 - Cannot read IP mode file for STMicroelectronics.X-CUBE-TCPP.4.2.0
2025-08-18 12:30:00,078 [WARN] PackLoader:240 - Cannot read IP mode file for RealThread.X-CUBE-RT-Thread_Nano.4.1.1
2025-08-18 12:30:00,080 [WARN] PackLoader:240 - Cannot read IP mode file for STMicroelectronics.FP-ATR-SIGFOX1.3.2.0
2025-08-18 12:30:00,085 [WARN] PackLoader:240 - Cannot read IP mode file for STMicroelectronics.X-CUBE-ST67W61.1.0.0
2025-08-18 12:30:00,088 [WARN] PackLoader:240 - Cannot read IP mode file for STMicroelectronics.X-CUBE-AI.10.2.0
2025-08-18 12:30:00,111 [WARN] PackLoader:240 - Cannot read IP mode file for SEGGER.I-CUBE-embOS.1.3.1
2025-08-18 12:30:00,138 [WARN] PackLoader:240 - Cannot read IP mode file for STMicroelectronics.X-CUBE-ALGOBUILD.1.4.0
2025-08-18 12:30:00,163 [WARN] PackLoader:240 - Cannot read IP mode file for STMicroelectronics.X-CUBE-MEMS1.11.3.0
2025-08-18 12:30:00,259 [WARN] PackLoader:240 - Cannot read IP mode file for STMicroelectronics.X-CUBE-PM33A1.1.0.0
2025-08-18 12:30:00,269 [WARN] PackLoader:240 - Cannot read IP mode file for STMicroelectronics.X-CUBE-AZRTOS-F4.1.1.0
2025-08-18 12:30:00,273 [WARN] PackLoader:240 - Cannot read IP mode file for Avnet-IotConnect.X-CUBE-IoTC-DA16k-PMOD.1.0.0
2025-08-18 12:30:00,275 [WARN] PackLoader:240 - Cannot read IP mode file for STMicroelectronics.X-CUBE-ISPU.2.1.0
2025-08-18 12:30:00,279 [WARN] PackLoader:240 - Cannot read IP mode file for STMicroelectronics.X-CUBE-NFC12.1.0.0
2025-08-18 12:30:00,293 [WARN] PackLoader:240 - Cannot read IP mode file for STMicroelectronics.X-CUBE-AZRTOS-L5.2.0.0
2025-08-18 12:30:00,294 [INFO] WebApp:191 - Connection restablished
2025-08-18 12:30:00,299 [WARN] PackLoader:240 - Cannot read IP mode file for STMicroelectronics.X-CUBE-NFC6.3.1.0
2025-08-18 12:30:00,305 [WARN] PackLoader:240 - Cannot read IP mode file for STMicroelectronics.X-CUBE-FREERTOS.1.3.1
2025-08-18 12:30:00,309 [WARN] PackLoader:240 - Cannot read IP mode file for STMicroelectronics.FP-SNS-STAIOTCFT.1.0.0
2025-08-18 12:30:00,312 [WARN] PackLoader:240 - Cannot read IP mode file for STMicroelectronics.X-CUBE-DPower.1.3.0
2025-08-18 12:30:00,323 [WARN] ConditionMgr:438 - getConditionDescription Invalid condition id : LAN8742 Phy interface Condition cause : null
2025-08-18 12:30:00,323 [WARN] PackLoader:240 - Cannot read IP mode file for STMicroelectronics.X-CUBE-AZRTOS-L4.2.0.0
2025-08-18 12:30:00,324 [WARN] ConditionMgr:1044 - genDependencies : Invalid condition id : LAN8742 Phy interface Condition cause : null
2025-08-18 12:30:00,324 [WARN] ConditionMgr:1044 - genDependencies : Invalid condition id : LAN8742 Phy interface Condition cause : null
2025-08-18 12:30:00,324 [WARN] ConditionMgr:1044 - genDependencies : Invalid condition id : LAN8742 Phy interface Condition cause : null
2025-08-18 12:30:00,328 [WARN] PackLoader:240 - Cannot read IP mode file for STMicroelectronics.X-CUBE-SFXS2LP1.4.0.0
2025-08-18 12:30:00,333 [WARN] PackLoader:240 - Cannot read IP mode file for STMicroelectronics.X-CUBE-BLEMGR.4.1.0
2025-08-18 12:30:00,341 [WARN] ConditionMgr:438 - getConditionDescription Invalid condition id : UX DEVICE CLASS RTOS Condition cause : null
2025-08-18 12:30:00,341 [WARN] ConditionMgr:438 - getConditionDescription Invalid condition id : UX DEVICE CLASS RTOS Condition cause : null
2025-08-18 12:30:00,342 [WARN] PackLoader:240 - Cannot read IP mode file for STMicroelectronics.X-CUBE-AZRTOS-WB.2.0.0
2025-08-18 12:30:00,343 [WARN] ConditionMgr:1044 - genDependencies : Invalid condition id : UX DEVICE CLASS RTOS Condition cause : null
2025-08-18 12:30:00,343 [WARN] ConditionMgr:1044 - genDependencies : Invalid condition id : UX DEVICE CLASS RTOS Condition cause : null
2025-08-18 12:30:00,343 [WARN] ConditionMgr:1044 - genDependencies : Invalid condition id : UX DEVICE CLASS RTOS Condition cause : null
2025-08-18 12:30:00,343 [WARN] ConditionMgr:1044 - genDependencies : Invalid condition id : UX DEVICE CLASS RTOS Condition cause : null
2025-08-18 12:30:00,343 [WARN] ConditionMgr:1044 - genDependencies : Invalid condition id : UX DEVICE CLASS RTOS Condition cause : null
2025-08-18 12:30:00,347 [WARN] PackLoader:240 - Cannot read IP mode file for STMicroelectronics.X-CUBE-GNSS1.7.0.1
2025-08-18 12:30:00,350 [WARN] PackLoader:240 - Cannot read IP mode file for STMicroelectronics.X-CUBE-TOUCHGFX.4.25.0
2025-08-18 12:30:00,351 [WARN] ConditionMgr:438 - getConditionDescription Invalid condition id : Cortex-A Device cause : null
2025-08-18 12:30:00,356 [WARN] ConditionMgr:1044 - genDependencies : Invalid condition id : Cortex-A Device cause : null
2025-08-18 12:30:00,356 [WARN] ConditionMgr:1044 - genDependencies : Invalid condition id : Cortex-A Device cause : null
2025-08-18 12:30:00,356 [WARN] ConditionMgr:1044 - genDependencies : Invalid condition id : Cortex-A Device cause : null
2025-08-18 12:30:00,361 [WARN] PackLoader:240 - Cannot read IP mode file for STMicroelectronics.X-CUBE-SUBG2.5.0.0
2025-08-18 12:30:00,374 [WARN] PackLoader:240 - Cannot read IP mode file for STMicroelectronics.X-CUBE-AZRTOS-H7RS.1.1.0
2025-08-18 12:30:00,377 [WARN] PackLoader:240 - Cannot read IP mode file for Cesanta.I-CUBE-Mongoose.7.13.0
2025-08-18 12:30:00,385 [WARN] PackLoader:240 - Cannot read IP mode file for STMicroelectronics.X-CUBE-AZRTOS-G4.2.0.0
2025-08-18 12:30:00,388 [WARN] PackLoader:240 - Cannot read IP mode file for wolfSSL.I-CUBE-wolfSSH.1.4.20
2025-08-18 12:30:00,390 [WARN] PackLoader:240 - Cannot read IP mode file for STMicroelectronics.X-CUBE-NFC7.2.0.0
2025-08-18 12:30:00,398 [WARN] PackLoader:240 - Cannot read IP mode file for STMicroelectronics.X-CUBE-IPS.3.1.0
2025-08-18 12:30:00,411 [WARN] PackLoader:240 - Cannot read IP mode file for STMicroelectronics.X-CUBE-ALS.1.0.2
2025-08-18 12:30:00,415 [WARN] PackLoader:240 - Cannot read IP mode file for portGmbH.I-Cube-SoM-uGOAL.1.1.0
2025-08-18 12:30:00,422 [WARN] PackLoader:240 - Cannot read IP mode file for STMicroelectronics.X-CUBE-TOF1.3.4.3
2025-08-18 12:30:00,431 [INFO] ThirdParty:978 - Integrity check success = true
2025-08-18 12:30:00,431 [INFO] IntegrityCheckThread:100 - exiting critical section [integrity check]
2025-08-18 12:30:00,431 [INFO] IntegrityCheckThread:103 - End integrity checks thread
2025-08-18 12:30:03,096 [ERROR] LogOutputStream:75 - [STDERR_REDIRECT] 
2025-08-18 12:30:10,541 [INFO] Activator:176 - 


2025-08-18 12:30:10,542 [INFO] Activator:177 - !SESSION log4j initialized
2025-08-18 12:30:13,781 [INFO] LogOutputStream:77 - [STDOUT_REDIRECT] 
2025-08-18 12:30:14,290 [INFO] ApplicationProperties:184 - Using Application install path: /home/uttkarsh_8/st/stm32cubeide_1.19.0_2/plugins/com.st.stm32cube.common.mx_6.15.0.202507011659
2025-08-18 12:30:14,301 [INFO] DbMcusXml:78 - Set database path to: /home/uttkarsh_8/st/stm32cubeide_1.19.0_2/plugins/com.st.stm32cube.common.mx_6.15.0.202507011659//db//mcu/
2025-08-18 12:30:14,301 [INFO] ApiDb:274 - Set plugin database path to: /home/uttkarsh_8/st/stm32cubeide_1.19.0_2/plugins/com.st.stm32cube.common.mx_6.15.0.202507011659//db//plugins/boardmanager/
2025-08-18 12:30:14,301 [WARN] ApiDb:259 - Overriding images path with different value:  => /home/uttkarsh_8/st/stm32cubeide_1.19.0_2/plugins/com.st.stm32cube.common.mx_6.15.0.202507011659//db//plugins/mcufinder/images/
2025-08-18 12:30:14,303 [INFO] ApiDb:250 - Set database path to: /home/uttkarsh_8/.stmcufinder/plugins/mcufinder//mcu/
2025-08-18 12:30:14,304 [INFO] DbMcusAds:125 - Set database path to: /home/uttkarsh_8/.stmcufinder/plugins/mcufinder//mcu/
2025-08-18 12:30:14,305 [INFO] CrossReferenceDbSqlite:203 - Set database path to: /home/uttkarsh_8/.stmcufinder/plugins/mcufinder//mcu/cs/
2025-08-18 12:30:14,382 [INFO] RulesReader:64 - Compatibility file has been processed (317 Rules)
2025-08-18 12:30:14,419 [INFO] DbMcusXml:78 - Set database path to: /home/uttkarsh_8/st/stm32cubeide_1.19.0_2/plugins/com.st.stm32cube.common.mx_6.15.0.202507011659//db//mcu/
2025-08-18 12:30:14,419 [INFO] ApiDb:274 - Set plugin database path to: /home/uttkarsh_8/st/stm32cubeide_1.19.0_2/plugins/com.st.stm32cube.common.mx_6.15.0.202507011659//db//plugins/boardmanager/
2025-08-18 12:30:14,419 [INFO] ApiDb:261 - Set plugin images path to: /home/uttkarsh_8/st/stm32cubeide_1.19.0_2/plugins/com.st.stm32cube.common.mx_6.15.0.202507011659//db//plugins/mcufinder/images/
2025-08-18 12:30:14,419 [WARN] DbFile:41 - Overriding database path with different value: /home/uttkarsh_8/.stmcufinder/plugins/mcufinder/ => /home/uttkarsh_8/.stmcufinder/plugins/mcufinder
2025-08-18 12:30:14,419 [INFO] ApiDb:250 - Set database path to: /home/uttkarsh_8/.stmcufinder/plugins/mcufinder//mcu/
2025-08-18 12:30:14,419 [WARN] DbFile:41 - Overriding database path with different value: /home/uttkarsh_8/.stmcufinder/plugins/mcufinder/ => /home/uttkarsh_8/.stmcufinder/plugins/mcufinder
2025-08-18 12:30:14,419 [INFO] DbMcusAds:125 - Set database path to: /home/uttkarsh_8/.stmcufinder/plugins/mcufinder//mcu/
2025-08-18 12:30:14,419 [WARN] DbFile:41 - Overriding database path with different value: /home/uttkarsh_8/.stmcufinder/plugins/mcufinder/ => /home/uttkarsh_8/.stmcufinder/plugins/mcufinder
2025-08-18 12:30:14,419 [WARN] DbFile:41 - Overriding database path with different value: /home/uttkarsh_8/.stmcufinder/plugins/mcufinder/ => /home/uttkarsh_8/.stmcufinder/plugins/mcufinder
2025-08-18 12:30:14,419 [INFO] CrossReferenceDbSqlite:203 - Set database path to: /home/uttkarsh_8/.stmcufinder/plugins/mcufinder//mcu/cs/
2025-08-18 12:30:14,467 [INFO] MainPanel:274 - HeapMemory: 203423744
2025-08-18 12:30:14,547 [INFO] DbMcusXml:78 - Set database path to: /home/uttkarsh_8/st/stm32cubeide_1.19.0_2/plugins/com.st.stm32cube.common.mx_6.15.0.202507011659//db//mcu/
2025-08-18 12:30:14,547 [INFO] ApiDb:274 - Set plugin database path to: /home/uttkarsh_8/st/stm32cubeide_1.19.0_2/plugins/com.st.stm32cube.common.mx_6.15.0.202507011659//db//plugins/boardmanager/
2025-08-18 12:30:14,547 [INFO] ApiDb:261 - Set plugin images path to: /home/uttkarsh_8/st/stm32cubeide_1.19.0_2/plugins/com.st.stm32cube.common.mx_6.15.0.202507011659//db//plugins/mcufinder/images/
2025-08-18 12:30:14,547 [WARN] DbFile:41 - Overriding database path with different value: /home/uttkarsh_8/.stmcufinder/plugins/mcufinder/ => /home/uttkarsh_8/.stmcufinder/plugins/mcufinder
2025-08-18 12:30:14,547 [INFO] ApiDb:250 - Set database path to: /home/uttkarsh_8/.stmcufinder/plugins/mcufinder//mcu/
2025-08-18 12:30:14,547 [WARN] DbFile:41 - Overriding database path with different value: /home/uttkarsh_8/.stmcufinder/plugins/mcufinder/ => /home/uttkarsh_8/.stmcufinder/plugins/mcufinder
2025-08-18 12:30:14,547 [INFO] DbMcusAds:125 - Set database path to: /home/uttkarsh_8/.stmcufinder/plugins/mcufinder//mcu/
2025-08-18 12:30:14,547 [WARN] DbFile:41 - Overriding database path with different value: /home/uttkarsh_8/.stmcufinder/plugins/mcufinder/ => /home/uttkarsh_8/.stmcufinder/plugins/mcufinder
2025-08-18 12:30:14,547 [WARN] DbFile:41 - Overriding database path with different value: /home/uttkarsh_8/.stmcufinder/plugins/mcufinder/ => /home/uttkarsh_8/.stmcufinder/plugins/mcufinder
2025-08-18 12:30:14,547 [INFO] CrossReferenceDbSqlite:203 - Set database path to: /home/uttkarsh_8/.stmcufinder/plugins/mcufinder//mcu/cs/
2025-08-18 12:30:14,558 [INFO] ApplicationProperties:184 - Using Application install path: /home/uttkarsh_8/st/stm32cubeide_1.19.0_2/plugins/com.st.stm32cube.common.mx_6.15.0.202507011659
2025-08-18 12:30:14,559 [INFO] PluginManage:196 - Search for loadable plugins [exclusion list=, ]
2025-08-18 12:30:14,559 [INFO] PluginManage:310 - Check plugin analytics
2025-08-18 12:30:14,712 [INFO] AnalyticsPlugin:253 - Accepted Software Licenses: 
2025-08-18 12:30:14,712 [INFO] AnalyticsPlugin:255 - Accepted CMSIS Pack Licenses: 
2025-08-18 12:30:14,713 [INFO] AnalyticsPlugin:257 - Accepted Firmware Licenses: 
2025-08-18 12:30:14,715 [INFO] PluginManage:359 - Loaded plugin analytics (category:tool,tabindex:-1)
2025-08-18 12:30:14,715 [INFO] PluginManage:310 - Check plugin cadmodel
2025-08-18 12:30:14,719 [INFO] CADModel:105 - Init CAD model plugin
2025-08-18 12:30:14,720 [INFO] PluginManage:359 - Loaded plugin cadmodel (category:power,tabindex:5)
2025-08-18 12:30:14,720 [INFO] PluginManage:310 - Check plugin clock
2025-08-18 12:30:14,727 [INFO] PluginManage:359 - Loaded plugin clock (category:base,tabindex:2)
2025-08-18 12:30:14,727 [INFO] PluginManage:310 - Check plugin ddr
2025-08-18 12:30:14,729 [INFO] PluginManage:359 - Loaded plugin ddr (category:tool,tabindex:6)
2025-08-18 12:30:14,729 [INFO] PluginManage:310 - Check plugin filemanager
2025-08-18 12:30:14,857 [INFO] PluginManage:359 - Loaded plugin filemanager (category:base,tabindex:10)
2025-08-18 12:30:14,857 [INFO] PluginManage:310 - Check plugin ipmanager
2025-08-18 12:30:14,863 [INFO] PluginManage:359 - Loaded plugin ipmanager (category:base,tabindex:5)
2025-08-18 12:30:14,863 [INFO] PluginManage:310 - Check plugin lpbam
2025-08-18 12:30:14,872 [INFO] PluginManage:359 - Loaded plugin lpbam (category:base,tabindex:0)
2025-08-18 12:30:14,873 [INFO] PluginManage:310 - Check plugin memorymap
2025-08-18 12:30:14,885 [INFO] PluginManage:359 - Loaded plugin memorymap (category:base,tabindex:4)
2025-08-18 12:30:14,885 [INFO] PluginManage:310 - Check plugin pinoutandconfiguration
2025-08-18 12:30:14,893 [INFO] PluginManage:359 - Loaded plugin pinoutandconfiguration (category:base,tabindex:1)
2025-08-18 12:30:14,893 [INFO] PluginManage:310 - Check plugin pinoutconfig
2025-08-18 12:30:14,961 [WARN] SupportedApi:132 - Cannot load RTOS API schema: s4s-elt-must-match.1: The content of 'definitions' must match (annotation?, (simpleType | complexType)?, (unique | key | keyref)*)). A problem was found starting at: attribute.
2025-08-18 12:30:15,044 [INFO] PluginManage:359 - Loaded plugin pinoutconfig (category:base,tabindex:0)
2025-08-18 12:30:15,044 [INFO] PluginManage:310 - Check plugin power
2025-08-18 12:30:15,050 [INFO] PluginManage:359 - Loaded plugin power (category:power,tabindex:4)
2025-08-18 12:30:15,050 [INFO] PluginManage:310 - Check plugin projectmanager
2025-08-18 12:30:15,061 [INFO] PluginManage:359 - Loaded plugin projectmanager (category:projectmanager,tabindex:4)
2025-08-18 12:30:15,061 [INFO] PluginManage:310 - Check plugin rif
2025-08-18 12:30:15,067 [INFO] PluginManage:359 - Loaded plugin rif (category:base,tabindex:3)
2025-08-18 12:30:15,067 [INFO] PluginManage:310 - Check plugin thirdparty
2025-08-18 12:30:15,144 [INFO] PluginManage:359 - Loaded plugin thirdparty (category:base,tabindex:-1)
2025-08-18 12:30:15,144 [WARN] IntegrityCheckThread:84 - waiting for thirdparty lock release [integrity check]
2025-08-18 12:30:15,144 [INFO] PluginManage:310 - Check plugin tools
2025-08-18 12:30:15,144 [INFO] IntegrityCheckThread:86 - entering critical section [integrity check]
2025-08-18 12:30:15,144 [INFO] ThirdPartyUpdaterWithRetryManager:70 - Updater plugin not ready yet. [1/15]
2025-08-18 12:30:15,146 [INFO] PluginManage:359 - Loaded plugin tools (category:base,tabindex:7)
2025-08-18 12:30:15,146 [INFO] PluginManage:310 - Check plugin tutovideos
2025-08-18 12:30:15,273 [INFO] PluginManage:359 - Loaded plugin tutovideos (category:base,tabindex:-1)
2025-08-18 12:30:15,274 [INFO] PluginManage:310 - Check plugin updater
2025-08-18 12:30:15,286 [INFO] PluginManage:359 - Loaded plugin updater (category:base,tabindex:12)
2025-08-18 12:30:15,286 [INFO] PluginManage:310 - Check plugin userauth
2025-08-18 12:30:15,290 [INFO] UserAuth:118 - Init User Auth plugin
2025-08-18 12:30:15,290 [INFO] PluginManage:359 - Loaded plugin userauth (category:base,tabindex:14)
2025-08-18 12:30:15,291 [INFO] PluginManage:283 - PluginManage : Loaded plugins [18]
2025-08-18 12:30:15,393 [INFO] PinOutPanel:1589 - setPackage(No Configuration,No Configuration)
2025-08-18 12:30:15,437 [INFO] CADModel:165 - CPN selected for project level
2025-08-18 12:30:15,438 [INFO] CADModel:114 - Register for checkConnection events
2025-08-18 12:30:15,451 [INFO] IPUIPlugin:80 - create IPUIPlugin
2025-08-18 12:30:15,451 [INFO] PluginManager:220 - loadIPPluginJar : add adc
2025-08-18 12:30:15,452 [INFO] IPUIPlugin:80 - create IPUIPlugin
2025-08-18 12:30:15,452 [INFO] PluginManager:220 - loadIPPluginJar : add aes
2025-08-18 12:30:15,454 [INFO] IPUIPlugin:80 - create IPUIPlugin
2025-08-18 12:30:15,454 [INFO] PluginManager:220 - loadIPPluginJar : add can
2025-08-18 12:30:15,455 [INFO] IPUIPlugin:80 - create IPUIPlugin
2025-08-18 12:30:15,455 [INFO] PluginManager:220 - loadIPPluginJar : add comp
2025-08-18 12:30:15,456 [INFO] IPUIPlugin:80 - create IPUIPlugin
2025-08-18 12:30:15,456 [INFO] PluginManager:220 - loadIPPluginJar : add cryp
2025-08-18 12:30:15,458 [INFO] IPUIPlugin:80 - create IPUIPlugin
2025-08-18 12:30:15,458 [INFO] PluginManager:220 - loadIPPluginJar : add ddr_ctrl_phy
2025-08-18 12:30:15,463 [INFO] IPUIPlugin:80 - create IPUIPlugin
2025-08-18 12:30:15,463 [INFO] PluginManager:220 - loadIPPluginJar : add dfsdm
2025-08-18 12:30:15,468 [INFO] IPUIPlugin:80 - create IPUIPlugin
2025-08-18 12:30:15,469 [INFO] PluginManager:220 - loadIPPluginJar : add dma
2025-08-18 12:30:15,471 [INFO] IPUIPlugin:80 - create IPUIPlugin
2025-08-18 12:30:15,471 [INFO] PluginManager:220 - loadIPPluginJar : add dma3
2025-08-18 12:30:15,472 [INFO] IPUIPlugin:80 - create IPUIPlugin
2025-08-18 12:30:15,473 [INFO] PluginManager:220 - loadIPPluginJar : add extmemmanager
2025-08-18 12:30:15,473 [INFO] IPUIPlugin:80 - create IPUIPlugin
2025-08-18 12:30:15,473 [INFO] PluginManager:220 - loadIPPluginJar : add fatfs
2025-08-18 12:30:15,476 [INFO] IPUIPlugin:80 - create IPUIPlugin
2025-08-18 12:30:15,477 [INFO] PluginManager:220 - loadIPPluginJar : add fmc
2025-08-18 12:30:15,480 [INFO] IPUIPlugin:80 - create IPUIPlugin
2025-08-18 12:30:15,481 [INFO] PluginManager:220 - loadIPPluginJar : add freertos
2025-08-18 12:30:15,482 [INFO] IPUIPlugin:80 - create IPUIPlugin
2025-08-18 12:30:15,482 [INFO] PluginManager:220 - loadIPPluginJar : add genericplugin
2025-08-18 12:30:15,484 [INFO] IPUIPlugin:80 - create IPUIPlugin
2025-08-18 12:30:15,484 [INFO] PluginManager:220 - loadIPPluginJar : add gfxmmu
2025-08-18 12:30:15,488 [INFO] IPUIPlugin:80 - create IPUIPlugin
2025-08-18 12:30:15,488 [INFO] PluginManager:220 - loadIPPluginJar : add gic
2025-08-18 12:30:15,490 [INFO] IPUIPlugin:80 - create IPUIPlugin
2025-08-18 12:30:15,491 [INFO] PluginManager:220 - loadIPPluginJar : add gpio
2025-08-18 12:30:15,492 [INFO] IPUIPlugin:80 - create IPUIPlugin
2025-08-18 12:30:15,493 [INFO] PluginManager:220 - loadIPPluginJar : add gtzc
2025-08-18 12:30:15,494 [INFO] IPUIPlugin:80 - create IPUIPlugin
2025-08-18 12:30:15,494 [INFO] PluginManager:220 - loadIPPluginJar : add hash
2025-08-18 12:30:15,495 [INFO] IPUIPlugin:80 - create IPUIPlugin
2025-08-18 12:30:15,495 [INFO] PluginManager:220 - loadIPPluginJar : add i2c
2025-08-18 12:30:15,496 [INFO] IPUIPlugin:80 - create IPUIPlugin
2025-08-18 12:30:15,496 [INFO] PluginManager:220 - loadIPPluginJar : add i2s
2025-08-18 12:30:15,498 [INFO] IPUIPlugin:80 - create IPUIPlugin
2025-08-18 12:30:15,498 [INFO] PluginManager:220 - loadIPPluginJar : add i3c
2025-08-18 12:30:15,499 [INFO] IPUIPlugin:80 - create IPUIPlugin
2025-08-18 12:30:15,500 [INFO] PluginManager:220 - loadIPPluginJar : add ipddr
2025-08-18 12:30:15,504 [INFO] IPUIPlugin:80 - create IPUIPlugin
2025-08-18 12:30:15,504 [INFO] PluginManager:220 - loadIPPluginJar : add linkedlist
2025-08-18 12:30:15,506 [INFO] IPUIPlugin:80 - create IPUIPlugin
2025-08-18 12:30:15,506 [INFO] PluginManager:220 - loadIPPluginJar : add lorawan
2025-08-18 12:30:15,506 [INFO] IPUIPlugin:80 - create IPUIPlugin
2025-08-18 12:30:15,507 [INFO] PluginManager:220 - loadIPPluginJar : add ltdc
2025-08-18 12:30:15,510 [INFO] IPUIPlugin:80 - create IPUIPlugin
2025-08-18 12:30:15,510 [INFO] PluginManager:220 - loadIPPluginJar : add mdma
2025-08-18 12:30:15,512 [INFO] IPUIPlugin:80 - create IPUIPlugin
2025-08-18 12:30:15,512 [INFO] PluginManager:220 - loadIPPluginJar : add nvic
2025-08-18 12:30:15,515 [INFO] IPUIPlugin:80 - create IPUIPlugin
2025-08-18 12:30:15,515 [INFO] PluginManager:220 - loadIPPluginJar : add opamp
2025-08-18 12:30:15,516 [INFO] IPUIPlugin:80 - create IPUIPlugin
2025-08-18 12:30:15,516 [INFO] PluginManager:220 - loadIPPluginJar : add openamp
2025-08-18 12:30:15,518 [INFO] IPUIPlugin:80 - create IPUIPlugin
2025-08-18 12:30:15,518 [INFO] PluginManager:220 - loadIPPluginJar : add pdm2pcm
2025-08-18 12:30:15,521 [INFO] IPUIPlugin:80 - create IPUIPlugin
2025-08-18 12:30:15,523 [INFO] PluginManager:220 - loadIPPluginJar : add plateformsettings
2025-08-18 12:30:15,524 [INFO] IPUIPlugin:80 - create IPUIPlugin
2025-08-18 12:30:15,524 [INFO] PluginManager:220 - loadIPPluginJar : add quadspi
2025-08-18 12:30:15,525 [INFO] IPUIPlugin:80 - create IPUIPlugin
2025-08-18 12:30:15,526 [INFO] PluginManager:220 - loadIPPluginJar : add radio
2025-08-18 12:30:15,527 [INFO] IPUIPlugin:80 - create IPUIPlugin
2025-08-18 12:30:15,527 [INFO] PluginManager:220 - loadIPPluginJar : add resmgrutility
2025-08-18 12:30:15,529 [INFO] IPUIPlugin:80 - create IPUIPlugin
2025-08-18 12:30:15,529 [INFO] PluginManager:220 - loadIPPluginJar : add sai
2025-08-18 12:30:15,530 [INFO] IPUIPlugin:80 - create IPUIPlugin
2025-08-18 12:30:15,530 [INFO] PluginManager:220 - loadIPPluginJar : add spi
2025-08-18 12:30:15,534 [INFO] IPUIPlugin:80 - create IPUIPlugin
2025-08-18 12:30:15,534 [INFO] PluginManager:220 - loadIPPluginJar : add stm32_wpan
2025-08-18 12:30:15,535 [INFO] IPUIPlugin:80 - create IPUIPlugin
2025-08-18 12:30:15,535 [INFO] PluginManager:220 - loadIPPluginJar : add tim
2025-08-18 12:30:15,537 [INFO] IPUIPlugin:80 - create IPUIPlugin
2025-08-18 12:30:15,537 [INFO] PluginManager:220 - loadIPPluginJar : add touchsensing
2025-08-18 12:30:15,539 [INFO] IPUIPlugin:80 - create IPUIPlugin
2025-08-18 12:30:15,539 [INFO] PluginManager:220 - loadIPPluginJar : add tracer_emb
2025-08-18 12:30:15,540 [INFO] IPUIPlugin:80 - create IPUIPlugin
2025-08-18 12:30:15,540 [INFO] PluginManager:220 - loadIPPluginJar : add ts
2025-08-18 12:30:15,541 [INFO] IPUIPlugin:80 - create IPUIPlugin
2025-08-18 12:30:15,541 [INFO] PluginManager:220 - loadIPPluginJar : add tsc
2025-08-18 12:30:15,542 [INFO] IPUIPlugin:80 - create IPUIPlugin
2025-08-18 12:30:15,543 [INFO] PluginManager:220 - loadIPPluginJar : add ucpd
2025-08-18 12:30:15,544 [INFO] IPUIPlugin:80 - create IPUIPlugin
2025-08-18 12:30:15,544 [INFO] PluginManager:220 - loadIPPluginJar : add usart
2025-08-18 12:30:15,546 [INFO] IPUIPlugin:80 - create IPUIPlugin
2025-08-18 12:30:15,547 [INFO] PluginManager:220 - loadIPPluginJar : add usbx
2025-08-18 12:30:15,637 [FATAL] Updater:351 - Updater called before beeing initialized
2025-08-18 12:30:15,656 [INFO] RulesReader:64 - Compatibility file has been processed (317 Rules)
2025-08-18 12:30:15,664 [INFO] RulesReader:64 - Compatibility file has been processed (317 Rules)
2025-08-18 12:30:15,669 [INFO] CADModel:165 - CPN selected for project level
2025-08-18 12:30:15,670 [INFO] CADModel:114 - Register for checkConnection events
2025-08-18 12:30:15,670 [FATAL] Updater:351 - Updater called before beeing initialized
2025-08-18 12:30:15,670 [ERROR] CADModel:125 - Updater not yet initialized, retry later 
2025-08-18 12:30:15,754 [FATAL] Updater:351 - Updater called before beeing initialized
2025-08-18 12:30:15,755 [INFO] CADModel:165 - CPN selected for project level
2025-08-18 12:30:15,755 [INFO] CADModel:114 - Register for checkConnection events
2025-08-18 12:30:15,755 [FATAL] Updater:351 - Updater called before beeing initialized
2025-08-18 12:30:15,755 [ERROR] CADModel:125 - Updater not yet initialized, retry later 
2025-08-18 12:30:15,758 [FATAL] Updater:351 - Updater called before beeing initialized
2025-08-18 12:30:15,860 [FATAL] Updater:351 - Updater called before beeing initialized
2025-08-18 12:30:15,864 [INFO] DbMcusAds:53 - JSON generation date=Tue Jul 08 13:44:23 IST 2025 (1751962463593)
2025-08-18 12:30:15,864 [FATAL] Updater:351 - Updater called before beeing initialized
2025-08-18 12:30:15,888 [WARN] DetailPanel:346 - Failed to get advertising image, set to default
2025-08-18 12:30:15,952 [FATAL] Updater:351 - Updater called before beeing initialized
2025-08-18 12:30:15,953 [FATAL] Updater:351 - Updater called before beeing initialized
2025-08-18 12:30:15,953 [FATAL] Updater:351 - Updater called before beeing initialized
2025-08-18 12:30:15,953 [WARN] DetailPanel:346 - Failed to get advertising image, set to default
2025-08-18 12:30:15,954 [FATAL] Updater:351 - Updater called before beeing initialized
2025-08-18 12:30:15,976 [ERROR] Updater:1198 - MainUpdater not yet initialized. External WinMGr cannot be set.
2025-08-18 12:30:15,977 [INFO] Updater:1134 - Updater Version found : 6.15.0
2025-08-18 12:30:15,993 [INFO] ApplicationProperties:184 - Using Application install path: /home/uttkarsh_8/st/stm32cubeide_1.19.0_2/plugins/com.st.stm32cube.common.mx_6.15.0.202507011659
2025-08-18 12:30:16,368 [INFO] MainUpdater:2872 - connection check result : 10
2025-08-18 12:30:16,368 [INFO] MainUpdater:289 - Updater Check For Update Now.
2025-08-18 12:30:16,369 [INFO] MicroXplorer:498 - Change Database Version : DB.6.0.150
2025-08-18 12:30:16,374 [INFO] McuFinderGlobals:63 - Set McuFinder mode to 2 (CubeIDE integrated)
2025-08-18 12:30:16,375 [INFO] UserAuth:487 - Internet connection configuration mode: 1
2025-08-18 12:30:16,395 [INFO] JxBrowserEngine:152 - Initiate JxBrowser Engine with user profile folder
2025-08-18 12:30:16,578 [INFO] CheckServerUpdateThread:120 - End of CheckServer Thread
2025-08-18 12:30:16,794 [ERROR] LogOutputStream:75 - [STDERR_REDIRECT] 
