2025-08-15 03:34:58,266 [INFO] Activator:176 - 


2025-08-15 03:34:58,269 [INFO] Activator:177 - !SESSION log4j initialized
2025-08-15 03:35:00,719 [INFO] LogOutputStream:77 - [STDOUT_REDIRECT] 
2025-08-15 03:35:01,704 [INFO] ApplicationProperties:184 - Using Application install path: /home/uttkarsh_8/st/stm32cubeide_1.19.0_2/plugins/com.st.stm32cube.common.mx_6.15.0.202507011659
2025-08-15 03:35:01,725 [INFO] DbMcusXml:78 - Set database path to: /home/uttkarsh_8/st/stm32cubeide_1.19.0_2/plugins/com.st.stm32cube.common.mx_6.15.0.202507011659//db//mcu/
2025-08-15 03:35:01,725 [INFO] ApiDb:274 - Set plugin database path to: /home/uttkarsh_8/st/stm32cubeide_1.19.0_2/plugins/com.st.stm32cube.common.mx_6.15.0.202507011659//db//plugins/boardmanager/
2025-08-15 03:35:01,725 [WARN] ApiDb:259 - Overriding images path with different value:  => /home/uttkarsh_8/st/stm32cubeide_1.19.0_2/plugins/com.st.stm32cube.common.mx_6.15.0.202507011659//db//plugins/mcufinder/images/
2025-08-15 03:35:01,732 [INFO] ApiDb:250 - Set database path to: /home/uttkarsh_8/.stmcufinder/plugins/mcufinder//mcu/
2025-08-15 03:35:01,734 [INFO] DbMcusAds:125 - Set database path to: /home/uttkarsh_8/.stmcufinder/plugins/mcufinder//mcu/
2025-08-15 03:35:01,736 [INFO] CrossReferenceDbSqlite:203 - Set database path to: /home/uttkarsh_8/.stmcufinder/plugins/mcufinder//mcu/cs/
2025-08-15 03:35:01,895 [INFO] RulesReader:64 - Compatibility file has been processed (317 Rules)
2025-08-15 03:35:01,975 [INFO] DbMcusXml:78 - Set database path to: /home/uttkarsh_8/st/stm32cubeide_1.19.0_2/plugins/com.st.stm32cube.common.mx_6.15.0.202507011659//db//mcu/
2025-08-15 03:35:01,975 [INFO] ApiDb:274 - Set plugin database path to: /home/uttkarsh_8/st/stm32cubeide_1.19.0_2/plugins/com.st.stm32cube.common.mx_6.15.0.202507011659//db//plugins/boardmanager/
2025-08-15 03:35:01,975 [INFO] ApiDb:261 - Set plugin images path to: /home/uttkarsh_8/st/stm32cubeide_1.19.0_2/plugins/com.st.stm32cube.common.mx_6.15.0.202507011659//db//plugins/mcufinder/images/
2025-08-15 03:35:01,976 [WARN] DbFile:41 - Overriding database path with different value: /home/uttkarsh_8/.stmcufinder/plugins/mcufinder/ => /home/uttkarsh_8/.stmcufinder/plugins/mcufinder
2025-08-15 03:35:01,976 [INFO] ApiDb:250 - Set database path to: /home/uttkarsh_8/.stmcufinder/plugins/mcufinder//mcu/
2025-08-15 03:35:01,976 [WARN] DbFile:41 - Overriding database path with different value: /home/uttkarsh_8/.stmcufinder/plugins/mcufinder/ => /home/uttkarsh_8/.stmcufinder/plugins/mcufinder
2025-08-15 03:35:01,976 [INFO] DbMcusAds:125 - Set database path to: /home/uttkarsh_8/.stmcufinder/plugins/mcufinder//mcu/
2025-08-15 03:35:01,976 [WARN] DbFile:41 - Overriding database path with different value: /home/uttkarsh_8/.stmcufinder/plugins/mcufinder/ => /home/uttkarsh_8/.stmcufinder/plugins/mcufinder
2025-08-15 03:35:01,976 [WARN] DbFile:41 - Overriding database path with different value: /home/uttkarsh_8/.stmcufinder/plugins/mcufinder/ => /home/uttkarsh_8/.stmcufinder/plugins/mcufinder
2025-08-15 03:35:01,976 [INFO] CrossReferenceDbSqlite:203 - Set database path to: /home/uttkarsh_8/.stmcufinder/plugins/mcufinder//mcu/cs/
2025-08-15 03:35:02,061 [INFO] MainPanel:274 - HeapMemory: 236978176
2025-08-15 03:35:02,208 [INFO] DbMcusXml:78 - Set database path to: /home/uttkarsh_8/st/stm32cubeide_1.19.0_2/plugins/com.st.stm32cube.common.mx_6.15.0.202507011659//db//mcu/
2025-08-15 03:35:02,209 [INFO] ApiDb:274 - Set plugin database path to: /home/uttkarsh_8/st/stm32cubeide_1.19.0_2/plugins/com.st.stm32cube.common.mx_6.15.0.202507011659//db//plugins/boardmanager/
2025-08-15 03:35:02,209 [INFO] ApiDb:261 - Set plugin images path to: /home/uttkarsh_8/st/stm32cubeide_1.19.0_2/plugins/com.st.stm32cube.common.mx_6.15.0.202507011659//db//plugins/mcufinder/images/
2025-08-15 03:35:02,209 [WARN] DbFile:41 - Overriding database path with different value: /home/uttkarsh_8/.stmcufinder/plugins/mcufinder/ => /home/uttkarsh_8/.stmcufinder/plugins/mcufinder
2025-08-15 03:35:02,209 [INFO] ApiDb:250 - Set database path to: /home/uttkarsh_8/.stmcufinder/plugins/mcufinder//mcu/
2025-08-15 03:35:02,209 [WARN] DbFile:41 - Overriding database path with different value: /home/uttkarsh_8/.stmcufinder/plugins/mcufinder/ => /home/uttkarsh_8/.stmcufinder/plugins/mcufinder
2025-08-15 03:35:02,209 [INFO] DbMcusAds:125 - Set database path to: /home/uttkarsh_8/.stmcufinder/plugins/mcufinder//mcu/
2025-08-15 03:35:02,210 [WARN] DbFile:41 - Overriding database path with different value: /home/uttkarsh_8/.stmcufinder/plugins/mcufinder/ => /home/uttkarsh_8/.stmcufinder/plugins/mcufinder
2025-08-15 03:35:02,210 [WARN] DbFile:41 - Overriding database path with different value: /home/uttkarsh_8/.stmcufinder/plugins/mcufinder/ => /home/uttkarsh_8/.stmcufinder/plugins/mcufinder
2025-08-15 03:35:02,210 [INFO] CrossReferenceDbSqlite:203 - Set database path to: /home/uttkarsh_8/.stmcufinder/plugins/mcufinder//mcu/cs/
2025-08-15 03:35:02,227 [INFO] ApplicationProperties:184 - Using Application install path: /home/uttkarsh_8/st/stm32cubeide_1.19.0_2/plugins/com.st.stm32cube.common.mx_6.15.0.202507011659
2025-08-15 03:35:02,230 [INFO] PluginManage:196 - Search for loadable plugins [exclusion list=, ]
2025-08-15 03:35:02,231 [INFO] PluginManage:310 - Check plugin analytics
2025-08-15 03:35:02,470 [INFO] AnalyticsPlugin:253 - Accepted Software Licenses: 
2025-08-15 03:35:02,471 [INFO] AnalyticsPlugin:255 - Accepted CMSIS Pack Licenses: 
2025-08-15 03:35:02,471 [INFO] AnalyticsPlugin:257 - Accepted Firmware Licenses: 
2025-08-15 03:35:02,475 [INFO] PluginManage:359 - Loaded plugin analytics (category:tool,tabindex:-1)
2025-08-15 03:35:02,476 [INFO] PluginManage:310 - Check plugin cadmodel
2025-08-15 03:35:02,484 [INFO] CADModel:105 - Init CAD model plugin
2025-08-15 03:35:02,485 [INFO] PluginManage:359 - Loaded plugin cadmodel (category:power,tabindex:5)
2025-08-15 03:35:02,485 [INFO] PluginManage:310 - Check plugin clock
2025-08-15 03:35:02,495 [INFO] PluginManage:359 - Loaded plugin clock (category:base,tabindex:2)
2025-08-15 03:35:02,496 [INFO] PluginManage:310 - Check plugin ddr
2025-08-15 03:35:02,499 [INFO] PluginManage:359 - Loaded plugin ddr (category:tool,tabindex:6)
2025-08-15 03:35:02,499 [INFO] PluginManage:310 - Check plugin filemanager
2025-08-15 03:35:02,703 [INFO] PluginManage:359 - Loaded plugin filemanager (category:base,tabindex:10)
2025-08-15 03:35:02,703 [INFO] PluginManage:310 - Check plugin ipmanager
2025-08-15 03:35:02,709 [INFO] PluginManage:359 - Loaded plugin ipmanager (category:base,tabindex:5)
2025-08-15 03:35:02,709 [INFO] PluginManage:310 - Check plugin lpbam
2025-08-15 03:35:02,721 [INFO] PluginManage:359 - Loaded plugin lpbam (category:base,tabindex:0)
2025-08-15 03:35:02,722 [INFO] PluginManage:310 - Check plugin memorymap
2025-08-15 03:35:02,736 [INFO] PluginManage:359 - Loaded plugin memorymap (category:base,tabindex:4)
2025-08-15 03:35:02,736 [INFO] PluginManage:310 - Check plugin pinoutandconfiguration
2025-08-15 03:35:02,745 [INFO] PluginManage:359 - Loaded plugin pinoutandconfiguration (category:base,tabindex:1)
2025-08-15 03:35:02,745 [INFO] PluginManage:310 - Check plugin pinoutconfig
2025-08-15 03:35:02,849 [WARN] SupportedApi:132 - Cannot load RTOS API schema: s4s-elt-must-match.1: The content of 'definitions' must match (annotation?, (simpleType | complexType)?, (unique | key | keyref)*)). A problem was found starting at: attribute.
2025-08-15 03:35:03,031 [INFO] PluginManage:359 - Loaded plugin pinoutconfig (category:base,tabindex:0)
2025-08-15 03:35:03,032 [INFO] PluginManage:310 - Check plugin power
2025-08-15 03:35:03,044 [INFO] PluginManage:359 - Loaded plugin power (category:power,tabindex:4)
2025-08-15 03:35:03,044 [INFO] PluginManage:310 - Check plugin projectmanager
2025-08-15 03:35:03,062 [INFO] PluginManage:359 - Loaded plugin projectmanager (category:projectmanager,tabindex:4)
2025-08-15 03:35:03,063 [INFO] PluginManage:310 - Check plugin rif
2025-08-15 03:35:03,074 [INFO] PluginManage:359 - Loaded plugin rif (category:base,tabindex:3)
2025-08-15 03:35:03,074 [INFO] PluginManage:310 - Check plugin thirdparty
2025-08-15 03:35:03,291 [INFO] PluginManage:359 - Loaded plugin thirdparty (category:base,tabindex:-1)
2025-08-15 03:35:03,291 [WARN] IntegrityCheckThread:84 - waiting for thirdparty lock release [integrity check]
2025-08-15 03:35:03,291 [INFO] IntegrityCheckThread:86 - entering critical section [integrity check]
2025-08-15 03:35:03,291 [INFO] PluginManage:310 - Check plugin tools
2025-08-15 03:35:03,292 [INFO] ThirdPartyUpdaterWithRetryManager:70 - Updater plugin not ready yet. [1/15]
2025-08-15 03:35:03,294 [INFO] PluginManage:359 - Loaded plugin tools (category:base,tabindex:7)
2025-08-15 03:35:03,294 [INFO] PluginManage:310 - Check plugin tutovideos
2025-08-15 03:35:03,523 [INFO] PluginManage:359 - Loaded plugin tutovideos (category:base,tabindex:-1)
2025-08-15 03:35:03,523 [INFO] PluginManage:310 - Check plugin updater
2025-08-15 03:35:03,546 [INFO] PluginManage:359 - Loaded plugin updater (category:base,tabindex:12)
2025-08-15 03:35:03,547 [INFO] PluginManage:310 - Check plugin userauth
2025-08-15 03:35:03,550 [INFO] UserAuth:118 - Init User Auth plugin
2025-08-15 03:35:03,551 [INFO] PluginManage:359 - Loaded plugin userauth (category:base,tabindex:14)
2025-08-15 03:35:03,551 [INFO] PluginManage:283 - PluginManage : Loaded plugins [18]
2025-08-15 03:35:03,719 [INFO] PinOutPanel:1589 - setPackage(No Configuration,No Configuration)
2025-08-15 03:35:03,792 [INFO] CADModel:165 - CPN selected for project level
2025-08-15 03:35:03,793 [INFO] CADModel:114 - Register for checkConnection events
2025-08-15 03:35:03,810 [INFO] IPUIPlugin:80 - create IPUIPlugin
2025-08-15 03:35:03,810 [INFO] PluginManager:220 - loadIPPluginJar : add adc
2025-08-15 03:35:03,813 [INFO] IPUIPlugin:80 - create IPUIPlugin
2025-08-15 03:35:03,814 [INFO] PluginManager:220 - loadIPPluginJar : add aes
2025-08-15 03:35:03,816 [INFO] IPUIPlugin:80 - create IPUIPlugin
2025-08-15 03:35:03,817 [INFO] PluginManager:220 - loadIPPluginJar : add can
2025-08-15 03:35:03,818 [INFO] IPUIPlugin:80 - create IPUIPlugin
2025-08-15 03:35:03,818 [INFO] PluginManager:220 - loadIPPluginJar : add comp
2025-08-15 03:35:03,821 [INFO] IPUIPlugin:80 - create IPUIPlugin
2025-08-15 03:35:03,821 [INFO] PluginManager:220 - loadIPPluginJar : add cryp
2025-08-15 03:35:03,824 [INFO] IPUIPlugin:80 - create IPUIPlugin
2025-08-15 03:35:03,824 [INFO] PluginManager:220 - loadIPPluginJar : add ddr_ctrl_phy
2025-08-15 03:35:03,827 [INFO] IPUIPlugin:80 - create IPUIPlugin
2025-08-15 03:35:03,827 [INFO] PluginManager:220 - loadIPPluginJar : add dfsdm
2025-08-15 03:35:03,832 [INFO] IPUIPlugin:80 - create IPUIPlugin
2025-08-15 03:35:03,833 [INFO] PluginManager:220 - loadIPPluginJar : add dma
2025-08-15 03:35:03,835 [INFO] IPUIPlugin:80 - create IPUIPlugin
2025-08-15 03:35:03,835 [INFO] PluginManager:220 - loadIPPluginJar : add dma3
2025-08-15 03:35:03,837 [INFO] IPUIPlugin:80 - create IPUIPlugin
2025-08-15 03:35:03,837 [INFO] PluginManager:220 - loadIPPluginJar : add extmemmanager
2025-08-15 03:35:03,839 [INFO] IPUIPlugin:80 - create IPUIPlugin
2025-08-15 03:35:03,839 [INFO] PluginManager:220 - loadIPPluginJar : add fatfs
2025-08-15 03:35:03,844 [INFO] IPUIPlugin:80 - create IPUIPlugin
2025-08-15 03:35:03,845 [INFO] PluginManager:220 - loadIPPluginJar : add fmc
2025-08-15 03:35:03,851 [INFO] IPUIPlugin:80 - create IPUIPlugin
2025-08-15 03:35:03,852 [INFO] PluginManager:220 - loadIPPluginJar : add freertos
2025-08-15 03:35:03,853 [INFO] IPUIPlugin:80 - create IPUIPlugin
2025-08-15 03:35:03,853 [INFO] PluginManager:220 - loadIPPluginJar : add genericplugin
2025-08-15 03:35:03,855 [INFO] IPUIPlugin:80 - create IPUIPlugin
2025-08-15 03:35:03,855 [INFO] PluginManager:220 - loadIPPluginJar : add gfxmmu
2025-08-15 03:35:03,859 [INFO] IPUIPlugin:80 - create IPUIPlugin
2025-08-15 03:35:03,859 [INFO] PluginManager:220 - loadIPPluginJar : add gic
2025-08-15 03:35:03,863 [INFO] IPUIPlugin:80 - create IPUIPlugin
2025-08-15 03:35:03,864 [INFO] PluginManager:220 - loadIPPluginJar : add gpio
2025-08-15 03:35:03,866 [INFO] IPUIPlugin:80 - create IPUIPlugin
2025-08-15 03:35:03,866 [INFO] PluginManager:220 - loadIPPluginJar : add gtzc
2025-08-15 03:35:03,868 [INFO] IPUIPlugin:80 - create IPUIPlugin
2025-08-15 03:35:03,868 [INFO] PluginManager:220 - loadIPPluginJar : add hash
2025-08-15 03:35:03,870 [INFO] IPUIPlugin:80 - create IPUIPlugin
2025-08-15 03:35:03,871 [INFO] PluginManager:220 - loadIPPluginJar : add i2c
2025-08-15 03:35:03,873 [INFO] IPUIPlugin:80 - create IPUIPlugin
2025-08-15 03:35:03,873 [INFO] PluginManager:220 - loadIPPluginJar : add i2s
2025-08-15 03:35:03,875 [INFO] IPUIPlugin:80 - create IPUIPlugin
2025-08-15 03:35:03,875 [INFO] PluginManager:220 - loadIPPluginJar : add i3c
2025-08-15 03:35:03,878 [INFO] IPUIPlugin:80 - create IPUIPlugin
2025-08-15 03:35:03,878 [INFO] PluginManager:220 - loadIPPluginJar : add ipddr
2025-08-15 03:35:03,884 [INFO] IPUIPlugin:80 - create IPUIPlugin
2025-08-15 03:35:03,884 [INFO] PluginManager:220 - loadIPPluginJar : add linkedlist
2025-08-15 03:35:03,886 [INFO] IPUIPlugin:80 - create IPUIPlugin
2025-08-15 03:35:03,886 [INFO] PluginManager:220 - loadIPPluginJar : add lorawan
2025-08-15 03:35:03,887 [INFO] IPUIPlugin:80 - create IPUIPlugin
2025-08-15 03:35:03,887 [INFO] PluginManager:220 - loadIPPluginJar : add ltdc
2025-08-15 03:35:03,891 [INFO] IPUIPlugin:80 - create IPUIPlugin
2025-08-15 03:35:03,891 [INFO] PluginManager:220 - loadIPPluginJar : add mdma
2025-08-15 03:35:03,895 [INFO] IPUIPlugin:80 - create IPUIPlugin
2025-08-15 03:35:03,895 [INFO] PluginManager:220 - loadIPPluginJar : add nvic
2025-08-15 03:35:03,897 [INFO] IPUIPlugin:80 - create IPUIPlugin
2025-08-15 03:35:03,897 [INFO] PluginManager:220 - loadIPPluginJar : add opamp
2025-08-15 03:35:03,899 [INFO] IPUIPlugin:80 - create IPUIPlugin
2025-08-15 03:35:03,899 [INFO] PluginManager:220 - loadIPPluginJar : add openamp
2025-08-15 03:35:03,901 [INFO] IPUIPlugin:80 - create IPUIPlugin
2025-08-15 03:35:03,901 [INFO] PluginManager:220 - loadIPPluginJar : add pdm2pcm
2025-08-15 03:35:03,907 [INFO] IPUIPlugin:80 - create IPUIPlugin
2025-08-15 03:35:03,912 [INFO] PluginManager:220 - loadIPPluginJar : add plateformsettings
2025-08-15 03:35:03,914 [INFO] IPUIPlugin:80 - create IPUIPlugin
2025-08-15 03:35:03,914 [INFO] PluginManager:220 - loadIPPluginJar : add quadspi
2025-08-15 03:35:03,916 [INFO] IPUIPlugin:80 - create IPUIPlugin
2025-08-15 03:35:03,916 [INFO] PluginManager:220 - loadIPPluginJar : add radio
2025-08-15 03:35:03,920 [INFO] IPUIPlugin:80 - create IPUIPlugin
2025-08-15 03:35:03,920 [INFO] PluginManager:220 - loadIPPluginJar : add resmgrutility
2025-08-15 03:35:03,923 [INFO] IPUIPlugin:80 - create IPUIPlugin
2025-08-15 03:35:03,923 [INFO] PluginManager:220 - loadIPPluginJar : add sai
2025-08-15 03:35:03,925 [INFO] IPUIPlugin:80 - create IPUIPlugin
2025-08-15 03:35:03,925 [INFO] PluginManager:220 - loadIPPluginJar : add spi
2025-08-15 03:35:03,931 [INFO] IPUIPlugin:80 - create IPUIPlugin
2025-08-15 03:35:03,931 [INFO] PluginManager:220 - loadIPPluginJar : add stm32_wpan
2025-08-15 03:35:03,933 [INFO] IPUIPlugin:80 - create IPUIPlugin
2025-08-15 03:35:03,933 [INFO] PluginManager:220 - loadIPPluginJar : add tim
2025-08-15 03:35:03,936 [INFO] IPUIPlugin:80 - create IPUIPlugin
2025-08-15 03:35:03,936 [INFO] PluginManager:220 - loadIPPluginJar : add touchsensing
2025-08-15 03:35:03,938 [INFO] IPUIPlugin:80 - create IPUIPlugin
2025-08-15 03:35:03,938 [INFO] PluginManager:220 - loadIPPluginJar : add tracer_emb
2025-08-15 03:35:03,940 [INFO] IPUIPlugin:80 - create IPUIPlugin
2025-08-15 03:35:03,940 [INFO] PluginManager:220 - loadIPPluginJar : add ts
2025-08-15 03:35:03,941 [INFO] IPUIPlugin:80 - create IPUIPlugin
2025-08-15 03:35:03,941 [INFO] PluginManager:220 - loadIPPluginJar : add tsc
2025-08-15 03:35:03,943 [INFO] IPUIPlugin:80 - create IPUIPlugin
2025-08-15 03:35:03,944 [INFO] PluginManager:220 - loadIPPluginJar : add ucpd
2025-08-15 03:35:03,947 [INFO] IPUIPlugin:80 - create IPUIPlugin
2025-08-15 03:35:03,947 [INFO] PluginManager:220 - loadIPPluginJar : add usart
2025-08-15 03:35:03,950 [INFO] IPUIPlugin:80 - create IPUIPlugin
2025-08-15 03:35:03,950 [INFO] PluginManager:220 - loadIPPluginJar : add usbx
2025-08-15 03:35:04,054 [FATAL] Updater:351 - Updater called before beeing initialized
2025-08-15 03:35:04,084 [INFO] RulesReader:64 - Compatibility file has been processed (317 Rules)
2025-08-15 03:35:04,104 [INFO] RulesReader:64 - Compatibility file has been processed (317 Rules)
2025-08-15 03:35:04,112 [INFO] CADModel:165 - CPN selected for project level
2025-08-15 03:35:04,112 [INFO] CADModel:114 - Register for checkConnection events
2025-08-15 03:35:04,112 [FATAL] Updater:351 - Updater called before beeing initialized
2025-08-15 03:35:04,113 [ERROR] CADModel:125 - Updater not yet initialized, retry later 
2025-08-15 03:35:04,229 [FATAL] Updater:351 - Updater called before beeing initialized
2025-08-15 03:35:04,230 [INFO] CADModel:165 - CPN selected for project level
2025-08-15 03:35:04,230 [INFO] CADModel:114 - Register for checkConnection events
2025-08-15 03:35:04,231 [FATAL] Updater:351 - Updater called before beeing initialized
2025-08-15 03:35:04,231 [ERROR] CADModel:125 - Updater not yet initialized, retry later 
2025-08-15 03:35:04,234 [FATAL] Updater:351 - Updater called before beeing initialized
2025-08-15 03:35:04,378 [FATAL] Updater:351 - Updater called before beeing initialized
2025-08-15 03:35:04,381 [INFO] DbMcusAds:53 - JSON generation date=Tue Jul 08 13:44:23 IST 2025 (1751962463593)
2025-08-15 03:35:04,382 [FATAL] Updater:351 - Updater called before beeing initialized
2025-08-15 03:35:04,413 [WARN] DetailPanel:346 - Failed to get advertising image, set to default
2025-08-15 03:35:04,491 [FATAL] Updater:351 - Updater called before beeing initialized
2025-08-15 03:35:04,493 [FATAL] Updater:351 - Updater called before beeing initialized
2025-08-15 03:35:04,493 [FATAL] Updater:351 - Updater called before beeing initialized
2025-08-15 03:35:04,493 [WARN] DetailPanel:346 - Failed to get advertising image, set to default
2025-08-15 03:35:04,494 [FATAL] Updater:351 - Updater called before beeing initialized
2025-08-15 03:35:04,545 [ERROR] Updater:1198 - MainUpdater not yet initialized. External WinMGr cannot be set.
2025-08-15 03:35:04,548 [INFO] Updater:1134 - Updater Version found : 6.15.0
2025-08-15 03:35:04,568 [INFO] ApplicationProperties:184 - Using Application install path: /home/uttkarsh_8/st/stm32cubeide_1.19.0_2/plugins/com.st.stm32cube.common.mx_6.15.0.202507011659
2025-08-15 03:35:05,657 [INFO] MainUpdater:2872 - connection check result : 10
2025-08-15 03:35:05,658 [INFO] MainUpdater:289 - Updater Check For Update Now.
2025-08-15 03:35:05,658 [INFO] MicroXplorer:498 - Change Database Version : DB.6.0.150
2025-08-15 03:35:05,664 [INFO] McuFinderGlobals:63 - Set McuFinder mode to 2 (CubeIDE integrated)
2025-08-15 03:35:05,665 [INFO] UserAuth:487 - Internet connection configuration mode: 1
2025-08-15 03:35:05,686 [INFO] JxBrowserEngine:152 - Initiate JxBrowser Engine with user profile folder
2025-08-15 03:35:05,839 [INFO] CheckServerUpdateThread:120 - End of CheckServer Thread
2025-08-15 03:35:06,472 [WARN] PackLoader:240 - Cannot read IP mode file for STMicroelectronics.FP-SNS-MOTENVWB1.1.4.0
2025-08-15 03:35:06,496 [WARN] PackLoader:240 - Cannot read IP mode file for STMicroelectronics.FP-ATR-ASTRA1.2.0.2
2025-08-15 03:35:06,508 [WARN] PackLoader:240 - Cannot read IP mode file for STMicroelectronics.X-CUBE-SMBUS.2.1.0
2025-08-15 03:35:06,517 [WARN] PackLoader:240 - Cannot read IP mode file for STMicroelectronics.X-CUBE-ST60.1.0.0
2025-08-15 03:35:06,562 [WARN] PackLoader:240 - Cannot read IP mode file for STMicroelectronics.X-CUBE-AZRTOS-F7.1.1.0
2025-08-15 03:35:06,606 [WARN] PackLoader:240 - Cannot read IP mode file for Infineon.AIROC-Wi-Fi-Bluetooth-STM32.1.7.1
2025-08-15 03:35:06,650 [WARN] PackLoader:240 - Cannot read IP mode file for STMicroelectronics.X-CUBE-AZRTOS-H7.3.4.0
2025-08-15 03:35:06,664 [WARN] PackLoader:240 - Cannot read IP mode file for STMicroelectronics.X-CUBE-DISPLAY.3.0.0
2025-08-15 03:35:06,680 [WARN] PackLoader:240 - Cannot read IP mode file for STMicroelectronics.X-CUBE-NFC10.1.0.0
2025-08-15 03:35:06,706 [WARN] PackLoader:240 - Cannot read IP mode file for emotas.I-CUBE-CANOPEN.1.3.0
2025-08-15 03:35:06,713 [WARN] PackLoader:240 - Cannot read IP mode file for STMicroelectronics.FP-SNS-STBOX1.2.1.0
2025-08-15 03:35:06,718 [WARN] PackLoader:240 - Cannot read IP mode file for STMicroelectronics.FP-SNS-SMARTAG2.1.2.0
2025-08-15 03:35:06,721 [WARN] PackLoader:240 - Cannot read IP mode file for STMicroelectronics.FP-SNS-FLIGHT1.5.1.0
2025-08-15 03:35:06,730 [INFO] LogOutputStream:77 - [STDOUT_REDIRECT] 1 : Invalid condition id : UX_CORESTACK_Condition cause : null
2025-08-15 03:35:06,731 [INFO] LogOutputStream:77 - [STDOUT_REDIRECT] 1 : Invalid condition id : UX_CORESTACK_Condition cause : null
2025-08-15 03:35:06,731 [INFO] LogOutputStream:77 - [STDOUT_REDIRECT] 1 : Invalid condition id : UX_CORESTACK_Condition cause : null
2025-08-15 03:35:06,731 [INFO] LogOutputStream:77 - [STDOUT_REDIRECT] 1 : Invalid condition id : UX_CORESTACK_Condition cause : null
2025-08-15 03:35:06,732 [INFO] LogOutputStream:77 - [STDOUT_REDIRECT] 1 : Invalid condition id : UX_CORESTACK_Condition cause : null
2025-08-15 03:35:06,736 [WARN] PackLoader:240 - Cannot read IP mode file for STMicroelectronics.X-CUBE-AZRTOS-WL.2.0.0
2025-08-15 03:35:06,741 [INFO] WebApp:169 - Instantiating new browser for Auth
2025-08-15 03:35:06,741 [WARN] PackLoader:240 - Cannot read IP mode file for STMicroelectronics.FP-SNS-MOTENV1.5.0.0
2025-08-15 03:35:06,749 [WARN] PackLoader:240 - Cannot read IP mode file for STMicroelectronics.X-CUBE-BLE2.3.3.0
2025-08-15 03:35:06,756 [WARN] PackLoader:240 - Cannot read IP mode file for STMicroelectronics.X-CUBE-NFC9.1.0.0
2025-08-15 03:35:06,763 [WARN] PackLoader:240 - Cannot read IP mode file for wolfSSL.I-CUBE-wolfSSL.5.8.2
2025-08-15 03:35:06,771 [WARN] PackLoader:240 - Cannot read IP mode file for STMicroelectronics.X-CUBE-BLE1.7.1.0
2025-08-15 03:35:06,775 [WARN] PackLoader:240 - Cannot read IP mode file for wolfSSL.I-CUBE-wolfMQTT.1.19.2
2025-08-15 03:35:06,785 [WARN] PackLoader:240 - Cannot read IP mode file for STMicroelectronics.X-CUBE-EEPRMA1.5.2.0
2025-08-15 03:35:06,809 [WARN] PackLoader:240 - Cannot read IP mode file for STMicroelectronics.X-CUBE-AZRTOS-G0.1.1.0
2025-08-15 03:35:06,819 [WARN] PackLoader:240 - Cannot read IP mode file for STMicroelectronics.X-CUBE-SAFEA1.1.2.2
2025-08-15 03:35:06,827 [WARN] PackLoader:240 - Cannot read IP mode file for STMicroelectronics.X-CUBE-NFC4.3.0.0
2025-08-15 03:35:06,838 [WARN] PackLoader:240 - Cannot read IP mode file for EmbeddedOffice.I-CUBE-FS-RTOS.1.0.1
2025-08-15 03:35:06,844 [WARN] PackLoader:240 - Cannot read IP mode file for STMicroelectronics.X-CUBE-WB05N.2.0.0
2025-08-15 03:35:06,850 [WARN] PackLoader:240 - Cannot read IP mode file for wolfSSL.I-CUBE-wolfTPM.3.8.0
2025-08-15 03:35:06,857 [WARN] PackLoader:240 - Cannot read IP mode file for STMicroelectronics.X-CUBE-TCPP.4.2.0
2025-08-15 03:35:06,864 [WARN] PackLoader:240 - Cannot read IP mode file for RealThread.X-CUBE-RT-Thread_Nano.4.1.1
2025-08-15 03:35:06,869 [WARN] PackLoader:240 - Cannot read IP mode file for STMicroelectronics.FP-ATR-SIGFOX1.3.2.0
2025-08-15 03:35:06,875 [WARN] PackLoader:240 - Cannot read IP mode file for STMicroelectronics.X-CUBE-ST67W61.1.0.0
2025-08-15 03:35:06,880 [WARN] PackLoader:240 - Cannot read IP mode file for STMicroelectronics.X-CUBE-AI.10.2.0
2025-08-15 03:35:06,910 [WARN] PackLoader:240 - Cannot read IP mode file for SEGGER.I-CUBE-embOS.1.3.1
2025-08-15 03:35:06,965 [WARN] PackLoader:240 - Cannot read IP mode file for STMicroelectronics.X-CUBE-ALGOBUILD.1.4.0
2025-08-15 03:35:07,046 [WARN] PackLoader:240 - Cannot read IP mode file for STMicroelectronics.X-CUBE-MEMS1.11.3.0
2025-08-15 03:35:07,290 [WARN] PackLoader:240 - Cannot read IP mode file for STMicroelectronics.X-CUBE-PM33A1.1.0.0
2025-08-15 03:35:07,315 [WARN] PackLoader:240 - Cannot read IP mode file for STMicroelectronics.X-CUBE-AZRTOS-F4.1.1.0
2025-08-15 03:35:07,324 [WARN] PackLoader:240 - Cannot read IP mode file for Avnet-IotConnect.X-CUBE-IoTC-DA16k-PMOD.1.0.0
2025-08-15 03:35:07,329 [WARN] PackLoader:240 - Cannot read IP mode file for STMicroelectronics.X-CUBE-ISPU.2.1.0
2025-08-15 03:35:07,337 [WARN] PackLoader:240 - Cannot read IP mode file for STMicroelectronics.X-CUBE-NFC12.1.0.0
2025-08-15 03:35:07,363 [WARN] PackLoader:240 - Cannot read IP mode file for STMicroelectronics.X-CUBE-AZRTOS-L5.2.0.0
2025-08-15 03:35:07,379 [WARN] PackLoader:240 - Cannot read IP mode file for STMicroelectronics.X-CUBE-NFC6.3.1.0
2025-08-15 03:35:07,404 [WARN] PackLoader:240 - Cannot read IP mode file for STMicroelectronics.X-CUBE-FREERTOS.1.3.1
2025-08-15 03:35:07,409 [WARN] PackLoader:240 - Cannot read IP mode file for STMicroelectronics.FP-SNS-STAIOTCFT.1.0.0
2025-08-15 03:35:07,420 [WARN] PackLoader:240 - Cannot read IP mode file for STMicroelectronics.X-CUBE-DPower.1.3.0
2025-08-15 03:35:07,451 [WARN] ConditionMgr:438 - getConditionDescription Invalid condition id : LAN8742 Phy interface Condition cause : null
2025-08-15 03:35:07,452 [WARN] PackLoader:240 - Cannot read IP mode file for STMicroelectronics.X-CUBE-AZRTOS-L4.2.0.0
2025-08-15 03:35:07,454 [WARN] ConditionMgr:1044 - genDependencies : Invalid condition id : LAN8742 Phy interface Condition cause : null
2025-08-15 03:35:07,454 [WARN] ConditionMgr:1044 - genDependencies : Invalid condition id : LAN8742 Phy interface Condition cause : null
2025-08-15 03:35:07,455 [WARN] ConditionMgr:1044 - genDependencies : Invalid condition id : LAN8742 Phy interface Condition cause : null
2025-08-15 03:35:07,467 [WARN] PackLoader:240 - Cannot read IP mode file for STMicroelectronics.X-CUBE-SFXS2LP1.4.0.0
2025-08-15 03:35:07,482 [WARN] PackLoader:240 - Cannot read IP mode file for STMicroelectronics.X-CUBE-BLEMGR.4.1.0
2025-08-15 03:35:07,516 [WARN] ConditionMgr:438 - getConditionDescription Invalid condition id : UX DEVICE CLASS RTOS Condition cause : null
2025-08-15 03:35:07,517 [WARN] ConditionMgr:438 - getConditionDescription Invalid condition id : UX DEVICE CLASS RTOS Condition cause : null
2025-08-15 03:35:07,520 [WARN] PackLoader:240 - Cannot read IP mode file for STMicroelectronics.X-CUBE-AZRTOS-WB.2.0.0
2025-08-15 03:35:07,521 [WARN] ConditionMgr:1044 - genDependencies : Invalid condition id : UX DEVICE CLASS RTOS Condition cause : null
2025-08-15 03:35:07,521 [WARN] ConditionMgr:1044 - genDependencies : Invalid condition id : UX DEVICE CLASS RTOS Condition cause : null
2025-08-15 03:35:07,522 [WARN] ConditionMgr:1044 - genDependencies : Invalid condition id : UX DEVICE CLASS RTOS Condition cause : null
2025-08-15 03:35:07,522 [WARN] ConditionMgr:1044 - genDependencies : Invalid condition id : UX DEVICE CLASS RTOS Condition cause : null
2025-08-15 03:35:07,522 [WARN] ConditionMgr:1044 - genDependencies : Invalid condition id : UX DEVICE CLASS RTOS Condition cause : null
2025-08-15 03:35:07,530 [WARN] PackLoader:240 - Cannot read IP mode file for STMicroelectronics.X-CUBE-GNSS1.7.0.1
2025-08-15 03:35:07,537 [WARN] PackLoader:240 - Cannot read IP mode file for STMicroelectronics.X-CUBE-TOUCHGFX.4.25.0
2025-08-15 03:35:07,540 [WARN] ConditionMgr:438 - getConditionDescription Invalid condition id : Cortex-A Device cause : null
2025-08-15 03:35:07,556 [WARN] ConditionMgr:1044 - genDependencies : Invalid condition id : Cortex-A Device cause : null
2025-08-15 03:35:07,557 [WARN] ConditionMgr:1044 - genDependencies : Invalid condition id : Cortex-A Device cause : null
2025-08-15 03:35:07,557 [WARN] ConditionMgr:1044 - genDependencies : Invalid condition id : Cortex-A Device cause : null
2025-08-15 03:35:07,567 [WARN] PackLoader:240 - Cannot read IP mode file for STMicroelectronics.X-CUBE-SUBG2.5.0.0
2025-08-15 03:35:07,586 [WARN] PackLoader:240 - Cannot read IP mode file for STMicroelectronics.X-CUBE-AZRTOS-H7RS.1.1.0
2025-08-15 03:35:07,592 [WARN] PackLoader:240 - Cannot read IP mode file for Cesanta.I-CUBE-Mongoose.7.13.0
2025-08-15 03:35:07,611 [WARN] PackLoader:240 - Cannot read IP mode file for STMicroelectronics.X-CUBE-AZRTOS-G4.2.0.0
2025-08-15 03:35:07,616 [WARN] PackLoader:240 - Cannot read IP mode file for wolfSSL.I-CUBE-wolfSSH.1.4.20
2025-08-15 03:35:07,621 [WARN] PackLoader:240 - Cannot read IP mode file for STMicroelectronics.X-CUBE-NFC7.2.0.0
2025-08-15 03:35:07,629 [INFO] WebApp:463 - Apply proxy settings
2025-08-15 03:35:07,630 [INFO] WebApp:548 - Chromium requires no authentication
2025-08-15 03:35:07,637 [WARN] PackLoader:240 - Cannot read IP mode file for STMicroelectronics.X-CUBE-IPS.3.1.0
2025-08-15 03:35:07,639 [INFO] WebApp:491 - Direct internet connection detected
2025-08-15 03:35:07,645 [WARN] PackLoader:240 - Cannot read IP mode file for STMicroelectronics.X-CUBE-ALS.1.0.2
2025-08-15 03:35:07,650 [WARN] PackLoader:240 - Cannot read IP mode file for portGmbH.I-Cube-SoM-uGOAL.1.1.0
2025-08-15 03:35:07,658 [INFO] WebApp:900 - Register for checkConnection events
2025-08-15 03:35:07,658 [INFO] WebApp:463 - Apply proxy settings
2025-08-15 03:35:07,659 [INFO] WebApp:548 - Chromium requires no authentication
2025-08-15 03:35:07,659 [INFO] WebApp:491 - Direct internet connection detected
2025-08-15 03:35:07,659 [WARN] PackLoader:240 - Cannot read IP mode file for STMicroelectronics.X-CUBE-TOF1.3.4.3
2025-08-15 03:35:07,670 [INFO] ThirdParty:978 - Integrity check success = true
2025-08-15 03:35:07,670 [INFO] IntegrityCheckThread:100 - exiting critical section [integrity check]
2025-08-15 03:35:07,670 [INFO] IntegrityCheckThread:103 - End integrity checks thread
2025-08-15 03:35:07,822 [INFO] WebApp:225 - Starting web application
2025-08-15 03:35:07,822 [INFO] WebApp:593 - Web application path used /home/uttkarsh_8/st/stm32cubeide_1.19.0_2/plugins/com.st.stm32cube.common.mx_6.15.0.202507011659/db/plugins/mcufinder/reactClient1/index.html
2025-08-15 03:35:07,933 [INFO] UserAuth:487 - Internet connection configuration mode: 1
2025-08-15 03:35:08,464 [INFO] WebApp:191 - Connection restablished
2025-08-15 17:09:21,489 [INFO] Activator:176 - 


2025-08-15 17:09:21,491 [INFO] Activator:177 - !SESSION log4j initialized
2025-08-15 17:09:25,251 [INFO] LogOutputStream:77 - [STDOUT_REDIRECT] 
2025-08-15 17:09:25,984 [INFO] ApplicationProperties:184 - Using Application install path: /home/uttkarsh_8/st/stm32cubeide_1.19.0_2/plugins/com.st.stm32cube.common.mx_6.15.0.202507011659
2025-08-15 17:09:25,995 [INFO] DbMcusXml:78 - Set database path to: /home/uttkarsh_8/st/stm32cubeide_1.19.0_2/plugins/com.st.stm32cube.common.mx_6.15.0.202507011659//db//mcu/
2025-08-15 17:09:25,995 [INFO] ApiDb:274 - Set plugin database path to: /home/uttkarsh_8/st/stm32cubeide_1.19.0_2/plugins/com.st.stm32cube.common.mx_6.15.0.202507011659//db//plugins/boardmanager/
2025-08-15 17:09:25,996 [WARN] ApiDb:259 - Overriding images path with different value:  => /home/uttkarsh_8/st/stm32cubeide_1.19.0_2/plugins/com.st.stm32cube.common.mx_6.15.0.202507011659//db//plugins/mcufinder/images/
2025-08-15 17:09:25,999 [INFO] ApiDb:250 - Set database path to: /home/uttkarsh_8/.stmcufinder/plugins/mcufinder//mcu/
2025-08-15 17:09:26,000 [INFO] DbMcusAds:125 - Set database path to: /home/uttkarsh_8/.stmcufinder/plugins/mcufinder//mcu/
2025-08-15 17:09:26,001 [INFO] CrossReferenceDbSqlite:203 - Set database path to: /home/uttkarsh_8/.stmcufinder/plugins/mcufinder//mcu/cs/
2025-08-15 17:09:26,072 [INFO] RulesReader:64 - Compatibility file has been processed (317 Rules)
2025-08-15 17:09:26,108 [INFO] DbMcusXml:78 - Set database path to: /home/uttkarsh_8/st/stm32cubeide_1.19.0_2/plugins/com.st.stm32cube.common.mx_6.15.0.202507011659//db//mcu/
2025-08-15 17:09:26,108 [INFO] ApiDb:274 - Set plugin database path to: /home/uttkarsh_8/st/stm32cubeide_1.19.0_2/plugins/com.st.stm32cube.common.mx_6.15.0.202507011659//db//plugins/boardmanager/
2025-08-15 17:09:26,109 [INFO] ApiDb:261 - Set plugin images path to: /home/uttkarsh_8/st/stm32cubeide_1.19.0_2/plugins/com.st.stm32cube.common.mx_6.15.0.202507011659//db//plugins/mcufinder/images/
2025-08-15 17:09:26,109 [WARN] DbFile:41 - Overriding database path with different value: /home/uttkarsh_8/.stmcufinder/plugins/mcufinder/ => /home/uttkarsh_8/.stmcufinder/plugins/mcufinder
2025-08-15 17:09:26,109 [INFO] ApiDb:250 - Set database path to: /home/uttkarsh_8/.stmcufinder/plugins/mcufinder//mcu/
2025-08-15 17:09:26,109 [WARN] DbFile:41 - Overriding database path with different value: /home/uttkarsh_8/.stmcufinder/plugins/mcufinder/ => /home/uttkarsh_8/.stmcufinder/plugins/mcufinder
2025-08-15 17:09:26,109 [INFO] DbMcusAds:125 - Set database path to: /home/uttkarsh_8/.stmcufinder/plugins/mcufinder//mcu/
2025-08-15 17:09:26,109 [WARN] DbFile:41 - Overriding database path with different value: /home/uttkarsh_8/.stmcufinder/plugins/mcufinder/ => /home/uttkarsh_8/.stmcufinder/plugins/mcufinder
2025-08-15 17:09:26,109 [WARN] DbFile:41 - Overriding database path with different value: /home/uttkarsh_8/.stmcufinder/plugins/mcufinder/ => /home/uttkarsh_8/.stmcufinder/plugins/mcufinder
2025-08-15 17:09:26,109 [INFO] CrossReferenceDbSqlite:203 - Set database path to: /home/uttkarsh_8/.stmcufinder/plugins/mcufinder//mcu/cs/
2025-08-15 17:09:26,150 [INFO] MainPanel:274 - HeapMemory: 241172480
2025-08-15 17:09:26,262 [INFO] DbMcusXml:78 - Set database path to: /home/uttkarsh_8/st/stm32cubeide_1.19.0_2/plugins/com.st.stm32cube.common.mx_6.15.0.202507011659//db//mcu/
2025-08-15 17:09:26,262 [INFO] ApiDb:274 - Set plugin database path to: /home/uttkarsh_8/st/stm32cubeide_1.19.0_2/plugins/com.st.stm32cube.common.mx_6.15.0.202507011659//db//plugins/boardmanager/
2025-08-15 17:09:26,262 [INFO] ApiDb:261 - Set plugin images path to: /home/uttkarsh_8/st/stm32cubeide_1.19.0_2/plugins/com.st.stm32cube.common.mx_6.15.0.202507011659//db//plugins/mcufinder/images/
2025-08-15 17:09:26,262 [WARN] DbFile:41 - Overriding database path with different value: /home/uttkarsh_8/.stmcufinder/plugins/mcufinder/ => /home/uttkarsh_8/.stmcufinder/plugins/mcufinder
2025-08-15 17:09:26,262 [INFO] ApiDb:250 - Set database path to: /home/uttkarsh_8/.stmcufinder/plugins/mcufinder//mcu/
2025-08-15 17:09:26,263 [WARN] DbFile:41 - Overriding database path with different value: /home/uttkarsh_8/.stmcufinder/plugins/mcufinder/ => /home/uttkarsh_8/.stmcufinder/plugins/mcufinder
2025-08-15 17:09:26,263 [INFO] DbMcusAds:125 - Set database path to: /home/uttkarsh_8/.stmcufinder/plugins/mcufinder//mcu/
2025-08-15 17:09:26,263 [WARN] DbFile:41 - Overriding database path with different value: /home/uttkarsh_8/.stmcufinder/plugins/mcufinder/ => /home/uttkarsh_8/.stmcufinder/plugins/mcufinder
2025-08-15 17:09:26,263 [WARN] DbFile:41 - Overriding database path with different value: /home/uttkarsh_8/.stmcufinder/plugins/mcufinder/ => /home/uttkarsh_8/.stmcufinder/plugins/mcufinder
2025-08-15 17:09:26,263 [INFO] CrossReferenceDbSqlite:203 - Set database path to: /home/uttkarsh_8/.stmcufinder/plugins/mcufinder//mcu/cs/
2025-08-15 17:09:26,271 [INFO] ApplicationProperties:184 - Using Application install path: /home/uttkarsh_8/st/stm32cubeide_1.19.0_2/plugins/com.st.stm32cube.common.mx_6.15.0.202507011659
2025-08-15 17:09:26,272 [INFO] PluginManage:196 - Search for loadable plugins [exclusion list=, ]
2025-08-15 17:09:26,273 [INFO] PluginManage:310 - Check plugin analytics
2025-08-15 17:09:26,398 [INFO] AnalyticsPlugin:253 - Accepted Software Licenses: 
2025-08-15 17:09:26,398 [INFO] AnalyticsPlugin:255 - Accepted CMSIS Pack Licenses: 
2025-08-15 17:09:26,398 [INFO] AnalyticsPlugin:257 - Accepted Firmware Licenses: 
2025-08-15 17:09:26,400 [INFO] PluginManage:359 - Loaded plugin analytics (category:tool,tabindex:-1)
2025-08-15 17:09:26,400 [INFO] PluginManage:310 - Check plugin cadmodel
2025-08-15 17:09:26,405 [INFO] CADModel:105 - Init CAD model plugin
2025-08-15 17:09:26,405 [INFO] PluginManage:359 - Loaded plugin cadmodel (category:power,tabindex:5)
2025-08-15 17:09:26,406 [INFO] PluginManage:310 - Check plugin clock
2025-08-15 17:09:26,413 [INFO] PluginManage:359 - Loaded plugin clock (category:base,tabindex:2)
2025-08-15 17:09:26,413 [INFO] PluginManage:310 - Check plugin ddr
2025-08-15 17:09:26,415 [INFO] PluginManage:359 - Loaded plugin ddr (category:tool,tabindex:6)
2025-08-15 17:09:26,415 [INFO] PluginManage:310 - Check plugin filemanager
2025-08-15 17:09:26,516 [INFO] PluginManage:359 - Loaded plugin filemanager (category:base,tabindex:10)
2025-08-15 17:09:26,516 [INFO] PluginManage:310 - Check plugin ipmanager
2025-08-15 17:09:26,520 [INFO] PluginManage:359 - Loaded plugin ipmanager (category:base,tabindex:5)
2025-08-15 17:09:26,520 [INFO] PluginManage:310 - Check plugin lpbam
2025-08-15 17:09:26,529 [INFO] PluginManage:359 - Loaded plugin lpbam (category:base,tabindex:0)
2025-08-15 17:09:26,529 [INFO] PluginManage:310 - Check plugin memorymap
2025-08-15 17:09:26,536 [INFO] PluginManage:359 - Loaded plugin memorymap (category:base,tabindex:4)
2025-08-15 17:09:26,536 [INFO] PluginManage:310 - Check plugin pinoutandconfiguration
2025-08-15 17:09:26,541 [INFO] PluginManage:359 - Loaded plugin pinoutandconfiguration (category:base,tabindex:1)
2025-08-15 17:09:26,541 [INFO] PluginManage:310 - Check plugin pinoutconfig
2025-08-15 17:09:26,594 [WARN] SupportedApi:132 - Cannot load RTOS API schema: s4s-elt-must-match.1: The content of 'definitions' must match (annotation?, (simpleType | complexType)?, (unique | key | keyref)*)). A problem was found starting at: attribute.
2025-08-15 17:09:26,680 [INFO] PluginManage:359 - Loaded plugin pinoutconfig (category:base,tabindex:0)
2025-08-15 17:09:26,680 [INFO] PluginManage:310 - Check plugin power
2025-08-15 17:09:26,688 [INFO] PluginManage:359 - Loaded plugin power (category:power,tabindex:4)
2025-08-15 17:09:26,688 [INFO] PluginManage:310 - Check plugin projectmanager
2025-08-15 17:09:26,698 [INFO] PluginManage:359 - Loaded plugin projectmanager (category:projectmanager,tabindex:4)
2025-08-15 17:09:26,699 [INFO] PluginManage:310 - Check plugin rif
2025-08-15 17:09:26,706 [INFO] PluginManage:359 - Loaded plugin rif (category:base,tabindex:3)
2025-08-15 17:09:26,706 [INFO] PluginManage:310 - Check plugin thirdparty
2025-08-15 17:09:26,783 [INFO] PluginManage:359 - Loaded plugin thirdparty (category:base,tabindex:-1)
2025-08-15 17:09:26,783 [WARN] IntegrityCheckThread:84 - waiting for thirdparty lock release [integrity check]
2025-08-15 17:09:26,783 [INFO] PluginManage:310 - Check plugin tools
2025-08-15 17:09:26,783 [INFO] IntegrityCheckThread:86 - entering critical section [integrity check]
2025-08-15 17:09:26,783 [INFO] ThirdPartyUpdaterWithRetryManager:70 - Updater plugin not ready yet. [1/15]
2025-08-15 17:09:26,785 [INFO] PluginManage:359 - Loaded plugin tools (category:base,tabindex:7)
2025-08-15 17:09:26,785 [INFO] PluginManage:310 - Check plugin tutovideos
2025-08-15 17:09:26,912 [INFO] PluginManage:359 - Loaded plugin tutovideos (category:base,tabindex:-1)
2025-08-15 17:09:26,912 [INFO] PluginManage:310 - Check plugin updater
2025-08-15 17:09:26,930 [INFO] PluginManage:359 - Loaded plugin updater (category:base,tabindex:12)
2025-08-15 17:09:26,930 [INFO] PluginManage:310 - Check plugin userauth
2025-08-15 17:09:26,934 [INFO] UserAuth:118 - Init User Auth plugin
2025-08-15 17:09:26,935 [INFO] PluginManage:359 - Loaded plugin userauth (category:base,tabindex:14)
2025-08-15 17:09:26,935 [INFO] PluginManage:283 - PluginManage : Loaded plugins [18]
2025-08-15 17:09:27,051 [INFO] PinOutPanel:1589 - setPackage(No Configuration,No Configuration)
2025-08-15 17:09:27,100 [INFO] CADModel:165 - CPN selected for project level
2025-08-15 17:09:27,101 [INFO] CADModel:114 - Register for checkConnection events
2025-08-15 17:09:27,114 [INFO] IPUIPlugin:80 - create IPUIPlugin
2025-08-15 17:09:27,115 [INFO] PluginManager:220 - loadIPPluginJar : add adc
2025-08-15 17:09:27,116 [INFO] IPUIPlugin:80 - create IPUIPlugin
2025-08-15 17:09:27,117 [INFO] PluginManager:220 - loadIPPluginJar : add aes
2025-08-15 17:09:27,118 [INFO] IPUIPlugin:80 - create IPUIPlugin
2025-08-15 17:09:27,118 [INFO] PluginManager:220 - loadIPPluginJar : add can
2025-08-15 17:09:27,119 [INFO] IPUIPlugin:80 - create IPUIPlugin
2025-08-15 17:09:27,119 [INFO] PluginManager:220 - loadIPPluginJar : add comp
2025-08-15 17:09:27,120 [INFO] IPUIPlugin:80 - create IPUIPlugin
2025-08-15 17:09:27,120 [INFO] PluginManager:220 - loadIPPluginJar : add cryp
2025-08-15 17:09:27,122 [INFO] IPUIPlugin:80 - create IPUIPlugin
2025-08-15 17:09:27,122 [INFO] PluginManager:220 - loadIPPluginJar : add ddr_ctrl_phy
2025-08-15 17:09:27,124 [INFO] IPUIPlugin:80 - create IPUIPlugin
2025-08-15 17:09:27,124 [INFO] PluginManager:220 - loadIPPluginJar : add dfsdm
2025-08-15 17:09:27,127 [INFO] IPUIPlugin:80 - create IPUIPlugin
2025-08-15 17:09:27,128 [INFO] PluginManager:220 - loadIPPluginJar : add dma
2025-08-15 17:09:27,129 [INFO] IPUIPlugin:80 - create IPUIPlugin
2025-08-15 17:09:27,129 [INFO] PluginManager:220 - loadIPPluginJar : add dma3
2025-08-15 17:09:27,130 [INFO] IPUIPlugin:80 - create IPUIPlugin
2025-08-15 17:09:27,130 [INFO] PluginManager:220 - loadIPPluginJar : add extmemmanager
2025-08-15 17:09:27,131 [INFO] IPUIPlugin:80 - create IPUIPlugin
2025-08-15 17:09:27,131 [INFO] PluginManager:220 - loadIPPluginJar : add fatfs
2025-08-15 17:09:27,134 [INFO] IPUIPlugin:80 - create IPUIPlugin
2025-08-15 17:09:27,134 [INFO] PluginManager:220 - loadIPPluginJar : add fmc
2025-08-15 17:09:27,138 [INFO] IPUIPlugin:80 - create IPUIPlugin
2025-08-15 17:09:27,138 [INFO] PluginManager:220 - loadIPPluginJar : add freertos
2025-08-15 17:09:27,139 [INFO] IPUIPlugin:80 - create IPUIPlugin
2025-08-15 17:09:27,139 [INFO] PluginManager:220 - loadIPPluginJar : add genericplugin
2025-08-15 17:09:27,140 [INFO] IPUIPlugin:80 - create IPUIPlugin
2025-08-15 17:09:27,140 [INFO] PluginManager:220 - loadIPPluginJar : add gfxmmu
2025-08-15 17:09:27,143 [INFO] IPUIPlugin:80 - create IPUIPlugin
2025-08-15 17:09:27,143 [INFO] PluginManager:220 - loadIPPluginJar : add gic
2025-08-15 17:09:27,145 [INFO] IPUIPlugin:80 - create IPUIPlugin
2025-08-15 17:09:27,146 [INFO] PluginManager:220 - loadIPPluginJar : add gpio
2025-08-15 17:09:27,147 [INFO] IPUIPlugin:80 - create IPUIPlugin
2025-08-15 17:09:27,147 [INFO] PluginManager:220 - loadIPPluginJar : add gtzc
2025-08-15 17:09:27,148 [INFO] IPUIPlugin:80 - create IPUIPlugin
2025-08-15 17:09:27,148 [INFO] PluginManager:220 - loadIPPluginJar : add hash
2025-08-15 17:09:27,149 [INFO] IPUIPlugin:80 - create IPUIPlugin
2025-08-15 17:09:27,149 [INFO] PluginManager:220 - loadIPPluginJar : add i2c
2025-08-15 17:09:27,151 [INFO] IPUIPlugin:80 - create IPUIPlugin
2025-08-15 17:09:27,151 [INFO] PluginManager:220 - loadIPPluginJar : add i2s
2025-08-15 17:09:27,152 [INFO] IPUIPlugin:80 - create IPUIPlugin
2025-08-15 17:09:27,152 [INFO] PluginManager:220 - loadIPPluginJar : add i3c
2025-08-15 17:09:27,154 [INFO] IPUIPlugin:80 - create IPUIPlugin
2025-08-15 17:09:27,155 [INFO] PluginManager:220 - loadIPPluginJar : add ipddr
2025-08-15 17:09:27,158 [INFO] IPUIPlugin:80 - create IPUIPlugin
2025-08-15 17:09:27,158 [INFO] PluginManager:220 - loadIPPluginJar : add linkedlist
2025-08-15 17:09:27,160 [INFO] IPUIPlugin:80 - create IPUIPlugin
2025-08-15 17:09:27,160 [INFO] PluginManager:220 - loadIPPluginJar : add lorawan
2025-08-15 17:09:27,160 [INFO] IPUIPlugin:80 - create IPUIPlugin
2025-08-15 17:09:27,160 [INFO] PluginManager:220 - loadIPPluginJar : add ltdc
2025-08-15 17:09:27,163 [INFO] IPUIPlugin:80 - create IPUIPlugin
2025-08-15 17:09:27,163 [INFO] PluginManager:220 - loadIPPluginJar : add mdma
2025-08-15 17:09:27,167 [INFO] IPUIPlugin:80 - create IPUIPlugin
2025-08-15 17:09:27,167 [INFO] PluginManager:220 - loadIPPluginJar : add nvic
2025-08-15 17:09:27,168 [INFO] IPUIPlugin:80 - create IPUIPlugin
2025-08-15 17:09:27,168 [INFO] PluginManager:220 - loadIPPluginJar : add opamp
2025-08-15 17:09:27,170 [INFO] IPUIPlugin:80 - create IPUIPlugin
2025-08-15 17:09:27,170 [INFO] PluginManager:220 - loadIPPluginJar : add openamp
2025-08-15 17:09:27,171 [INFO] IPUIPlugin:80 - create IPUIPlugin
2025-08-15 17:09:27,171 [INFO] PluginManager:220 - loadIPPluginJar : add pdm2pcm
2025-08-15 17:09:27,175 [INFO] IPUIPlugin:80 - create IPUIPlugin
2025-08-15 17:09:27,177 [INFO] PluginManager:220 - loadIPPluginJar : add plateformsettings
2025-08-15 17:09:27,178 [INFO] IPUIPlugin:80 - create IPUIPlugin
2025-08-15 17:09:27,178 [INFO] PluginManager:220 - loadIPPluginJar : add quadspi
2025-08-15 17:09:27,178 [INFO] IPUIPlugin:80 - create IPUIPlugin
2025-08-15 17:09:27,179 [INFO] PluginManager:220 - loadIPPluginJar : add radio
2025-08-15 17:09:27,181 [INFO] IPUIPlugin:80 - create IPUIPlugin
2025-08-15 17:09:27,181 [INFO] PluginManager:220 - loadIPPluginJar : add resmgrutility
2025-08-15 17:09:27,183 [INFO] IPUIPlugin:80 - create IPUIPlugin
2025-08-15 17:09:27,183 [INFO] PluginManager:220 - loadIPPluginJar : add sai
2025-08-15 17:09:27,184 [INFO] IPUIPlugin:80 - create IPUIPlugin
2025-08-15 17:09:27,184 [INFO] PluginManager:220 - loadIPPluginJar : add spi
2025-08-15 17:09:27,188 [INFO] IPUIPlugin:80 - create IPUIPlugin
2025-08-15 17:09:27,188 [INFO] PluginManager:220 - loadIPPluginJar : add stm32_wpan
2025-08-15 17:09:27,189 [INFO] IPUIPlugin:80 - create IPUIPlugin
2025-08-15 17:09:27,189 [INFO] PluginManager:220 - loadIPPluginJar : add tim
2025-08-15 17:09:27,190 [INFO] IPUIPlugin:80 - create IPUIPlugin
2025-08-15 17:09:27,190 [INFO] PluginManager:220 - loadIPPluginJar : add touchsensing
2025-08-15 17:09:27,191 [INFO] IPUIPlugin:80 - create IPUIPlugin
2025-08-15 17:09:27,191 [INFO] PluginManager:220 - loadIPPluginJar : add tracer_emb
2025-08-15 17:09:27,192 [INFO] IPUIPlugin:80 - create IPUIPlugin
2025-08-15 17:09:27,192 [INFO] PluginManager:220 - loadIPPluginJar : add ts
2025-08-15 17:09:27,193 [INFO] IPUIPlugin:80 - create IPUIPlugin
2025-08-15 17:09:27,193 [INFO] PluginManager:220 - loadIPPluginJar : add tsc
2025-08-15 17:09:27,194 [INFO] IPUIPlugin:80 - create IPUIPlugin
2025-08-15 17:09:27,194 [INFO] PluginManager:220 - loadIPPluginJar : add ucpd
2025-08-15 17:09:27,195 [INFO] IPUIPlugin:80 - create IPUIPlugin
2025-08-15 17:09:27,195 [INFO] PluginManager:220 - loadIPPluginJar : add usart
2025-08-15 17:09:27,197 [INFO] IPUIPlugin:80 - create IPUIPlugin
2025-08-15 17:09:27,197 [INFO] PluginManager:220 - loadIPPluginJar : add usbx
2025-08-15 17:09:27,293 [FATAL] Updater:351 - Updater called before beeing initialized
2025-08-15 17:09:27,309 [INFO] RulesReader:64 - Compatibility file has been processed (317 Rules)
2025-08-15 17:09:27,316 [INFO] RulesReader:64 - Compatibility file has been processed (317 Rules)
2025-08-15 17:09:27,321 [INFO] CADModel:165 - CPN selected for project level
2025-08-15 17:09:27,321 [INFO] CADModel:114 - Register for checkConnection events
2025-08-15 17:09:27,321 [FATAL] Updater:351 - Updater called before beeing initialized
2025-08-15 17:09:27,321 [ERROR] CADModel:125 - Updater not yet initialized, retry later 
2025-08-15 17:09:27,396 [FATAL] Updater:351 - Updater called before beeing initialized
2025-08-15 17:09:27,397 [INFO] CADModel:165 - CPN selected for project level
2025-08-15 17:09:27,397 [INFO] CADModel:114 - Register for checkConnection events
2025-08-15 17:09:27,397 [FATAL] Updater:351 - Updater called before beeing initialized
2025-08-15 17:09:27,397 [ERROR] CADModel:125 - Updater not yet initialized, retry later 
2025-08-15 17:09:27,399 [FATAL] Updater:351 - Updater called before beeing initialized
2025-08-15 17:09:27,493 [FATAL] Updater:351 - Updater called before beeing initialized
2025-08-15 17:09:27,497 [INFO] DbMcusAds:53 - JSON generation date=Tue Jul 08 13:44:23 IST 2025 (1751962463593)
2025-08-15 17:09:27,497 [FATAL] Updater:351 - Updater called before beeing initialized
2025-08-15 17:09:27,527 [WARN] DetailPanel:346 - Failed to get advertising image, set to default
2025-08-15 17:09:27,585 [FATAL] Updater:351 - Updater called before beeing initialized
2025-08-15 17:09:27,587 [FATAL] Updater:351 - Updater called before beeing initialized
2025-08-15 17:09:27,587 [FATAL] Updater:351 - Updater called before beeing initialized
2025-08-15 17:09:27,587 [WARN] DetailPanel:346 - Failed to get advertising image, set to default
2025-08-15 17:09:27,588 [FATAL] Updater:351 - Updater called before beeing initialized
2025-08-15 17:09:27,609 [ERROR] Updater:1198 - MainUpdater not yet initialized. External WinMGr cannot be set.
2025-08-15 17:09:27,611 [INFO] Updater:1134 - Updater Version found : 6.15.0
2025-08-15 17:09:27,625 [INFO] ApplicationProperties:184 - Using Application install path: /home/uttkarsh_8/st/stm32cubeide_1.19.0_2/plugins/com.st.stm32cube.common.mx_6.15.0.202507011659
2025-08-15 17:09:28,092 [INFO] MainUpdater:2872 - connection check result : 10
2025-08-15 17:09:28,093 [INFO] MainUpdater:289 - Updater Check For Update Now.
2025-08-15 17:09:28,093 [INFO] MicroXplorer:498 - Change Database Version : DB.6.0.150
2025-08-15 17:09:28,099 [INFO] McuFinderGlobals:63 - Set McuFinder mode to 2 (CubeIDE integrated)
2025-08-15 17:09:28,099 [INFO] UserAuth:487 - Internet connection configuration mode: 1
2025-08-15 17:09:28,117 [INFO] JxBrowserEngine:152 - Initiate JxBrowser Engine with user profile folder
2025-08-15 17:09:28,247 [INFO] CheckServerUpdateThread:120 - End of CheckServer Thread
2025-08-15 17:09:28,797 [INFO] WebApp:169 - Instantiating new browser for Auth
2025-08-15 17:09:29,150 [INFO] WebApp:463 - Apply proxy settings
2025-08-15 17:09:29,150 [INFO] WebApp:548 - Chromium requires no authentication
2025-08-15 17:09:29,155 [INFO] WebApp:491 - Direct internet connection detected
2025-08-15 17:09:29,166 [INFO] WebApp:900 - Register for checkConnection events
2025-08-15 17:09:29,166 [INFO] WebApp:463 - Apply proxy settings
2025-08-15 17:09:29,167 [INFO] WebApp:548 - Chromium requires no authentication
2025-08-15 17:09:29,167 [INFO] WebApp:491 - Direct internet connection detected
2025-08-15 17:09:29,245 [INFO] WebApp:225 - Starting web application
2025-08-15 17:09:29,246 [INFO] WebApp:593 - Web application path used /home/uttkarsh_8/st/stm32cubeide_1.19.0_2/plugins/com.st.stm32cube.common.mx_6.15.0.202507011659/db/plugins/mcufinder/reactClient1/index.html
2025-08-15 17:09:29,310 [INFO] UserAuth:487 - Internet connection configuration mode: 1
2025-08-15 17:09:29,884 [WARN] PackLoader:240 - Cannot read IP mode file for STMicroelectronics.FP-SNS-MOTENVWB1.1.4.0
2025-08-15 17:09:29,889 [WARN] PackLoader:240 - Cannot read IP mode file for STMicroelectronics.FP-ATR-ASTRA1.2.0.2
2025-08-15 17:09:29,894 [WARN] PackLoader:240 - Cannot read IP mode file for STMicroelectronics.X-CUBE-SMBUS.2.1.0
2025-08-15 17:09:29,897 [WARN] PackLoader:240 - Cannot read IP mode file for STMicroelectronics.X-CUBE-ST60.1.0.0
2025-08-15 17:09:29,922 [WARN] PackLoader:240 - Cannot read IP mode file for STMicroelectronics.X-CUBE-AZRTOS-F7.1.1.0
2025-08-15 17:09:29,944 [WARN] PackLoader:240 - Cannot read IP mode file for Infineon.AIROC-Wi-Fi-Bluetooth-STM32.1.7.1
2025-08-15 17:09:29,978 [WARN] PackLoader:240 - Cannot read IP mode file for STMicroelectronics.X-CUBE-AZRTOS-H7.3.4.0
2025-08-15 17:09:29,989 [WARN] PackLoader:240 - Cannot read IP mode file for STMicroelectronics.X-CUBE-DISPLAY.3.0.0
2025-08-15 17:09:30,001 [WARN] PackLoader:240 - Cannot read IP mode file for STMicroelectronics.X-CUBE-NFC10.1.0.0
2025-08-15 17:09:30,007 [WARN] PackLoader:240 - Cannot read IP mode file for emotas.I-CUBE-CANOPEN.1.3.0
2025-08-15 17:09:30,014 [WARN] PackLoader:240 - Cannot read IP mode file for STMicroelectronics.FP-SNS-STBOX1.2.1.0
2025-08-15 17:09:30,020 [WARN] PackLoader:240 - Cannot read IP mode file for STMicroelectronics.FP-SNS-SMARTAG2.1.2.0
2025-08-15 17:09:30,024 [WARN] PackLoader:240 - Cannot read IP mode file for STMicroelectronics.FP-SNS-FLIGHT1.5.1.0
2025-08-15 17:09:30,030 [INFO] LogOutputStream:77 - [STDOUT_REDIRECT] 1 : Invalid condition id : UX_CORESTACK_Condition cause : null
2025-08-15 17:09:30,031 [INFO] LogOutputStream:77 - [STDOUT_REDIRECT] 1 : Invalid condition id : UX_CORESTACK_Condition cause : null
2025-08-15 17:09:30,031 [INFO] LogOutputStream:77 - [STDOUT_REDIRECT] 1 : Invalid condition id : UX_CORESTACK_Condition cause : null
2025-08-15 17:09:30,031 [INFO] LogOutputStream:77 - [STDOUT_REDIRECT] 1 : Invalid condition id : UX_CORESTACK_Condition cause : null
2025-08-15 17:09:30,031 [INFO] LogOutputStream:77 - [STDOUT_REDIRECT] 1 : Invalid condition id : UX_CORESTACK_Condition cause : null
2025-08-15 17:09:30,033 [WARN] PackLoader:240 - Cannot read IP mode file for STMicroelectronics.X-CUBE-AZRTOS-WL.2.0.0
2025-08-15 17:09:30,038 [WARN] PackLoader:240 - Cannot read IP mode file for STMicroelectronics.FP-SNS-MOTENV1.5.0.0
2025-08-15 17:09:30,043 [WARN] PackLoader:240 - Cannot read IP mode file for STMicroelectronics.X-CUBE-BLE2.3.3.0
2025-08-15 17:09:30,049 [WARN] PackLoader:240 - Cannot read IP mode file for STMicroelectronics.X-CUBE-NFC9.1.0.0
2025-08-15 17:09:30,054 [WARN] PackLoader:240 - Cannot read IP mode file for wolfSSL.I-CUBE-wolfSSL.5.8.2
2025-08-15 17:09:30,058 [WARN] PackLoader:240 - Cannot read IP mode file for STMicroelectronics.X-CUBE-BLE1.7.1.0
2025-08-15 17:09:30,061 [WARN] PackLoader:240 - Cannot read IP mode file for wolfSSL.I-CUBE-wolfMQTT.1.19.2
2025-08-15 17:09:30,066 [WARN] PackLoader:240 - Cannot read IP mode file for STMicroelectronics.X-CUBE-EEPRMA1.5.2.0
2025-08-15 17:09:30,084 [WARN] PackLoader:240 - Cannot read IP mode file for STMicroelectronics.X-CUBE-AZRTOS-G0.1.1.0
2025-08-15 17:09:30,091 [WARN] PackLoader:240 - Cannot read IP mode file for STMicroelectronics.X-CUBE-SAFEA1.1.2.2
2025-08-15 17:09:30,096 [WARN] PackLoader:240 - Cannot read IP mode file for STMicroelectronics.X-CUBE-NFC4.3.0.0
2025-08-15 17:09:30,104 [WARN] PackLoader:240 - Cannot read IP mode file for EmbeddedOffice.I-CUBE-FS-RTOS.1.0.1
2025-08-15 17:09:30,109 [WARN] PackLoader:240 - Cannot read IP mode file for STMicroelectronics.X-CUBE-WB05N.2.0.0
2025-08-15 17:09:30,112 [WARN] PackLoader:240 - Cannot read IP mode file for wolfSSL.I-CUBE-wolfTPM.3.8.0
2025-08-15 17:09:30,117 [WARN] PackLoader:240 - Cannot read IP mode file for STMicroelectronics.X-CUBE-TCPP.4.2.0
2025-08-15 17:09:30,122 [WARN] PackLoader:240 - Cannot read IP mode file for RealThread.X-CUBE-RT-Thread_Nano.4.1.1
2025-08-15 17:09:30,125 [WARN] PackLoader:240 - Cannot read IP mode file for STMicroelectronics.FP-ATR-SIGFOX1.3.2.0
2025-08-15 17:09:30,129 [WARN] PackLoader:240 - Cannot read IP mode file for STMicroelectronics.X-CUBE-ST67W61.1.0.0
2025-08-15 17:09:30,133 [WARN] PackLoader:240 - Cannot read IP mode file for STMicroelectronics.X-CUBE-AI.10.2.0
2025-08-15 17:09:30,160 [WARN] PackLoader:240 - Cannot read IP mode file for SEGGER.I-CUBE-embOS.1.3.1
2025-08-15 17:09:30,217 [WARN] PackLoader:240 - Cannot read IP mode file for STMicroelectronics.X-CUBE-ALGOBUILD.1.4.0
2025-08-15 17:09:30,259 [WARN] PackLoader:240 - Cannot read IP mode file for STMicroelectronics.X-CUBE-MEMS1.11.3.0
2025-08-15 17:09:30,367 [WARN] PackLoader:240 - Cannot read IP mode file for STMicroelectronics.X-CUBE-PM33A1.1.0.0
2025-08-15 17:09:30,403 [WARN] PackLoader:240 - Cannot read IP mode file for STMicroelectronics.X-CUBE-AZRTOS-F4.1.1.0
2025-08-15 17:09:30,416 [WARN] PackLoader:240 - Cannot read IP mode file for Avnet-IotConnect.X-CUBE-IoTC-DA16k-PMOD.1.0.0
2025-08-15 17:09:30,421 [WARN] PackLoader:240 - Cannot read IP mode file for STMicroelectronics.X-CUBE-ISPU.2.1.0
2025-08-15 17:09:30,428 [WARN] PackLoader:240 - Cannot read IP mode file for STMicroelectronics.X-CUBE-NFC12.1.0.0
2025-08-15 17:09:30,455 [WARN] PackLoader:240 - Cannot read IP mode file for STMicroelectronics.X-CUBE-AZRTOS-L5.2.0.0
2025-08-15 17:09:30,460 [INFO] WebApp:191 - Connection restablished
2025-08-15 17:09:30,469 [WARN] PackLoader:240 - Cannot read IP mode file for STMicroelectronics.X-CUBE-NFC6.3.1.0
2025-08-15 17:09:30,479 [WARN] PackLoader:240 - Cannot read IP mode file for STMicroelectronics.X-CUBE-FREERTOS.1.3.1
2025-08-15 17:09:30,485 [WARN] PackLoader:240 - Cannot read IP mode file for STMicroelectronics.FP-SNS-STAIOTCFT.1.0.0
2025-08-15 17:09:30,490 [WARN] PackLoader:240 - Cannot read IP mode file for STMicroelectronics.X-CUBE-DPower.1.3.0
2025-08-15 17:09:30,528 [WARN] ConditionMgr:438 - getConditionDescription Invalid condition id : LAN8742 Phy interface Condition cause : null
2025-08-15 17:09:30,529 [WARN] PackLoader:240 - Cannot read IP mode file for STMicroelectronics.X-CUBE-AZRTOS-L4.2.0.0
2025-08-15 17:09:30,530 [WARN] ConditionMgr:1044 - genDependencies : Invalid condition id : LAN8742 Phy interface Condition cause : null
2025-08-15 17:09:30,530 [WARN] ConditionMgr:1044 - genDependencies : Invalid condition id : LAN8742 Phy interface Condition cause : null
2025-08-15 17:09:30,530 [WARN] ConditionMgr:1044 - genDependencies : Invalid condition id : LAN8742 Phy interface Condition cause : null
2025-08-15 17:09:30,545 [WARN] PackLoader:240 - Cannot read IP mode file for STMicroelectronics.X-CUBE-SFXS2LP1.4.0.0
2025-08-15 17:09:30,560 [WARN] PackLoader:240 - Cannot read IP mode file for STMicroelectronics.X-CUBE-BLEMGR.4.1.0
2025-08-15 17:09:30,579 [WARN] ConditionMgr:438 - getConditionDescription Invalid condition id : UX DEVICE CLASS RTOS Condition cause : null
2025-08-15 17:09:30,580 [WARN] ConditionMgr:438 - getConditionDescription Invalid condition id : UX DEVICE CLASS RTOS Condition cause : null
2025-08-15 17:09:30,583 [WARN] PackLoader:240 - Cannot read IP mode file for STMicroelectronics.X-CUBE-AZRTOS-WB.2.0.0
2025-08-15 17:09:30,584 [WARN] ConditionMgr:1044 - genDependencies : Invalid condition id : UX DEVICE CLASS RTOS Condition cause : null
2025-08-15 17:09:30,584 [WARN] ConditionMgr:1044 - genDependencies : Invalid condition id : UX DEVICE CLASS RTOS Condition cause : null
2025-08-15 17:09:30,585 [WARN] ConditionMgr:1044 - genDependencies : Invalid condition id : UX DEVICE CLASS RTOS Condition cause : null
2025-08-15 17:09:30,585 [WARN] ConditionMgr:1044 - genDependencies : Invalid condition id : UX DEVICE CLASS RTOS Condition cause : null
2025-08-15 17:09:30,585 [WARN] ConditionMgr:1044 - genDependencies : Invalid condition id : UX DEVICE CLASS RTOS Condition cause : null
2025-08-15 17:09:30,591 [WARN] PackLoader:240 - Cannot read IP mode file for STMicroelectronics.X-CUBE-GNSS1.7.0.1
2025-08-15 17:09:30,597 [WARN] PackLoader:240 - Cannot read IP mode file for STMicroelectronics.X-CUBE-TOUCHGFX.4.25.0
2025-08-15 17:09:30,600 [WARN] ConditionMgr:438 - getConditionDescription Invalid condition id : Cortex-A Device cause : null
2025-08-15 17:09:30,615 [WARN] ConditionMgr:1044 - genDependencies : Invalid condition id : Cortex-A Device cause : null
2025-08-15 17:09:30,615 [WARN] ConditionMgr:1044 - genDependencies : Invalid condition id : Cortex-A Device cause : null
2025-08-15 17:09:30,615 [WARN] ConditionMgr:1044 - genDependencies : Invalid condition id : Cortex-A Device cause : null
2025-08-15 17:09:30,628 [WARN] PackLoader:240 - Cannot read IP mode file for STMicroelectronics.X-CUBE-SUBG2.5.0.0
2025-08-15 17:09:30,649 [WARN] PackLoader:240 - Cannot read IP mode file for STMicroelectronics.X-CUBE-AZRTOS-H7RS.1.1.0
2025-08-15 17:09:30,653 [WARN] PackLoader:240 - Cannot read IP mode file for Cesanta.I-CUBE-Mongoose.7.13.0
2025-08-15 17:09:30,662 [WARN] PackLoader:240 - Cannot read IP mode file for STMicroelectronics.X-CUBE-AZRTOS-G4.2.0.0
2025-08-15 17:09:30,666 [WARN] PackLoader:240 - Cannot read IP mode file for wolfSSL.I-CUBE-wolfSSH.1.4.20
2025-08-15 17:09:30,669 [WARN] PackLoader:240 - Cannot read IP mode file for STMicroelectronics.X-CUBE-NFC7.2.0.0
2025-08-15 17:09:30,681 [WARN] PackLoader:240 - Cannot read IP mode file for STMicroelectronics.X-CUBE-IPS.3.1.0
2025-08-15 17:09:30,689 [WARN] PackLoader:240 - Cannot read IP mode file for STMicroelectronics.X-CUBE-ALS.1.0.2
2025-08-15 17:09:30,692 [WARN] PackLoader:240 - Cannot read IP mode file for portGmbH.I-Cube-SoM-uGOAL.1.1.0
2025-08-15 17:09:30,699 [WARN] PackLoader:240 - Cannot read IP mode file for STMicroelectronics.X-CUBE-TOF1.3.4.3
2025-08-15 17:09:30,708 [INFO] ThirdParty:978 - Integrity check success = true
2025-08-15 17:09:30,708 [INFO] IntegrityCheckThread:100 - exiting critical section [integrity check]
2025-08-15 17:09:30,708 [INFO] IntegrityCheckThread:103 - End integrity checks thread
2025-08-15 17:13:46,031 [INFO] WebApp:194 - Connection lost
2025-08-15 17:13:53,272 [INFO] WebApp:191 - Connection restablished
2025-08-15 17:14:20,275 [ERROR] LogOutputStream:75 - [STDERR_REDIRECT] 
